<?xml version="1.0" encoding="UTF-8"?>
<!-- Generated by org.testng.reporters.JUnitXMLReporter -->
<testsuite hostname="ARS-NBT-LAP-068" ignored="0" name="iBridge17" tests="7" failures="0" timestamp="11 Jul 2022 13:34:19 GMT" time="158.847" errors="0">
  <testcase name="verifyEnpAdminLoginAccount" time="5.329" classname="com.iBridge.testcases.TC_PrepaidSubmitCaseIndividuallyExtended_02"/>
  <testcase name="verifyPrepaidInitiateSubmitCaseIndividually" time="45.55" classname="com.iBridge.testcases.TC_PrepaidSubmitCaseIndividuallyExtended_02"/>
  <testcase name="verifyPrepaidAmountPayableValue" time="6.21" classname="com.iBridge.testcases.TC_PrepaidSubmitCaseIndividuallyExtended_02"/>
  <testcase name="verifyPrepaidPaymentPendingCases" time="7.1" classname="com.iBridge.testcases.TC_PrepaidSubmitCaseIndividuallyExtended_02"/>
  <testcase name="verifysubmittedForVerificationBucket" time="7.272" classname="com.iBridge.testcases.TC_PrepaidSubmitCaseIndividuallyExtended_02"/>
  <testcase name="submittedCasesTrackerWipCases" time="65.908" classname="com.iBridge.testcases.TC_PrepaidSubmitCaseIndividuallyExtended_02"/>
  <testcase name="searchClientArsNoCaseList" time="15.433" classname="com.iBridge.testcases.TC_PrepaidSubmitCaseIndividuallyExtended_02"/>
</testsuite> <!-- iBridge17 -->
