<?xml version="1.0" encoding="UTF-8"?>
<!-- Generated by org.testng.reporters.JUnitXMLReporter -->
<testsuite hostname="ARS-NBT-LAP-068" ignored="0" name="iBridge17" tests="7" failures="1" timestamp="15 Jul 2022 12:10:09 GMT" time="128.268" errors="0">
  <testcase name="verifyEnpAdminLoginAccount" time="6.285" classname="com.iBridge.testcases.TC_PrepaidSubmitCaseIndividuallyExtended_02"/>
  <testcase name="verifyPrepaidInitiateSubmitCaseIndividually" time="89.773" classname="com.iBridge.testcases.TC_PrepaidSubmitCaseIndividuallyExtended_02">
    <failure type="org.openqa.selenium.ElementClickInterceptedException" message="element click intercepted: Element &amp;lt;button type=&amp;quot;submit&amp;quot; name=&amp;quot;continue&amp;quot; value=&amp;quot;Continue&amp;quot; class=&amp;quot;new-continue-btn pull-right&amp;quot; id=&amp;quot;profileSubmitForm&amp;quot;&amp;gt;...&amp;lt;/button&amp;gt; is not clickable at point (866, 537). Other element would receive the click: &amp;lt;div class=&amp;quot;loader_div&amp;quot; style=&amp;quot;&amp;quot;&amp;gt;...&amp;lt;/div&amp;gt;
  (Session info: chrome=101.0.4951.54)
Build info: version: &amp;apos;3.14.0&amp;apos;, revision: &amp;apos;aacccce0&amp;apos;, time: &amp;apos;2018-08-02T20:19:58.91Z&amp;apos;
System info: host: &amp;apos;ARS-NBT-LAP-068&amp;apos;, ip: &amp;apos;192.168.223.30&amp;apos;, os.name: &amp;apos;Linux&amp;apos;, os.arch: &amp;apos;amd64&amp;apos;, os.version: &amp;apos;5.13.0-51-generic&amp;apos;, java.version: &amp;apos;1.8.0_312&amp;apos;
Driver info: org.openqa.selenium.chrome.ChromeDriver
Capabilities {acceptInsecureCerts: false, browserName: chrome, browserVersion: 101.0.4951.54, chrome: {chromedriverVersion: 101.0.4951.41 (93c720db8323..., userDataDir: /tmp/.com.google.Chrome.zU09kD}, goog:chromeOptions: {debuggerAddress: localhost:42143}, javascriptEnabled: true, networkConnectionEnabled: false, pageLoadStrategy: normal, platform: LINUX, platformName: LINUX, proxy: Proxy(), setWindowRect: true, strictFileInteractability: false, timeouts: {implicit: 0, pageLoad: 300000, script: 30000}, unhandledPromptBehavior: dismiss and notify, webauthn:extension:credBlob: true, webauthn:extension:largeBlob: true, webauthn:virtualAuthenticators: true}
Session ID: 94d82f15b69aab8e99f5496605b40f6d">
      <![CDATA[org.openqa.selenium.ElementClickInterceptedException: element click intercepted: Element <button type="submit" name="continue" value="Continue" class="new-continue-btn pull-right" id="profileSubmitForm">...</button> is not clickable at point (866, 537). Other element would receive the click: <div class="loader_div" style="">...</div>
  (Session info: chrome=101.0.4951.54)
Build info: version: '3.14.0', revision: 'aacccce0', time: '2018-08-02T20:19:58.91Z'
System info: host: 'ARS-NBT-LAP-068', ip: '192.168.223.30', os.name: 'Linux', os.arch: 'amd64', os.version: '5.13.0-51-generic', java.version: '1.8.0_312'
Driver info: org.openqa.selenium.chrome.ChromeDriver
Capabilities {acceptInsecureCerts: false, browserName: chrome, browserVersion: 101.0.4951.54, chrome: {chromedriverVersion: 101.0.4951.41 (93c720db8323..., userDataDir: /tmp/.com.google.Chrome.zU09kD}, goog:chromeOptions: {debuggerAddress: localhost:42143}, javascriptEnabled: true, networkConnectionEnabled: false, pageLoadStrategy: normal, platform: LINUX, platformName: LINUX, proxy: Proxy(), setWindowRect: true, strictFileInteractability: false, timeouts: {implicit: 0, pageLoad: 300000, script: 30000}, unhandledPromptBehavior: dismiss and notify, webauthn:extension:credBlob: true, webauthn:extension:largeBlob: true, webauthn:virtualAuthenticators: true}
Session ID: 94d82f15b69aab8e99f5496605b40f6d
at org.openqa.selenium.remote.http.W3CHttpResponseCodec.createException(W3CHttpResponseCodec.java:187)
at org.openqa.selenium.remote.http.W3CHttpResponseCodec.decode(W3CHttpResponseCodec.java:122)
at org.openqa.selenium.remote.http.W3CHttpResponseCodec.decode(W3CHttpResponseCodec.java:49)
at org.openqa.selenium.remote.HttpCommandExecutor.execute(HttpCommandExecutor.java:158)
at org.openqa.selenium.remote.service.DriverCommandExecutor.execute(DriverCommandExecutor.java:83)
at org.openqa.selenium.remote.RemoteWebDriver.execute(RemoteWebDriver.java:548)
at org.openqa.selenium.remote.RemoteWebElement.execute(RemoteWebElement.java:276)
at org.openqa.selenium.remote.RemoteWebElement.click(RemoteWebElement.java:83)
at org.openqa.selenium.support.pagefactory.internal.LocatingElementHandler.invoke(LocatingElementHandler.java:51)
at com.sun.proxy.$Proxy8.click(Unknown Source)
at com.iBridge.pageobject.PrepaidSubmitCaseIndividuallyExtended.prepaidCandidateAddress(PrepaidSubmitCaseIndividuallyExtended.java:1339)
at com.iBridge.testcases.TC_PrepaidSubmitCaseIndividuallyExtended_02.verifyPrepaidInitiateSubmitCaseIndividually(TC_PrepaidSubmitCaseIndividuallyExtended_02.java:69)
... Removed 36 stack frames]]>
    </failure>
  </testcase> <!-- verifyPrepaidInitiateSubmitCaseIndividually -->
  <testcase name="verifyPrepaidAmountPayableValue" time="0.001" classname="com.iBridge.testcases.TC_PrepaidSubmitCaseIndividuallyExtended_02">
    <skipped/>
  </testcase> <!-- verifyPrepaidAmountPayableValue -->
  <testcase name="verifyPrepaidPaymentPendingCases" time="0.0" classname="com.iBridge.testcases.TC_PrepaidSubmitCaseIndividuallyExtended_02">
    <skipped/>
  </testcase> <!-- verifyPrepaidPaymentPendingCases -->
  <testcase name="verifysubmittedForVerificationBucket" time="0.0" classname="com.iBridge.testcases.TC_PrepaidSubmitCaseIndividuallyExtended_02">
    <skipped/>
  </testcase> <!-- verifysubmittedForVerificationBucket -->
  <testcase name="submittedCasesTrackerWipCases" time="0.0" classname="com.iBridge.testcases.TC_PrepaidSubmitCaseIndividuallyExtended_02">
    <skipped/>
  </testcase> <!-- submittedCasesTrackerWipCases -->
  <testcase name="searchClientArsNoCaseList" time="0.0" classname="com.iBridge.testcases.TC_PrepaidSubmitCaseIndividuallyExtended_02">
    <skipped/>
  </testcase> <!-- searchClientArsNoCaseList -->
</testsuite> <!-- iBridge17 -->
