<?xml version="1.0" encoding="UTF-8"?>
<!-- Generated by org.testng.reporters.JUnitXMLReporter -->
<testsuite hostname="ARS-NBT-LAP-068" ignored="0" name="iBridge17" tests="7" failures="1" timestamp="08 Jul 2022 17:22:57 GMT" time="9074.968" errors="0">
  <testcase name="verifyEnpAdminLoginAccount" time="7.441" classname="com.iBridge.testcases.TC_PrepaidSubmitCaseIndividuallyExtended_02"/>
  <testcase name="verifyPrepaidInitiateSubmitCaseIndividually" time="9061.937" classname="com.iBridge.testcases.TC_PrepaidSubmitCaseIndividuallyExtended_02">
    <failure type="java.lang.IllegalArgumentException" message="Must provide a location for a move action.">
      <![CDATA[java.lang.IllegalArgumentException: Must provide a location for a move action.
at org.openqa.selenium.interactions.MoveMouseAction.<init>(MoveMouseAction.java:38)
at org.openqa.selenium.interactions.Actions.moveToElement(Actions.java:387)
at com.iBridge.pageobject.PrepaidSubmitCaseIndividuallyExtended.prepaidCandidateAddress(PrepaidSubmitCaseIndividuallyExtended.java:1213)
at com.iBridge.testcases.TC_PrepaidSubmitCaseIndividuallyExtended_02.verifyPrepaidInitiateSubmitCaseIndividually(TC_PrepaidSubmitCaseIndividuallyExtended_02.java:69)
... Removed 28 stack frames]]>
    </failure>
  </testcase> <!-- verifyPrepaidInitiateSubmitCaseIndividually -->
  <testcase name="verifyPrepaidAmountPayableValue" time="0.0" classname="com.iBridge.testcases.TC_PrepaidSubmitCaseIndividuallyExtended_02">
    <skipped/>
  </testcase> <!-- verifyPrepaidAmountPayableValue -->
  <testcase name="verifyPrepaidPaymentPendingCases" time="0.0" classname="com.iBridge.testcases.TC_PrepaidSubmitCaseIndividuallyExtended_02">
    <skipped/>
  </testcase> <!-- verifyPrepaidPaymentPendingCases -->
  <testcase name="verifysubmittedForVerificationBucket" time="0.0" classname="com.iBridge.testcases.TC_PrepaidSubmitCaseIndividuallyExtended_02">
    <skipped/>
  </testcase> <!-- verifysubmittedForVerificationBucket -->
  <testcase name="submittedCasesTrackerWipCases" time="0.0" classname="com.iBridge.testcases.TC_PrepaidSubmitCaseIndividuallyExtended_02">
    <skipped/>
  </testcase> <!-- submittedCasesTrackerWipCases -->
  <testcase name="searchClientArsNoCaseList" time="0.0" classname="com.iBridge.testcases.TC_PrepaidSubmitCaseIndividuallyExtended_02">
    <skipped/>
  </testcase> <!-- searchClientArsNoCaseList -->
</testsuite> <!-- iBridge17 -->
