<?xml version="1.0" encoding="UTF-8"?>
<!-- Generated by org.testng.reporters.JUnitXMLReporter -->
<testsuite hostname="ARS-NBT-LAP-068" ignored="0" name="iBridge18" tests="20" failures="1" timestamp="15 Jul 2022 11:23:42 GMT" time="103.578" errors="0">
  <testcase name="verifyiBridgeCatLoginDetails" time="5.516" classname="com.iBridge.testcases.TC_CatSignOffApplicable_01"/>
  <testcase name="verifyBritishClientSignOffApplicableYes" time="9.086" classname="com.iBridge.testcases.TC_CatSignOffApplicable_01"/>
  <testcase name="verifyInitiateCaseIndividuallyExtended" time="82.334" classname="com.iBridge.testcases.TC_CatSignOffApplicable_01">
    <failure type="org.openqa.selenium.ElementClickInterceptedException" message="element click intercepted: Element &amp;lt;button type=&amp;quot;submit&amp;quot; name=&amp;quot;continue&amp;quot; value=&amp;quot;Continue&amp;quot; class=&amp;quot;new-continue-btn pull-right&amp;quot; id=&amp;quot;pacakgeSubmitForm&amp;quot;&amp;gt;...&amp;lt;/button&amp;gt; is not clickable at point (1153, 541). Other element would receive the click: &amp;lt;div class=&amp;quot;modal fade new-modal-popup checks-count-popup in&amp;quot; id=&amp;quot;instruction-popup&amp;quot; tabindex=&amp;quot;-1&amp;quot; role=&amp;quot;dialog&amp;quot; aria-labelledby=&amp;quot;myModalLabel&amp;quot; data-backdrop=&amp;quot;static&amp;quot; style=&amp;quot;display: block; padding-right: 15px;&amp;quot;&amp;gt;...&amp;lt;/div&amp;gt;
  (Session info: chrome=101.0.4951.54)
Build info: version: &amp;apos;3.14.0&amp;apos;, revision: &amp;apos;aacccce0&amp;apos;, time: &amp;apos;2018-08-02T20:19:58.91Z&amp;apos;
System info: host: &amp;apos;ARS-NBT-LAP-068&amp;apos;, ip: &amp;apos;192.168.223.30&amp;apos;, os.name: &amp;apos;Linux&amp;apos;, os.arch: &amp;apos;amd64&amp;apos;, os.version: &amp;apos;5.13.0-51-generic&amp;apos;, java.version: &amp;apos;1.8.0_312&amp;apos;
Driver info: org.openqa.selenium.chrome.ChromeDriver
Capabilities {acceptInsecureCerts: false, browserName: chrome, browserVersion: 101.0.4951.54, chrome: {chromedriverVersion: 101.0.4951.41 (93c720db8323..., userDataDir: /tmp/.com.google.Chrome.EbGsaO}, goog:chromeOptions: {debuggerAddress: localhost:38847}, javascriptEnabled: true, networkConnectionEnabled: false, pageLoadStrategy: normal, platform: LINUX, platformName: LINUX, proxy: Proxy(), setWindowRect: true, strictFileInteractability: false, timeouts: {implicit: 0, pageLoad: 300000, script: 30000}, unhandledPromptBehavior: dismiss and notify, webauthn:extension:credBlob: true, webauthn:extension:largeBlob: true, webauthn:virtualAuthenticators: true}
Session ID: 93c507d54f292635b9909d18b318ed2d">
      <![CDATA[org.openqa.selenium.ElementClickInterceptedException: element click intercepted: Element <button type="submit" name="continue" value="Continue" class="new-continue-btn pull-right" id="pacakgeSubmitForm">...</button> is not clickable at point (1153, 541). Other element would receive the click: <div class="modal fade new-modal-popup checks-count-popup in" id="instruction-popup" tabindex="-1" role="dialog" aria-labelledby="myModalLabel" data-backdrop="static" style="display: block; padding-right: 15px;">...</div>
  (Session info: chrome=101.0.4951.54)
Build info: version: '3.14.0', revision: 'aacccce0', time: '2018-08-02T20:19:58.91Z'
System info: host: 'ARS-NBT-LAP-068', ip: '192.168.223.30', os.name: 'Linux', os.arch: 'amd64', os.version: '5.13.0-51-generic', java.version: '1.8.0_312'
Driver info: org.openqa.selenium.chrome.ChromeDriver
Capabilities {acceptInsecureCerts: false, browserName: chrome, browserVersion: 101.0.4951.54, chrome: {chromedriverVersion: 101.0.4951.41 (93c720db8323..., userDataDir: /tmp/.com.google.Chrome.EbGsaO}, goog:chromeOptions: {debuggerAddress: localhost:38847}, javascriptEnabled: true, networkConnectionEnabled: false, pageLoadStrategy: normal, platform: LINUX, platformName: LINUX, proxy: Proxy(), setWindowRect: true, strictFileInteractability: false, timeouts: {implicit: 0, pageLoad: 300000, script: 30000}, unhandledPromptBehavior: dismiss and notify, webauthn:extension:credBlob: true, webauthn:extension:largeBlob: true, webauthn:virtualAuthenticators: true}
Session ID: 93c507d54f292635b9909d18b318ed2d
at org.openqa.selenium.remote.http.W3CHttpResponseCodec.createException(W3CHttpResponseCodec.java:187)
at org.openqa.selenium.remote.http.W3CHttpResponseCodec.decode(W3CHttpResponseCodec.java:122)
at org.openqa.selenium.remote.http.W3CHttpResponseCodec.decode(W3CHttpResponseCodec.java:49)
at org.openqa.selenium.remote.HttpCommandExecutor.execute(HttpCommandExecutor.java:158)
at org.openqa.selenium.remote.service.DriverCommandExecutor.execute(DriverCommandExecutor.java:83)
at org.openqa.selenium.remote.RemoteWebDriver.execute(RemoteWebDriver.java:548)
at org.openqa.selenium.remote.RemoteWebElement.execute(RemoteWebElement.java:276)
at org.openqa.selenium.remote.RemoteWebElement.click(RemoteWebElement.java:83)
at org.openqa.selenium.support.pagefactory.internal.LocatingElementHandler.invoke(LocatingElementHandler.java:51)
at com.sun.proxy.$Proxy8.click(Unknown Source)
at com.iBridge.pageobject.CandidateLogin.candidateAuthorization(CandidateLogin.java:710)
at com.iBridge.testcases.TC_InitiateCaseIndividuallyExtended_01.candidateLoginAccount(TC_InitiateCaseIndividuallyExtended_01.java:163)
at com.iBridge.testcases.TC_CatSignOffApplicable_01.verifyInitiateCaseIndividuallyExtended(TC_CatSignOffApplicable_01.java:80)
... Removed 35 stack frames]]>
    </failure>
  </testcase> <!-- verifyInitiateCaseIndividuallyExtended -->
  <testcase name="verifyPendingSignOffBucket" time="0.0" classname="com.iBridge.testcases.TC_CatSignOffApplicable_01">
    <skipped/>
  </testcase> <!-- verifyPendingSignOffBucket -->
  <testcase name="verifyBritishClientSignOffApplicableNo" time="0.0" classname="com.iBridge.testcases.TC_CatSignOffApplicable_01">
    <skipped/>
  </testcase> <!-- verifyBritishClientSignOffApplicableNo -->
  <testcase name="submitCaseIndividuallyExtended" time="0.0" classname="com.iBridge.testcases.TC_CatSignOffApplicable_01">
    <skipped/>
  </testcase> <!-- submitCaseIndividuallyExtended -->
  <testcase name="verifyBritishClientRouteToCandidateApplicableYes" time="0.0" classname="com.iBridge.testcases.TC_CatSignOffApplicable_01">
    <skipped/>
  </testcase> <!-- verifyBritishClientRouteToCandidateApplicableYes -->
  <testcase name="candidateInitiateCaseIndividuallyExtended" time="0.0" classname="com.iBridge.testcases.TC_CatSignOffApplicable_01">
    <skipped/>
  </testcase> <!-- candidateInitiateCaseIndividuallyExtended -->
  <testcase name="routeToCandidateRaiseInsuffAndFulfil" time="0.0" classname="com.iBridge.testcases.TC_CatSignOffApplicable_01">
    <skipped/>
  </testcase> <!-- routeToCandidateRaiseInsuffAndFulfil -->
  <testcase name="verifyrouteToCandidateApplicableNo" time="0.0" classname="com.iBridge.testcases.TC_CatSignOffApplicable_01">
    <skipped/>
  </testcase> <!-- verifyrouteToCandidateApplicableNo -->
  <testcase name="verifyrouteToCandidateButtonPresentOrNot" time="0.0" classname="com.iBridge.testcases.TC_CatSignOffApplicable_01">
    <skipped/>
  </testcase> <!-- verifyrouteToCandidateButtonPresentOrNot -->
  <testcase name="verifyBritishClientNidPassport" time="0.0" classname="com.iBridge.testcases.TC_CatSignOffApplicable_01">
    <skipped/>
  </testcase> <!-- verifyBritishClientNidPassport -->
  <testcase name="verifyNidPassportDropDown" time="0.0" classname="com.iBridge.testcases.TC_CatSignOffApplicable_01">
    <skipped/>
  </testcase> <!-- verifyNidPassportDropDown -->
  <testcase name="verifyBritishClientNidPassportAndPanCard" time="0.0" classname="com.iBridge.testcases.TC_CatSignOffApplicable_01">
    <skipped/>
  </testcase> <!-- verifyBritishClientNidPassportAndPanCard -->
  <testcase name="verifyNidVoterIdAndDrivingLicenseDropDown" time="0.0" classname="com.iBridge.testcases.TC_CatSignOffApplicable_01">
    <skipped/>
  </testcase> <!-- verifyNidVoterIdAndDrivingLicenseDropDown -->
  <testcase name="verifyGapReasonApplicableNo" time="0.0" classname="com.iBridge.testcases.TC_CatSignOffApplicable_01">
    <skipped/>
  </testcase> <!-- verifyGapReasonApplicableNo -->
  <testcase name="verifyGapReasonApplicableFormNotPresent" time="0.0" classname="com.iBridge.testcases.TC_CatSignOffApplicable_01">
    <skipped/>
  </testcase> <!-- verifyGapReasonApplicableFormNotPresent -->
  <testcase name="verifyGapReasonApplicableFormPresent" time="0.0" classname="com.iBridge.testcases.TC_CatSignOffApplicable_01">
    <skipped/>
  </testcase> <!-- verifyGapReasonApplicableFormPresent -->
  <testcase name="verifyEnpAdminLoginAccount" time="0.0" classname="com.iBridge.testcases.TC_CatSignOffApplicable_01">
    <skipped/>
  </testcase> <!-- verifyEnpAdminLoginAccount -->
  <testcase name="verifyGapReasonApplicableYes" time="0.0" classname="com.iBridge.testcases.TC_CatSignOffApplicable_01">
    <skipped/>
  </testcase> <!-- verifyGapReasonApplicableYes -->
</testsuite> <!-- iBridge18 -->
