<?xml version="1.0" encoding="UTF-8"?>
<!-- Generated by org.testng.reporters.JUnitXMLReporter -->
<testsuite hostname="ARS-NBT-LAP-068" ignored="0" name="iBridge15" tests="4" failures="0" timestamp="08 Jul 2022 14:29:02 GMT" time="68.189" errors="0">
  <testcase name="verifyEnpAdminLoginAccount" time="3.701" classname="com.iBridge.testcases.TC_PrepaidEnpAdmin_01"/>
  <testcase name="verifyEnpAdminPrepaidConfigurationTagCheck" time="15.968" classname="com.iBridge.testcases.TC_PrepaidEnpAdmin_01"/>
  <testcase name="verifyUserPrepaidConfigurationTagCheck" time="23.789" classname="com.iBridge.testcases.TC_PrepaidEnpAdmin_01"/>
  <testcase name="verifyEnpAdminPrepaidClientConfiguration" time="18.609" classname="com.iBridge.testcases.TC_PrepaidEnpAdmin_01"/>
</testsuite> <!-- iBridge15 -->
