<?xml version="1.0" encoding="UTF-8"?>
<!-- Generated by org.testng.reporters.JUnitXMLReporter -->
<testsuite hostname="ARS-NBT-LAP-068" ignored="0" name="iBridge18" tests="20" failures="1" timestamp="19 Jul 2022 04:10:08 GMT" time="1053.633" errors="0">
  <testcase name="verifyiBridgeCatLoginDetails" time="3.983" classname="com.iBridge.testcases.TC_CatSignOffApplicable_01"/>
  <testcase name="verifyBritishClientSignOffApplicableYes" time="8.501" classname="com.iBridge.testcases.TC_CatSignOffApplicable_01"/>
  <testcase name="verifyInitiateCaseIndividuallyExtended" time="261.71" classname="com.iBridge.testcases.TC_CatSignOffApplicable_01"/>
  <testcase name="verifyPendingSignOffBucket" time="12.29" classname="com.iBridge.testcases.TC_CatSignOffApplicable_01"/>
  <testcase name="verifyBritishClientSignOffApplicableNo" time="12.04" classname="com.iBridge.testcases.TC_CatSignOffApplicable_01"/>
  <testcase name="submitCaseIndividuallyExtended" time="230.643" classname="com.iBridge.testcases.TC_CatSignOffApplicable_01"/>
  <testcase name="verifyBritishClientRouteToCandidateApplicableYes" time="12.219" classname="com.iBridge.testcases.TC_CatSignOffApplicable_01"/>
  <testcase name="candidateInitiateCaseIndividuallyExtended" time="416.251" classname="com.iBridge.testcases.TC_CatSignOffApplicable_01"/>
  <testcase name="routeToCandidateRaiseInsuffAndFulfil" time="92.614" classname="com.iBridge.testcases.TC_CatSignOffApplicable_01">
    <failure type="org.openqa.selenium.ElementClickInterceptedException" message="element click intercepted: Element &amp;lt;select name=&amp;quot;Checks[9598643][INSUFF_FULFILL_ACTION]&amp;quot; id=&amp;quot;CaseChecks&amp;quot;&amp;gt;...&amp;lt;/select&amp;gt; is not clickable at point (467, 10). Other element would receive the click: &amp;lt;a href=&amp;quot;javascript:void(0);&amp;quot;&amp;gt;...&amp;lt;/a&amp;gt;
  (Session info: chrome=101.0.4951.54)
Build info: version: &amp;apos;3.14.0&amp;apos;, revision: &amp;apos;aacccce0&amp;apos;, time: &amp;apos;2018-08-02T20:19:58.91Z&amp;apos;
System info: host: &amp;apos;ARS-NBT-LAP-068&amp;apos;, ip: &amp;apos;192.168.1.5&amp;apos;, os.name: &amp;apos;Linux&amp;apos;, os.arch: &amp;apos;amd64&amp;apos;, os.version: &amp;apos;5.13.0-51-generic&amp;apos;, java.version: &amp;apos;1.8.0_312&amp;apos;
Driver info: org.openqa.selenium.chrome.ChromeDriver
Capabilities {acceptInsecureCerts: false, browserName: chrome, browserVersion: 101.0.4951.54, chrome: {chromedriverVersion: 101.0.4951.41 (93c720db8323..., userDataDir: /tmp/.com.google.Chrome.CcEABI}, goog:chromeOptions: {debuggerAddress: localhost:38563}, javascriptEnabled: true, networkConnectionEnabled: false, pageLoadStrategy: normal, platform: LINUX, platformName: LINUX, proxy: Proxy(), setWindowRect: true, strictFileInteractability: false, timeouts: {implicit: 0, pageLoad: 300000, script: 30000}, unhandledPromptBehavior: dismiss and notify, webauthn:extension:credBlob: true, webauthn:extension:largeBlob: true, webauthn:virtualAuthenticators: true}
Session ID: 4e76b9c9fdf5d3f4d41deaf7962e2bf2">
      <![CDATA[org.openqa.selenium.ElementClickInterceptedException: element click intercepted: Element <select name="Checks[9598643][INSUFF_FULFILL_ACTION]" id="CaseChecks">...</select> is not clickable at point (467, 10). Other element would receive the click: <a href="javascript:void(0);">...</a>
  (Session info: chrome=101.0.4951.54)
Build info: version: '3.14.0', revision: 'aacccce0', time: '2018-08-02T20:19:58.91Z'
System info: host: 'ARS-NBT-LAP-068', ip: '192.168.1.5', os.name: 'Linux', os.arch: 'amd64', os.version: '5.13.0-51-generic', java.version: '1.8.0_312'
Driver info: org.openqa.selenium.chrome.ChromeDriver
Capabilities {acceptInsecureCerts: false, browserName: chrome, browserVersion: 101.0.4951.54, chrome: {chromedriverVersion: 101.0.4951.41 (93c720db8323..., userDataDir: /tmp/.com.google.Chrome.CcEABI}, goog:chromeOptions: {debuggerAddress: localhost:38563}, javascriptEnabled: true, networkConnectionEnabled: false, pageLoadStrategy: normal, platform: LINUX, platformName: LINUX, proxy: Proxy(), setWindowRect: true, strictFileInteractability: false, timeouts: {implicit: 0, pageLoad: 300000, script: 30000}, unhandledPromptBehavior: dismiss and notify, webauthn:extension:credBlob: true, webauthn:extension:largeBlob: true, webauthn:virtualAuthenticators: true}
Session ID: 4e76b9c9fdf5d3f4d41deaf7962e2bf2
at org.openqa.selenium.remote.http.W3CHttpResponseCodec.createException(W3CHttpResponseCodec.java:187)
at org.openqa.selenium.remote.http.W3CHttpResponseCodec.decode(W3CHttpResponseCodec.java:122)
at org.openqa.selenium.remote.http.W3CHttpResponseCodec.decode(W3CHttpResponseCodec.java:49)
at org.openqa.selenium.remote.HttpCommandExecutor.execute(HttpCommandExecutor.java:158)
at org.openqa.selenium.remote.service.DriverCommandExecutor.execute(DriverCommandExecutor.java:83)
at org.openqa.selenium.remote.RemoteWebDriver.execute(RemoteWebDriver.java:548)
at org.openqa.selenium.remote.RemoteWebElement.execute(RemoteWebElement.java:276)
at org.openqa.selenium.remote.RemoteWebElement.click(RemoteWebElement.java:83)
at org.openqa.selenium.support.pagefactory.internal.LocatingElementHandler.invoke(LocatingElementHandler.java:51)
at com.sun.proxy.$Proxy8.click(Unknown Source)
at com.iBridge.pageobject.InsufficientBridge.superAdminInsufficiencyRejectFulfillment(InsufficientBridge.java:1857)
at com.iBridge.testcases.TC_InsufficientBridge_01.verifyInsufficiencyRejectedFulfillment(TC_InsufficientBridge_01.java:260)
at com.iBridge.testcases.TC_CatSignOffApplicable_01.routeToCandidateRaiseInsuffAndFulfil(TC_CatSignOffApplicable_01.java:257)
... Removed 35 stack frames]]>
    </failure>
  </testcase> <!-- routeToCandidateRaiseInsuffAndFulfil -->
  <testcase name="verifyrouteToCandidateApplicableNo" time="0.0" classname="com.iBridge.testcases.TC_CatSignOffApplicable_01">
    <skipped/>
  </testcase> <!-- verifyrouteToCandidateApplicableNo -->
  <testcase name="verifyrouteToCandidateButtonPresentOrNot" time="0.0" classname="com.iBridge.testcases.TC_CatSignOffApplicable_01">
    <skipped/>
  </testcase> <!-- verifyrouteToCandidateButtonPresentOrNot -->
  <testcase name="verifyBritishClientNidPassport" time="0.0" classname="com.iBridge.testcases.TC_CatSignOffApplicable_01">
    <skipped/>
  </testcase> <!-- verifyBritishClientNidPassport -->
  <testcase name="verifyNidPassportDropDown" time="0.0" classname="com.iBridge.testcases.TC_CatSignOffApplicable_01">
    <skipped/>
  </testcase> <!-- verifyNidPassportDropDown -->
  <testcase name="verifyBritishClientNidPassportAndPanCard" time="0.0" classname="com.iBridge.testcases.TC_CatSignOffApplicable_01">
    <skipped/>
  </testcase> <!-- verifyBritishClientNidPassportAndPanCard -->
  <testcase name="verifyNidVoterIdAndDrivingLicenseDropDown" time="0.0" classname="com.iBridge.testcases.TC_CatSignOffApplicable_01">
    <skipped/>
  </testcase> <!-- verifyNidVoterIdAndDrivingLicenseDropDown -->
  <testcase name="verifyGapReasonApplicableNo" time="0.0" classname="com.iBridge.testcases.TC_CatSignOffApplicable_01">
    <skipped/>
  </testcase> <!-- verifyGapReasonApplicableNo -->
  <testcase name="verifyGapReasonApplicableFormNotPresent" time="0.0" classname="com.iBridge.testcases.TC_CatSignOffApplicable_01">
    <skipped/>
  </testcase> <!-- verifyGapReasonApplicableFormNotPresent -->
  <testcase name="verifyGapReasonApplicableFormPresent" time="0.0" classname="com.iBridge.testcases.TC_CatSignOffApplicable_01">
    <skipped/>
  </testcase> <!-- verifyGapReasonApplicableFormPresent -->
  <testcase name="verifyEnpAdminLoginAccount" time="0.0" classname="com.iBridge.testcases.TC_CatSignOffApplicable_01">
    <skipped/>
  </testcase> <!-- verifyEnpAdminLoginAccount -->
  <testcase name="verifyGapReasonApplicableYes" time="0.0" classname="com.iBridge.testcases.TC_CatSignOffApplicable_01">
    <skipped/>
  </testcase> <!-- verifyGapReasonApplicableYes -->
</testsuite> <!-- iBridge18 -->
