<?xml version="1.0" encoding="UTF-8"?>
<!-- Generated by org.testng.reporters.JUnitXMLReporter -->
<testsuite hostname="ARS-NBT-LAP-068" ignored="0" name="iBridge9" tests="12" failures="1" timestamp="19 May 2022 12:06:10 GMT" time="10.117" errors="0">
  <testcase name="submitCasesInBulkExtended" time="2.948" classname="com.iBridge.testcases.TC_SubmitCasesInBulkExtended_04">
    <failure type="java.lang.NullPointerException">
      <![CDATA[java.lang.NullPointerException
at org.openqa.selenium.support.pagefactory.internal.LocatingElementHandler.invoke(LocatingElementHandler.java:51)
at com.sun.proxy.$Proxy8.isDisplayed(Unknown Source)
at org.openqa.selenium.support.ui.ExpectedConditions.elementIfVisible(ExpectedConditions.java:315)
at org.openqa.selenium.support.ui.ExpectedConditions.access$100(ExpectedConditions.java:44)
at org.openqa.selenium.support.ui.ExpectedConditions$10.apply(ExpectedConditions.java:301)
at org.openqa.selenium.support.ui.ExpectedConditions$10.apply(ExpectedConditions.java:298)
at org.openqa.selenium.support.ui.FluentWait.until(FluentWait.java:260)
at com.iBridge.pageobject.LoginPage.verifyDashboardCaseSubmissionSummaryText(LoginPage.java:56)
at com.iBridge.testcases.TC_SubmitCasesInBulkExtended_04.submitCasesInBulkExtended(TC_SubmitCasesInBulkExtended_04.java:34)
... Removed 32 stack frames]]>
    </failure>
  </testcase> <!-- submitCasesInBulkExtended -->
  <testcase name="submitCaseInBulkExcelUpload" time="0.0" classname="com.iBridge.testcases.TC_SubmitCasesInBulkExtended_04">
    <skipped/>
  </testcase> <!-- submitCaseInBulkExcelUpload -->
  <testcase name="submittedForVerificationExcelUpload" time="0.001" classname="com.iBridge.testcases.TC_SubmitCasesInBulkExtended_04">
    <skipped/>
  </testcase> <!-- submittedForVerificationExcelUpload -->
  <testcase name="submittedCasesTrackerExcelUploadWipCases" time="0.0" classname="com.iBridge.testcases.TC_SubmitCasesInBulkExtended_04">
    <skipped/>
  </testcase> <!-- submittedCasesTrackerExcelUploadWipCases -->
  <testcase name="searchExcelUploadClientArsNo" time="0.0" classname="com.iBridge.testcases.TC_SubmitCasesInBulkExtended_04">
    <skipped/>
  </testcase> <!-- searchExcelUploadClientArsNo -->
  <testcase name="submitCasesInBulkQuickSubmit" time="0.0" classname="com.iBridge.testcases.TC_SubmitCasesInBulkExtended_04">
    <skipped/>
  </testcase> <!-- submitCasesInBulkQuickSubmit -->
  <testcase name="submittedForVerificationQuickSubmit" time="0.0" classname="com.iBridge.testcases.TC_SubmitCasesInBulkExtended_04">
    <skipped/>
  </testcase> <!-- submittedForVerificationQuickSubmit -->
  <testcase name="submittedCasesTrackerQuickSubmitWipCases" time="0.0" classname="com.iBridge.testcases.TC_SubmitCasesInBulkExtended_04">
    <skipped/>
  </testcase> <!-- submittedCasesTrackerQuickSubmitWipCases -->
  <testcase name="searchClientArsNoCaseQuickSubmit" time="0.0" classname="com.iBridge.testcases.TC_SubmitCasesInBulkExtended_04">
    <skipped/>
  </testcase> <!-- searchClientArsNoCaseQuickSubmit -->
  <testcase name="loginBridgeAccountGetFolderCasesCount" time="0.0" classname="com.iBridge.testcases.TC_SubmitCasesInBulkExtended_04">
    <skipped/>
  </testcase> <!-- loginBridgeAccountGetFolderCasesCount -->
  <testcase name="submitCaseInFolderSubmit" time="0.0" classname="com.iBridge.testcases.TC_SubmitCasesInBulkExtended_04">
    <skipped/>
  </testcase> <!-- submitCaseInFolderSubmit -->
  <testcase name="verifyFolderCasesCountInBridge" time="0.0" classname="com.iBridge.testcases.TC_SubmitCasesInBulkExtended_04">
    <skipped/>
  </testcase> <!-- verifyFolderCasesCountInBridge -->
</testsuite> <!-- iBridge9 -->
