<?xml version="1.0" encoding="UTF-8"?>
<!-- Generated by org.testng.reporters.JUnitXMLReporter -->
<testsuite hostname="ARS-NBT-LAP-068" ignored="0" name="iBridge16" tests="10" failures="0" timestamp="18 Jul 2022 07:06:07 GMT" time="157.165" errors="0">
  <testcase name="verifyEnpAdminLoginAccount" time="0.935" classname="com.iBridge.testcases.TC_PrepaidInitiateCaseIndividuallyExtended_01"/>
  <testcase name="verifyInitiateNewCaseForIvc" time="36.582" classname="com.iBridge.testcases.TC_PrepaidInitiateCaseIndividuallyExtended_01"/>
  <testcase name="verifyPendingCaseSubmissionVerification" time="4.104" classname="com.iBridge.testcases.TC_PrepaidInitiateCaseIndividuallyExtended_01"/>
  <testcase name="candidateEmailVerification" time="3.15" classname="com.iBridge.testcases.TC_PrepaidInitiateCaseIndividuallyExtended_01"/>
  <testcase name="verifyCandidateFullfillAllFormDetails" time="73.111" classname="com.iBridge.testcases.TC_PrepaidInitiateCaseIndividuallyExtended_01"/>
  <testcase name="verifyPrepaidAmountPayableValue" time="10.37" classname="com.iBridge.testcases.TC_PrepaidInitiateCaseIndividuallyExtended_01"/>
  <testcase name="verifyPrepaidPaymentPendingCases" time="6.724" classname="com.iBridge.testcases.TC_PrepaidInitiateCaseIndividuallyExtended_01"/>
  <testcase name="verifysubmittedForVerificationBucket" time="4.943" classname="com.iBridge.testcases.TC_PrepaidInitiateCaseIndividuallyExtended_01"/>
  <testcase name="submittedCasesTrackerWipCases" time="5.126" classname="com.iBridge.testcases.TC_PrepaidInitiateCaseIndividuallyExtended_01"/>
  <testcase name="searchClientArsNoCaseList" time="8.976" classname="com.iBridge.testcases.TC_PrepaidInitiateCaseIndividuallyExtended_01"/>
</testsuite> <!-- iBridge16 -->
