<?xml version="1.0" encoding="UTF-8"?>
<!-- Generated by org.testng.reporters.JUnitXMLReporter -->
<testsuite hostname="ARS-NBT-LAP-068" ignored="2" name="iBridge6" tests="13" failures="1" timestamp="05 Jul 2022 12:49:58 GMT" time="227.339" errors="0">
  <testcase name="initiateCasesInBulkExtended" time="20.552" classname="com.iBridge.testcases.TC_InitiateCasesInBulkExtended_02"/>
  <testcase name="dragDropBrowse" time="18.681" classname="com.iBridge.testcases.TC_InitiateCasesInBulkExtended_02"/>
  <testcase name="candidateEmailVerification" time="183.152" classname="com.iBridge.testcases.TC_InitiateCasesInBulkExtended_02">
    <failure type="org.openqa.selenium.TimeoutException" message="Expected condition failed: waiting for visibility of Proxy element for: DefaultElementLocator &amp;apos;By.xpath: //a[contains(text(),&amp;apos;Pre-Joining Formalities for British Telecom&amp;apos;)]&amp;apos; (tried for 120 second(s) with 500 milliseconds interval)">
      <![CDATA[org.openqa.selenium.TimeoutException: Expected condition failed: waiting for visibility of Proxy element for: DefaultElementLocator 'By.xpath: //a[contains(text(),'Pre-Joining Formalities for British Telecom')]' (tried for 120 second(s) with 500 milliseconds interval)
at org.openqa.selenium.support.ui.WebDriverWait.timeoutException(WebDriverWait.java:113)
at org.openqa.selenium.support.ui.FluentWait.until(FluentWait.java:283)
at com.iBridge.pageobject.CandidateBulkEmailVerification.verifyMailinatorMailSubject(CandidateBulkEmailVerification.java:45)
at com.iBridge.testcases.TC_InitiateCasesInBulkExtended_02.candidateEmailVerification(TC_InitiateCasesInBulkExtended_02.java:107)
Caused by: org.openqa.selenium.NoSuchElementException: no such element: Unable to locate element: {"method":"xpath","selector":"//a[contains(text(),'Pre-Joining Formalities for British Telecom')]"}
  (Session info: chrome=101.0.4951.54)
For documentation on this error, please visit: http://seleniumhq.org/exceptions/no_such_element.html
Build info: version: '3.14.0', revision: 'aacccce0', time: '2018-08-02T20:19:58.91Z'
System info: host: 'ARS-NBT-LAP-068', ip: '192.168.121.30', os.name: 'Linux', os.arch: 'amd64', os.version: '5.13.0-51-generic', java.version: '1.8.0_312'
Driver info: org.openqa.selenium.chrome.ChromeDriver
Capabilities {acceptInsecureCerts: false, browserName: chrome, browserVersion: 101.0.4951.54, chrome: {chromedriverVersion: 101.0.4951.41 (93c720db8323..., userDataDir: /tmp/.com.google.Chrome.LQTOdh}, goog:chromeOptions: {debuggerAddress: localhost:35551}, javascriptEnabled: true, networkConnectionEnabled: false, pageLoadStrategy: normal, platform: LINUX, platformName: LINUX, proxy: Proxy(), setWindowRect: true, strictFileInteractability: false, timeouts: {implicit: 0, pageLoad: 300000, script: 30000}, unhandledPromptBehavior: dismiss and notify, webauthn:extension:credBlob: true, webauthn:extension:largeBlob: true, webauthn:virtualAuthenticators: true}
Session ID: db1ffaf7842d554080e0ccc30e5009c2
*** Element info: {Using=xpath, value=//a[contains(text(),'Pre-Joining Formalities for British Telecom')]}
at org.openqa.selenium.remote.http.W3CHttpResponseCodec.createException(W3CHttpResponseCodec.java:187)
at org.openqa.selenium.remote.http.W3CHttpResponseCodec.decode(W3CHttpResponseCodec.java:122)
at org.openqa.selenium.remote.http.W3CHttpResponseCodec.decode(W3CHttpResponseCodec.java:49)
at org.openqa.selenium.remote.HttpCommandExecutor.execute(HttpCommandExecutor.java:158)
at org.openqa.selenium.remote.service.DriverCommandExecutor.execute(DriverCommandExecutor.java:83)
at org.openqa.selenium.remote.RemoteWebDriver.execute(RemoteWebDriver.java:548)
at org.openqa.selenium.remote.RemoteWebDriver.findElement(RemoteWebDriver.java:322)
at org.openqa.selenium.remote.RemoteWebDriver.findElementByXPath(RemoteWebDriver.java:424)
at org.openqa.selenium.By$ByXPath.findElement(By.java:353)
at org.openqa.selenium.remote.RemoteWebDriver.findElement(RemoteWebDriver.java:314)
at org.openqa.selenium.support.pagefactory.DefaultElementLocator.findElement(DefaultElementLocator.java:69)
at org.openqa.selenium.support.pagefactory.internal.LocatingElementHandler.invoke(LocatingElementHandler.java:38)
at com.sun.proxy.$Proxy8.isDisplayed(Unknown Source)
at org.openqa.selenium.support.ui.ExpectedConditions.elementIfVisible(ExpectedConditions.java:315)
at org.openqa.selenium.support.ui.ExpectedConditions.access$100(ExpectedConditions.java:44)
at org.openqa.selenium.support.ui.ExpectedConditions$10.apply(ExpectedConditions.java:301)
at org.openqa.selenium.support.ui.ExpectedConditions$10.apply(ExpectedConditions.java:298)
at org.openqa.selenium.support.ui.FluentWait.until(FluentWait.java:260)
... 30 more
... Removed 32 stack frames]]>
    </failure>
  </testcase> <!-- candidateEmailVerification -->
  <testcase name="candidateLoginBulkAccount" time="0.0" classname="com.iBridge.testcases.TC_InitiateCasesInBulkExtended_02">
    <skipped/>
  </testcase> <!-- candidateLoginBulkAccount -->
  <testcase name="submittedForVerification" time="0.0" classname="com.iBridge.testcases.TC_InitiateCasesInBulkExtended_02">
    <skipped/>
  </testcase> <!-- submittedForVerification -->
  <testcase name="submittedCasesTrackerWipCases" time="0.0" classname="com.iBridge.testcases.TC_InitiateCasesInBulkExtended_02">
    <skipped/>
  </testcase> <!-- submittedCasesTrackerWipCases -->
  <testcase name="searchClientArsNoCaseList" time="0.0" classname="com.iBridge.testcases.TC_InitiateCasesInBulkExtended_02">
    <skipped/>
  </testcase> <!-- searchClientArsNoCaseList -->
  <testcase name="verifyInsufficientDocsQcAllocator" time="0.0" classname="com.iBridge.testcases.TC_InitiateCasesInBulkExtended_02">
    <skipped/>
  </testcase> <!-- verifyInsufficientDocsQcAllocator -->
  <testcase name="verifyInsufficientDocsQuality" time="0.0" classname="com.iBridge.testcases.TC_InitiateCasesInBulkExtended_02">
    <skipped/>
  </testcase> <!-- verifyInsufficientDocsQuality -->
  <testcase name="verifyInsufficientAllocator" time="0.0" classname="com.iBridge.testcases.TC_InitiateCasesInBulkExtended_02">
    <skipped/>
  </testcase> <!-- verifyInsufficientAllocator -->
  <testcase name="verifyInsufficientVerifier" time="0.0" classname="com.iBridge.testcases.TC_InitiateCasesInBulkExtended_02">
    <skipped/>
  </testcase> <!-- verifyInsufficientVerifier -->
  <testcase name="verifyInsufficientpendingForFulfilment" time="0.0" classname="com.iBridge.testcases.TC_InitiateCasesInBulkExtended_02">
    <skipped/>
  </testcase> <!-- verifyInsufficientpendingForFulfilment -->
  <testcase name="verifyInsufficiencyFulfillment" time="0.0" classname="com.iBridge.testcases.TC_InitiateCasesInBulkExtended_02">
    <skipped/>
  </testcase> <!-- verifyInsufficiencyFulfillment -->
  <testcase name="verifyInsufficientCasesPresentOrNot" time="0.0" classname="com.iBridge.testcases.TC_InitiateCasesInBulkExtended_02">
    <ignored/>
  </testcase> <!-- verifyInsufficientCasesPresentOrNot -->
  <testcase name="verifyCostApprovalOnHoldCases" time="0.0" classname="com.iBridge.testcases.TC_InitiateCasesInBulkExtended_02">
    <ignored/>
  </testcase> <!-- verifyCostApprovalOnHoldCases -->
</testsuite> <!-- iBridge6 -->
