<?xml version="1.0" encoding="UTF-8"?>
<!-- Generated by org.testng.reporters.JUnitXMLReporter -->
<testsuite hostname="ARS-NBT-LAP-068" ignored="0" name="iBridge 22" tests="10" failures="1" timestamp="03 Jun 2022 12:37:17 GMT" time="176.179" errors="0">
  <testcase name="signDriveLogin" time="5.849" classname="com.signdrive.testcases.SignDrive_Rejected_EPFO_Test"/>
  <testcase name="initiateViaCandidate" time="50.454" classname="com.signdrive.testcases.SignDrive_Rejected_EPFO_Test"/>
  <testcase name="uploadCTCFile" time="38.011" classname="com.signdrive.testcases.SignDrive_Rejected_EPFO_Test"/>
  <testcase name="emailVerification" time="72.021" classname="com.signdrive.testcases.SignDrive_Rejected_EPFO_Test">
    <failure type="org.openqa.selenium.ElementNotInteractableException" message="element not interactable
  (Session info: chrome=101.0.4951.54)
Build info: version: &amp;apos;3.14.0&amp;apos;, revision: &amp;apos;aacccce0&amp;apos;, time: &amp;apos;2018-08-02T20:19:58.91Z&amp;apos;
System info: host: &amp;apos;ARS-NBT-LAP-068&amp;apos;, ip: &amp;apos;192.168.80.30&amp;apos;, os.name: &amp;apos;Linux&amp;apos;, os.arch: &amp;apos;amd64&amp;apos;, os.version: &amp;apos;5.13.0-44-generic&amp;apos;, java.version: &amp;apos;1.8.0_312&amp;apos;
Driver info: org.openqa.selenium.chrome.ChromeDriver
Capabilities {acceptInsecureCerts: false, browserName: chrome, browserVersion: 101.0.4951.54, chrome: {chromedriverVersion: 101.0.4951.41 (93c720db8323..., userDataDir: /tmp/.com.google.Chrome.pLd5Wc}, goog:chromeOptions: {debuggerAddress: localhost:37613}, javascriptEnabled: true, networkConnectionEnabled: false, pageLoadStrategy: normal, platform: LINUX, platformName: LINUX, proxy: Proxy(), setWindowRect: true, strictFileInteractability: false, timeouts: {implicit: 0, pageLoad: 300000, script: 30000}, unhandledPromptBehavior: dismiss and notify, webauthn:extension:credBlob: true, webauthn:extension:largeBlob: true, webauthn:virtualAuthenticators: true}
Session ID: f85f36004be38ecb86dd51b383614723">
      <![CDATA[org.openqa.selenium.ElementNotInteractableException: element not interactable
  (Session info: chrome=101.0.4951.54)
Build info: version: '3.14.0', revision: 'aacccce0', time: '2018-08-02T20:19:58.91Z'
System info: host: 'ARS-NBT-LAP-068', ip: '192.168.80.30', os.name: 'Linux', os.arch: 'amd64', os.version: '5.13.0-44-generic', java.version: '1.8.0_312'
Driver info: org.openqa.selenium.chrome.ChromeDriver
Capabilities {acceptInsecureCerts: false, browserName: chrome, browserVersion: 101.0.4951.54, chrome: {chromedriverVersion: 101.0.4951.41 (93c720db8323..., userDataDir: /tmp/.com.google.Chrome.pLd5Wc}, goog:chromeOptions: {debuggerAddress: localhost:37613}, javascriptEnabled: true, networkConnectionEnabled: false, pageLoadStrategy: normal, platform: LINUX, platformName: LINUX, proxy: Proxy(), setWindowRect: true, strictFileInteractability: false, timeouts: {implicit: 0, pageLoad: 300000, script: 30000}, unhandledPromptBehavior: dismiss and notify, webauthn:extension:credBlob: true, webauthn:extension:largeBlob: true, webauthn:virtualAuthenticators: true}
Session ID: f85f36004be38ecb86dd51b383614723
at org.openqa.selenium.remote.http.W3CHttpResponseCodec.createException(W3CHttpResponseCodec.java:187)
at org.openqa.selenium.remote.http.W3CHttpResponseCodec.decode(W3CHttpResponseCodec.java:122)
at org.openqa.selenium.remote.http.W3CHttpResponseCodec.decode(W3CHttpResponseCodec.java:49)
at org.openqa.selenium.remote.HttpCommandExecutor.execute(HttpCommandExecutor.java:158)
at org.openqa.selenium.remote.service.DriverCommandExecutor.execute(DriverCommandExecutor.java:83)
at org.openqa.selenium.remote.RemoteWebDriver.execute(RemoteWebDriver.java:548)
at org.openqa.selenium.remote.RemoteWebElement.execute(RemoteWebElement.java:276)
at org.openqa.selenium.remote.RemoteWebElement.sendKeys(RemoteWebElement.java:100)
at org.openqa.selenium.support.pagefactory.internal.LocatingElementHandler.invoke(LocatingElementHandler.java:51)
at com.sun.proxy.$Proxy8.sendKeys(Unknown Source)
at com.signdrive.pageobject.Email_Verification_page.loginGmailAccount(Email_Verification_page.java:164)
at com.signdrive.testcases.SignDrive_Rejected_EPFO_Test.emailVerification(SignDrive_Rejected_EPFO_Test.java:100)
... Removed 36 stack frames]]>
    </failure>
  </testcase> <!-- emailVerification -->
  <testcase name="verifyOLAcceptedByCandidate" time="0.0" classname="com.signdrive.testcases.SignDrive_Rejected_EPFO_Test">
    <skipped/>
  </testcase> <!-- verifyOLAcceptedByCandidate -->
  <testcase name="bgvLogin" time="0.0" classname="com.signdrive.testcases.SignDrive_Rejected_EPFO_Test">
    <skipped/>
  </testcase> <!-- bgvLogin -->
  <testcase name="fillAndSumitForm" time="0.0" classname="com.signdrive.testcases.SignDrive_Rejected_EPFO_Test">
    <skipped/>
  </testcase> <!-- fillAndSumitForm -->
  <testcase name="pendingSignOffBucket" time="0.0" classname="com.signdrive.testcases.SignDrive_Rejected_EPFO_Test">
    <skipped/>
  </testcase> <!-- pendingSignOffBucket -->
  <testcase name="verifyInstaform" time="0.0" classname="com.signdrive.testcases.SignDrive_Rejected_EPFO_Test">
    <skipped/>
  </testcase> <!-- verifyInstaform -->
  <testcase name="instaform" time="0.0" classname="com.signdrive.testcases.SignDrive_Rejected_EPFO_Test">
    <skipped/>
  </testcase> <!-- instaform -->
</testsuite> <!-- iBridge 22 -->
