<?xml version="1.0" encoding="UTF-8"?>
<!-- Generated by org.testng.reporters.JUnitXMLReporter -->
<testsuite hostname="ARS-NBT-LAP-068" ignored="0" name="iBridge17" tests="7" failures="0" timestamp="18 Jul 2022 06:34:40 GMT" time="165.432" errors="0">
  <testcase name="verifyEnpAdminLoginAccount" time="7.628" classname="com.iBridge.testcases.TC_PrepaidSubmitCaseIndividuallyExtended_02"/>
  <testcase name="verifyPrepaidInitiateSubmitCaseIndividually" time="46.478" classname="com.iBridge.testcases.TC_PrepaidSubmitCaseIndividuallyExtended_02"/>
  <testcase name="verifyPrepaidAmountPayableValue" time="7.138" classname="com.iBridge.testcases.TC_PrepaidSubmitCaseIndividuallyExtended_02"/>
  <testcase name="verifyPrepaidPaymentPendingCases" time="8.22" classname="com.iBridge.testcases.TC_PrepaidSubmitCaseIndividuallyExtended_02"/>
  <testcase name="verifysubmittedForVerificationBucket" time="7.603" classname="com.iBridge.testcases.TC_PrepaidSubmitCaseIndividuallyExtended_02"/>
  <testcase name="submittedCasesTrackerWipCases" time="65.622" classname="com.iBridge.testcases.TC_PrepaidSubmitCaseIndividuallyExtended_02"/>
  <testcase name="searchClientArsNoCaseList" time="15.114" classname="com.iBridge.testcases.TC_PrepaidSubmitCaseIndividuallyExtended_02"/>
</testsuite> <!-- iBridge17 -->
