<?xml version="1.0" encoding="UTF-8"?>
<!-- Generated by org.testng.reporters.JUnitXMLReporter -->
<testsuite hostname="ARS-NBT-LAP-068" ignored="0" name="iBridge13" tests="15" failures="1" timestamp="14 Jun 2022 08:15:12 GMT" time="166.184" errors="0">
  <testcase name="initiateViaCandidateCaseSme" time="42.983" classname="com.iBridge.sme.testcases.TC_InitiateViaCandidateSmeExtended_02"/>
  <testcase name="verifyFormNotSubmittedCaseList" time="2.953" classname="com.iBridge.sme.testcases.TC_InitiateViaCandidateSmeExtended_02"/>
  <testcase name="candidateSmeEmailVerification" time="5.429" classname="com.iBridge.sme.testcases.TC_InitiateViaCandidateSmeExtended_02"/>
  <testcase name="candidateSmeAccountLogin" time="70.769" classname="com.iBridge.sme.testcases.TC_InitiateViaCandidateSmeExtended_02"/>
  <testcase name="candidateProfileDetailsFilling" time="37.508" classname="com.iBridge.sme.testcases.TC_InitiateViaCandidateSmeExtended_02">
    <failure type="java.lang.NullPointerException">
      <![CDATA[java.lang.NullPointerException
at org.openqa.selenium.remote.internal.WebElementToJsonConverter.apply(WebElementToJsonConverter.java:59)
at java.util.stream.ReferencePipeline$3$1.accept(ReferencePipeline.java:193)
at java.util.Spliterators$ArraySpliterator.forEachRemaining(Spliterators.java:948)
at java.util.stream.AbstractPipeline.copyInto(AbstractPipeline.java:482)
at java.util.stream.AbstractPipeline.wrapAndCopyInto(AbstractPipeline.java:472)
at java.util.stream.ReduceOps$ReduceOp.evaluateSequential(ReduceOps.java:708)
at java.util.stream.AbstractPipeline.evaluate(AbstractPipeline.java:234)
at java.util.stream.ReferencePipeline.collect(ReferencePipeline.java:566)
at org.openqa.selenium.remote.RemoteWebDriver.executeScript(RemoteWebDriver.java:480)
at com.iBridge.sme.pageobject.CandidateSubmitProfileSme.currentCandidateEmploymentVerificationDetails(CandidateSubmitProfileSme.java:958)
at com.iBridge.sme.testcases.TC_InitiateViaCandidateSmeExtended_02.candidateProfileDetailsFilling(TC_InitiateViaCandidateSmeExtended_02.java:181)
... Removed 28 stack frames]]>
    </failure>
  </testcase> <!-- candidateProfileDetailsFilling -->
  <testcase name="verifyAuthorizationRelease" time="0.0" classname="com.iBridge.sme.testcases.TC_InitiateViaCandidateSmeExtended_02">
    <skipped/>
  </testcase> <!-- verifyAuthorizationRelease -->
  <testcase name="verifyInitiateViaCandidateCasePaymentPending" time="0.0" classname="com.iBridge.sme.testcases.TC_InitiateViaCandidateSmeExtended_02">
    <skipped/>
  </testcase> <!-- verifyInitiateViaCandidateCasePaymentPending -->
  <testcase name="verifyFormSubmittedBucket" time="0.0" classname="com.iBridge.sme.testcases.TC_InitiateViaCandidateSmeExtended_02">
    <skipped/>
  </testcase> <!-- verifyFormSubmittedBucket -->
  <testcase name="verifyPaymentPendingBucket" time="0.0" classname="com.iBridge.sme.testcases.TC_InitiateViaCandidateSmeExtended_02">
    <skipped/>
  </testcase> <!-- verifyPaymentPendingBucket -->
  <testcase name="verifyWorkInProgressBucket" time="0.0" classname="com.iBridge.sme.testcases.TC_InitiateViaCandidateSmeExtended_02">
    <skipped/>
  </testcase> <!-- verifyWorkInProgressBucket -->
  <testcase name="verifyCaseAppearingInTotalCaseSentList" time="0.0" classname="com.iBridge.sme.testcases.TC_InitiateViaCandidateSmeExtended_02">
    <skipped/>
  </testcase> <!-- verifyCaseAppearingInTotalCaseSentList -->
  <testcase name="searchClientArsNoCaseList" time="0.0" classname="com.iBridge.sme.testcases.TC_InitiateViaCandidateSmeExtended_02">
    <skipped/>
  </testcase> <!-- searchClientArsNoCaseList -->
  <testcase name="verifyInsufficientDocsQcAllocator" time="0.0" classname="com.iBridge.sme.testcases.TC_InitiateViaCandidateSmeExtended_02">
    <skipped/>
  </testcase> <!-- verifyInsufficientDocsQcAllocator -->
  <testcase name="verifyInsufficientDocsQuality" time="0.0" classname="com.iBridge.sme.testcases.TC_InitiateViaCandidateSmeExtended_02">
    <skipped/>
  </testcase> <!-- verifyInsufficientDocsQuality -->
  <testcase name="verifyInsufficientAllocator" time="0.0" classname="com.iBridge.sme.testcases.TC_InitiateViaCandidateSmeExtended_02">
    <skipped/>
  </testcase> <!-- verifyInsufficientAllocator -->
</testsuite> <!-- iBridge13 -->
