<?xml version="1.0" encoding="UTF-8"?>
<!-- Generated by org.testng.reporters.JUnitXMLReporter -->
<testsuite hostname="ARS-NBT-LAP-068" ignored="0" name="iBridge11" tests="18" failures="0" timestamp="27 Jun 2022 12:18:20 GMT" time="434.286" errors="0">
  <testcase name="verifyInsufficientVerifier" time="38.863" classname="com.iBridge.sme.testcases.TC_InsufficientBridgeSme_01"/>
  <testcase name="verifyInsufficientAppearingOniBridge" time="10.58" classname="com.iBridge.sme.testcases.TC_InsufficientBridgeSme_01"/>
  <testcase name="verifyInsufficientpendingForFulfilment" time="15.589" classname="com.iBridge.sme.testcases.TC_InsufficientBridgeSme_01"/>
  <testcase name="verifyInsufficiencyFulfillment" time="28.398" classname="com.iBridge.sme.testcases.TC_InsufficientBridgeSme_01"/>
  <testcase name="verifyInsufficientCasesPresentOrNot" time="58.526" classname="com.iBridge.sme.testcases.TC_InsufficientBridgeSme_01"/>
  <testcase name="verifyCostApprovalRequiredInsufficient" time="31.564" classname="com.iBridge.sme.testcases.TC_InsufficientBridgeSme_01"/>
  <testcase name="verifycostApprovalRequiredInsuffCasePresentOrNot" time="53.486" classname="com.iBridge.sme.testcases.TC_InsufficientBridgeSme_01"/>
  <testcase name="verifyApprovalRequiredInsufficient" time="21.414" classname="com.iBridge.sme.testcases.TC_InsufficientBridgeSme_01"/>
  <testcase name="verifycostApprovalRequiredRemovedOrNot" time="9.734" classname="com.iBridge.sme.testcases.TC_InsufficientBridgeSme_01"/>
  <testcase name="verifyAdminUserReasonInsufficientBoth" time="31.471" classname="com.iBridge.sme.testcases.TC_InsufficientBridgeSme_01"/>
  <testcase name="verifyApprovalRequiredAndInsufficientBoth" time="50.951" classname="com.iBridge.sme.testcases.TC_InsufficientBridgeSme_01"/>
  <testcase name="verifyApprovalRequiredInsuffPresentOrNot" time="28.151" classname="com.iBridge.sme.testcases.TC_InsufficientBridgeSme_01"/>
  <testcase name="verifyApprovalRequiredInsuffBothRemovedOrNot" time="5.955" classname="com.iBridge.sme.testcases.TC_InsufficientBridgeSme_01"/>
  <testcase name="verifyInsufficientBothCasesPresentOrNot" time="5.474" classname="com.iBridge.sme.testcases.TC_InsufficientBridgeSme_01"/>
  <testcase name="verifyAdminUserInsuffRaisedCasesOnHold" time="22.105" classname="com.iBridge.sme.testcases.TC_InsufficientBridgeSme_01"/>
  <testcase name="verifyInsuffCasesOnHoldPresentOrNot" time="2.114" classname="com.iBridge.sme.testcases.TC_InsufficientBridgeSme_01"/>
  <testcase name="verifyInsuffCasesOnHoldRemovedOrNot" time="6.041" classname="com.iBridge.sme.testcases.TC_InsufficientBridgeSme_01"/>
  <testcase name="verifywithdrawCaseStatusClosedByClient" time="9.397" classname="com.iBridge.sme.testcases.TC_InsufficientBridgeSme_01"/>
</testsuite> <!-- iBridge11 -->
