<?xml version="1.0" encoding="UTF-8"?>
<!-- Generated by org.testng.reporters.JUnitXMLReporter -->
<testsuite hostname="ARS-NBT-LAP-068" ignored="0" name="iBridge11" tests="18" failures="0" timestamp="23 Jun 2022 06:45:50 GMT" time="446.639" errors="0">
  <testcase name="verifyInsufficientVerifier" time="45.555" classname="com.iBridge.sme.testcases.TC_InsufficientBridgeSme_01"/>
  <testcase name="verifyInsufficientAppearingOniBridge" time="21.579" classname="com.iBridge.sme.testcases.TC_InsufficientBridgeSme_01"/>
  <testcase name="verifyInsufficientpendingForFulfilment" time="16.292" classname="com.iBridge.sme.testcases.TC_InsufficientBridgeSme_01"/>
  <testcase name="verifyInsufficiencyFulfillment" time="27.324" classname="com.iBridge.sme.testcases.TC_InsufficientBridgeSme_01"/>
  <testcase name="verifyInsufficientCasesPresentOrNot" time="90.934" classname="com.iBridge.sme.testcases.TC_InsufficientBridgeSme_01"/>
  <testcase name="verifyCostApprovalRequiredInsufficient" time="34.129" classname="com.iBridge.sme.testcases.TC_InsufficientBridgeSme_01"/>
  <testcase name="verifycostApprovalRequiredInsuffCasePresentOrNot" time="10.984" classname="com.iBridge.sme.testcases.TC_InsufficientBridgeSme_01"/>
  <testcase name="verifyApprovalRequiredInsufficient" time="22.996" classname="com.iBridge.sme.testcases.TC_InsufficientBridgeSme_01"/>
  <testcase name="verifycostApprovalRequiredRemovedOrNot" time="10.411" classname="com.iBridge.sme.testcases.TC_InsufficientBridgeSme_01"/>
  <testcase name="verifyAdminUserReasonInsufficientBoth" time="33.831" classname="com.iBridge.sme.testcases.TC_InsufficientBridgeSme_01"/>
  <testcase name="verifyApprovalRequiredAndInsufficientBoth" time="37.315" classname="com.iBridge.sme.testcases.TC_InsufficientBridgeSme_01"/>
  <testcase name="verifyApprovalRequiredInsuffPresentOrNot" time="33.249" classname="com.iBridge.sme.testcases.TC_InsufficientBridgeSme_01"/>
  <testcase name="verifyApprovalRequiredInsuffBothRemovedOrNot" time="6.131" classname="com.iBridge.sme.testcases.TC_InsufficientBridgeSme_01"/>
  <testcase name="verifyInsufficientBothCasesPresentOrNot" time="5.598" classname="com.iBridge.sme.testcases.TC_InsufficientBridgeSme_01"/>
  <testcase name="verifyAdminUserInsuffRaisedCasesOnHold" time="23.235" classname="com.iBridge.sme.testcases.TC_InsufficientBridgeSme_01"/>
  <testcase name="verifyInsuffCasesOnHoldPresentOrNot" time="2.681" classname="com.iBridge.sme.testcases.TC_InsufficientBridgeSme_01"/>
  <testcase name="verifyInsuffCasesOnHoldRemovedOrNot" time="6.382" classname="com.iBridge.sme.testcases.TC_InsufficientBridgeSme_01"/>
  <testcase name="verifywithdrawCaseStatusClosedByClient" time="10.783" classname="com.iBridge.sme.testcases.TC_InsufficientBridgeSme_01"/>
</testsuite> <!-- iBridge11 -->
