<?xml version="1.0" encoding="UTF-8"?>
<!-- Generated by org.testng.reporters.JUnitXMLReporter -->
<testsuite hostname="ARS-NBT-LAP-068" ignored="0" name="iBridge17" tests="7" failures="1" timestamp="21 Jul 2022 09:08:29 GMT" time="40.88" errors="0">
  <testcase name="verifyEnpAdminLoginAccount" time="4.106" classname="com.iBridge.testcases.TC_PrepaidSubmitCaseIndividuallyExtended_02"/>
  <testcase name="verifyPrepaidInitiateSubmitCaseIndividually" time="33.447" classname="com.iBridge.testcases.TC_PrepaidSubmitCaseIndividuallyExtended_02">
    <failure type="org.openqa.selenium.StaleElementReferenceException" message="stale element reference: element is not attached to the page document
  (Session info: chrome=101.0.4951.54)
For documentation on this error, please visit: http://seleniumhq.org/exceptions/stale_element_reference.html
Build info: version: &amp;apos;3.14.0&amp;apos;, revision: &amp;apos;aacccce0&amp;apos;, time: &amp;apos;2018-08-02T20:19:58.91Z&amp;apos;
System info: host: &amp;apos;ARS-NBT-LAP-068&amp;apos;, ip: &amp;apos;192.168.1.5&amp;apos;, os.name: &amp;apos;Linux&amp;apos;, os.arch: &amp;apos;amd64&amp;apos;, os.version: &amp;apos;5.13.0-51-generic&amp;apos;, java.version: &amp;apos;1.8.0_312&amp;apos;
Driver info: org.openqa.selenium.chrome.ChromeDriver
Capabilities {acceptInsecureCerts: false, browserName: chrome, browserVersion: 101.0.4951.54, chrome: {chromedriverVersion: 101.0.4951.41 (93c720db8323..., userDataDir: /tmp/.com.google.Chrome.FeUweV}, goog:chromeOptions: {debuggerAddress: localhost:36513}, javascriptEnabled: true, networkConnectionEnabled: false, pageLoadStrategy: normal, platform: LINUX, platformName: LINUX, proxy: Proxy(), setWindowRect: true, strictFileInteractability: false, timeouts: {implicit: 0, pageLoad: 300000, script: 30000}, unhandledPromptBehavior: dismiss and notify, webauthn:extension:credBlob: true, webauthn:extension:largeBlob: true, webauthn:virtualAuthenticators: true}
Session ID: 8d80a9fd6ba57a7f89e7922a5884d713">
      <![CDATA[org.openqa.selenium.StaleElementReferenceException: stale element reference: element is not attached to the page document
  (Session info: chrome=101.0.4951.54)
For documentation on this error, please visit: http://seleniumhq.org/exceptions/stale_element_reference.html
Build info: version: '3.14.0', revision: 'aacccce0', time: '2018-08-02T20:19:58.91Z'
System info: host: 'ARS-NBT-LAP-068', ip: '192.168.1.5', os.name: 'Linux', os.arch: 'amd64', os.version: '5.13.0-51-generic', java.version: '1.8.0_312'
Driver info: org.openqa.selenium.chrome.ChromeDriver
Capabilities {acceptInsecureCerts: false, browserName: chrome, browserVersion: 101.0.4951.54, chrome: {chromedriverVersion: 101.0.4951.41 (93c720db8323..., userDataDir: /tmp/.com.google.Chrome.FeUweV}, goog:chromeOptions: {debuggerAddress: localhost:36513}, javascriptEnabled: true, networkConnectionEnabled: false, pageLoadStrategy: normal, platform: LINUX, platformName: LINUX, proxy: Proxy(), setWindowRect: true, strictFileInteractability: false, timeouts: {implicit: 0, pageLoad: 300000, script: 30000}, unhandledPromptBehavior: dismiss and notify, webauthn:extension:credBlob: true, webauthn:extension:largeBlob: true, webauthn:virtualAuthenticators: true}
Session ID: 8d80a9fd6ba57a7f89e7922a5884d713
at org.openqa.selenium.remote.http.W3CHttpResponseCodec.createException(W3CHttpResponseCodec.java:187)
at org.openqa.selenium.remote.http.W3CHttpResponseCodec.decode(W3CHttpResponseCodec.java:122)
at org.openqa.selenium.remote.http.W3CHttpResponseCodec.decode(W3CHttpResponseCodec.java:49)
at org.openqa.selenium.remote.HttpCommandExecutor.execute(HttpCommandExecutor.java:158)
at org.openqa.selenium.remote.service.DriverCommandExecutor.execute(DriverCommandExecutor.java:83)
at org.openqa.selenium.remote.RemoteWebDriver.execute(RemoteWebDriver.java:548)
at org.openqa.selenium.remote.RemoteWebElement.execute(RemoteWebElement.java:276)
at org.openqa.selenium.remote.RemoteWebElement.getAttribute(RemoteWebElement.java:128)
at com.iBridge.pageobject.PrepaidSubmitCaseIndividuallyExtended.prepaidCandidateAddress(PrepaidSubmitCaseIndividuallyExtended.java:1254)
at com.iBridge.testcases.TC_PrepaidSubmitCaseIndividuallyExtended_02.verifyPrepaidInitiateSubmitCaseIndividually(TC_PrepaidSubmitCaseIndividuallyExtended_02.java:69)
... Removed 32 stack frames]]>
    </failure>
  </testcase> <!-- verifyPrepaidInitiateSubmitCaseIndividually -->
  <testcase name="verifyPrepaidAmountPayableValue" time="0.0" classname="com.iBridge.testcases.TC_PrepaidSubmitCaseIndividuallyExtended_02">
    <skipped/>
  </testcase> <!-- verifyPrepaidAmountPayableValue -->
  <testcase name="verifyPrepaidPaymentPendingCases" time="0.0" classname="com.iBridge.testcases.TC_PrepaidSubmitCaseIndividuallyExtended_02">
    <skipped/>
  </testcase> <!-- verifyPrepaidPaymentPendingCases -->
  <testcase name="verifysubmittedForVerificationBucket" time="0.0" classname="com.iBridge.testcases.TC_PrepaidSubmitCaseIndividuallyExtended_02">
    <skipped/>
  </testcase> <!-- verifysubmittedForVerificationBucket -->
  <testcase name="submittedCasesTrackerWipCases" time="0.0" classname="com.iBridge.testcases.TC_PrepaidSubmitCaseIndividuallyExtended_02">
    <skipped/>
  </testcase> <!-- submittedCasesTrackerWipCases -->
  <testcase name="searchClientArsNoCaseList" time="0.0" classname="com.iBridge.testcases.TC_PrepaidSubmitCaseIndividuallyExtended_02">
    <skipped/>
  </testcase> <!-- searchClientArsNoCaseList -->
</testsuite> <!-- iBridge17 -->
