<?xml version="1.0" encoding="UTF-8"?>
<!-- Generated by org.testng.reporters.JUnitXMLReporter -->
<testsuite hostname="ARS-NBT-LAP-068" ignored="0" name="iBridge 21" tests="4" failures="0" timestamp="12 Jun 2022 12:57:49 GMT" time="259.883" errors="0">
  <testcase name="signDriveLogin" time="4.915" classname="com.signdrive.testcases.SignDrive_RejectedOfferLetter_Test"/>
  <testcase name="initiateViaCandidate" time="41.515" classname="com.signdrive.testcases.SignDrive_RejectedOfferLetter_Test"/>
  <testcase name="uploadCtcFile" time="24.193" classname="com.signdrive.testcases.SignDrive_RejectedOfferLetter_Test"/>
  <testcase name="candidateReceiveLink" time="183.886" classname="com.signdrive.testcases.SignDrive_RejectedOfferLetter_Test"/>
</testsuite> <!-- iBridge 21 -->
