<?xml version="1.0" encoding="UTF-8"?>
<!-- Generated by org.testng.reporters.JUnitXMLReporter -->
<testsuite hostname="ARS-NBT-LAP-068" ignored="0" name="iBridge2" tests="2" failures="0" timestamp="19 May 2022 11:16:21 GMT" time="59.516" errors="0">
  <testcase name="casesSubmissionSummary" time="47.417" classname="com.iBridge.testcases.TC_CasesPendingInitiation_01"/>
  <testcase name="pendingCasesInitiation" time="5.084" classname="com.iBridge.testcases.TC_CasesPendingInitiation_01"/>
</testsuite> <!-- iBridge2 -->
