<?xml version="1.0" encoding="UTF-8"?>
<!-- Generated by org.testng.reporters.JUnitXMLReporter -->
<testsuite hostname="ARS-NBT-LAP-068" ignored="0" name="iBridge10" tests="8" failures="0" timestamp="27 Jun 2022 12:11:05 GMT" time="325.252" errors="0">
  <testcase name="initiateSelfCaseSme" time="31.739" classname="com.iBridge.sme.testcases.TC_InitiateSelfCaseSmeExtended_01"/>
  <testcase name="candidateProfileDetailsFilling" time="62.366" classname="com.iBridge.sme.testcases.TC_InitiateSelfCaseSmeExtended_01"/>
  <testcase name="verifyAuthorizationRelease" time="13.583" classname="com.iBridge.sme.testcases.TC_InitiateSelfCaseSmeExtended_01"/>
  <testcase name="verifyWorkInProgressCases" time="10.131" classname="com.iBridge.sme.testcases.TC_InitiateSelfCaseSmeExtended_01"/>
  <testcase name="searchClientArsNoCaseList" time="13.544" classname="com.iBridge.sme.testcases.TC_InitiateSelfCaseSmeExtended_01"/>
  <testcase name="verifyInsufficientDocsQcAllocator" time="50.591" classname="com.iBridge.sme.testcases.TC_InitiateSelfCaseSmeExtended_01"/>
  <testcase name="verifyInsufficientDocsQuality" time="121.445" classname="com.iBridge.sme.testcases.TC_InitiateSelfCaseSmeExtended_01"/>
  <testcase name="verifyInsufficientAllocator" time="13.156" classname="com.iBridge.sme.testcases.TC_InitiateSelfCaseSmeExtended_01"/>
</testsuite> <!-- iBridge10 -->
