<?xml version="1.0" encoding="UTF-8"?>
<!-- Generated by org.testng.reporters.JUnitXMLReporter -->
<testsuite hostname="ARS-NBT-LAP-068" ignored="2" name="iBridge6" tests="13" failures="1" timestamp="21 Jul 2022 12:37:26 GMT" time="61.923" errors="0">
  <testcase name="initiateCasesInBulkExtended" time="18.293" classname="com.iBridge.testcases.TC_InitiateCasesInBulkExtended_02"/>
  <testcase name="dragDropBrowse" time="16.527" classname="com.iBridge.testcases.TC_InitiateCasesInBulkExtended_02"/>
  <testcase name="candidateEmailVerification" time="22.444" classname="com.iBridge.testcases.TC_InitiateCasesInBulkExtended_02"/>
  <testcase name="candidateLoginBulkAccount" time="0.051" classname="com.iBridge.testcases.TC_InitiateCasesInBulkExtended_02">
    <failure type="org.openqa.selenium.UnhandledAlertException" message="unexpected alert open: {Alert text : msg not found}
  (Session info: chrome=101.0.4951.54): msg not found
Build info: version: &amp;apos;3.14.0&amp;apos;, revision: &amp;apos;aacccce0&amp;apos;, time: &amp;apos;2018-08-02T20:19:58.91Z&amp;apos;
System info: host: &amp;apos;ARS-NBT-LAP-068&amp;apos;, ip: &amp;apos;192.168.1.5&amp;apos;, os.name: &amp;apos;Linux&amp;apos;, os.arch: &amp;apos;amd64&amp;apos;, os.version: &amp;apos;5.13.0-51-generic&amp;apos;, java.version: &amp;apos;1.8.0_312&amp;apos;
Driver info: org.openqa.selenium.chrome.ChromeDriver
Capabilities {acceptInsecureCerts: false, browserName: chrome, browserVersion: 101.0.4951.54, chrome: {chromedriverVersion: 101.0.4951.41 (93c720db8323..., userDataDir: /tmp/.com.google.Chrome.3m1kbh}, goog:chromeOptions: {debuggerAddress: localhost:37221}, javascriptEnabled: true, networkConnectionEnabled: false, pageLoadStrategy: normal, platform: LINUX, platformName: LINUX, proxy: Proxy(), setWindowRect: true, strictFileInteractability: false, timeouts: {implicit: 0, pageLoad: 300000, script: 30000}, unhandledPromptBehavior: dismiss and notify, webauthn:extension:credBlob: true, webauthn:extension:largeBlob: true, webauthn:virtualAuthenticators: true}
Session ID: 8003335f4b416d988e29971ba3bc4c88">
      <![CDATA[org.openqa.selenium.UnhandledAlertException: unexpected alert open: {Alert text : msg not found}
  (Session info: chrome=101.0.4951.54): msg not found
Build info: version: '3.14.0', revision: 'aacccce0', time: '2018-08-02T20:19:58.91Z'
System info: host: 'ARS-NBT-LAP-068', ip: '192.168.1.5', os.name: 'Linux', os.arch: 'amd64', os.version: '5.13.0-51-generic', java.version: '1.8.0_312'
Driver info: org.openqa.selenium.chrome.ChromeDriver
Capabilities {acceptInsecureCerts: false, browserName: chrome, browserVersion: 101.0.4951.54, chrome: {chromedriverVersion: 101.0.4951.41 (93c720db8323..., userDataDir: /tmp/.com.google.Chrome.3m1kbh}, goog:chromeOptions: {debuggerAddress: localhost:37221}, javascriptEnabled: true, networkConnectionEnabled: false, pageLoadStrategy: normal, platform: LINUX, platformName: LINUX, proxy: Proxy(), setWindowRect: true, strictFileInteractability: false, timeouts: {implicit: 0, pageLoad: 300000, script: 30000}, unhandledPromptBehavior: dismiss and notify, webauthn:extension:credBlob: true, webauthn:extension:largeBlob: true, webauthn:virtualAuthenticators: true}
Session ID: 8003335f4b416d988e29971ba3bc4c88
at org.openqa.selenium.remote.http.W3CHttpResponseCodec.decode(W3CHttpResponseCodec.java:120)
at org.openqa.selenium.remote.http.W3CHttpResponseCodec.decode(W3CHttpResponseCodec.java:49)
at org.openqa.selenium.remote.HttpCommandExecutor.execute(HttpCommandExecutor.java:158)
at org.openqa.selenium.remote.service.DriverCommandExecutor.execute(DriverCommandExecutor.java:83)
at org.openqa.selenium.remote.RemoteWebDriver.execute(RemoteWebDriver.java:548)
at org.openqa.selenium.remote.RemoteWebDriver.get(RemoteWebDriver.java:276)
at com.iBridge.testcases.TC_InitiateCasesInBulkExtended_02.candidateLoginBulkAccount(TC_InitiateCasesInBulkExtended_02.java:130)
... Removed 28 stack frames]]>
    </failure>
  </testcase> <!-- candidateLoginBulkAccount -->
  <testcase name="submittedForVerification" time="0.0" classname="com.iBridge.testcases.TC_InitiateCasesInBulkExtended_02">
    <skipped/>
  </testcase> <!-- submittedForVerification -->
  <testcase name="submittedCasesTrackerWipCases" time="0.0" classname="com.iBridge.testcases.TC_InitiateCasesInBulkExtended_02">
    <skipped/>
  </testcase> <!-- submittedCasesTrackerWipCases -->
  <testcase name="searchClientArsNoCaseList" time="0.0" classname="com.iBridge.testcases.TC_InitiateCasesInBulkExtended_02">
    <skipped/>
  </testcase> <!-- searchClientArsNoCaseList -->
  <testcase name="verifyInsufficientDocsQcAllocator" time="0.0" classname="com.iBridge.testcases.TC_InitiateCasesInBulkExtended_02">
    <skipped/>
  </testcase> <!-- verifyInsufficientDocsQcAllocator -->
  <testcase name="verifyInsufficientDocsQuality" time="0.0" classname="com.iBridge.testcases.TC_InitiateCasesInBulkExtended_02">
    <skipped/>
  </testcase> <!-- verifyInsufficientDocsQuality -->
  <testcase name="verifyInsufficientAllocator" time="0.0" classname="com.iBridge.testcases.TC_InitiateCasesInBulkExtended_02">
    <skipped/>
  </testcase> <!-- verifyInsufficientAllocator -->
  <testcase name="verifyInsufficientVerifier" time="0.0" classname="com.iBridge.testcases.TC_InitiateCasesInBulkExtended_02">
    <skipped/>
  </testcase> <!-- verifyInsufficientVerifier -->
  <testcase name="verifyInsufficientpendingForFulfilment" time="0.0" classname="com.iBridge.testcases.TC_InitiateCasesInBulkExtended_02">
    <skipped/>
  </testcase> <!-- verifyInsufficientpendingForFulfilment -->
  <testcase name="verifyInsufficiencyFulfillment" time="0.0" classname="com.iBridge.testcases.TC_InitiateCasesInBulkExtended_02">
    <skipped/>
  </testcase> <!-- verifyInsufficiencyFulfillment -->
  <testcase name="verifyInsufficientCasesPresentOrNot" time="0.0" classname="com.iBridge.testcases.TC_InitiateCasesInBulkExtended_02">
    <ignored/>
  </testcase> <!-- verifyInsufficientCasesPresentOrNot -->
  <testcase name="verifyCostApprovalOnHoldCases" time="0.0" classname="com.iBridge.testcases.TC_InitiateCasesInBulkExtended_02">
    <ignored/>
  </testcase> <!-- verifyCostApprovalOnHoldCases -->
</testsuite> <!-- iBridge6 -->
