<?xml version="1.0" encoding="UTF-8"?>
<!-- Generated by org.testng.reporters.JUnitXMLReporter -->
<testsuite hostname="ARS-NBT-LAP-068" ignored="0" name="iBridge10" tests="8" failures="0" timestamp="16 Jun 2022 10:39:01 GMT" time="486.373" errors="0">
  <testcase name="initiateSelfCaseSme" time="62.619" classname="com.iBridge.sme.testcases.TC_InitiateSelfCaseSmeExtended_01"/>
  <testcase name="candidateProfileDetailsFilling" time="72.788" classname="com.iBridge.sme.testcases.TC_InitiateSelfCaseSmeExtended_01"/>
  <testcase name="verifyAuthorizationRelease" time="13.728" classname="com.iBridge.sme.testcases.TC_InitiateSelfCaseSmeExtended_01"/>
  <testcase name="verifyWorkInProgressCases" time="3.62" classname="com.iBridge.sme.testcases.TC_InitiateSelfCaseSmeExtended_01"/>
  <testcase name="searchClientArsNoCaseList" time="21.772" classname="com.iBridge.sme.testcases.TC_InitiateSelfCaseSmeExtended_01"/>
  <testcase name="verifyInsufficientDocsQcAllocator" time="100.887" classname="com.iBridge.sme.testcases.TC_InitiateSelfCaseSmeExtended_01"/>
  <testcase name="verifyInsufficientDocsQuality" time="184.425" classname="com.iBridge.sme.testcases.TC_InitiateSelfCaseSmeExtended_01"/>
  <testcase name="verifyInsufficientAllocator" time="16.381" classname="com.iBridge.sme.testcases.TC_InitiateSelfCaseSmeExtended_01"/>
</testsuite> <!-- iBridge10 -->
