<?xml version="1.0" encoding="UTF-8"?>
<!-- Generated by org.testng.reporters.JUnitXMLReporter -->
<testsuite hostname="ARS-NBT-LAP-068" ignored="0" name="iBridge14" tests="7" failures="1" timestamp="22 Jul 2022 10:36:07 GMT" time="113.096" errors="0">
  <testcase name="checksSummaryClosedByClient" time="102.31" classname="com.iBridge.sme.testcases.TC_CaseCompletionSme_01">
    <failure type="java.lang.NullPointerException">
      <![CDATA[java.lang.NullPointerException
at org.openqa.selenium.support.pagefactory.internal.LocatingElementHandler.invoke(LocatingElementHandler.java:51)
at com.sun.proxy.$Proxy8.isDisplayed(Unknown Source)
at org.openqa.selenium.support.ui.ExpectedConditions.elementIfVisible(ExpectedConditions.java:315)
at org.openqa.selenium.support.ui.ExpectedConditions.access$100(ExpectedConditions.java:44)
at org.openqa.selenium.support.ui.ExpectedConditions$10.apply(ExpectedConditions.java:301)
at org.openqa.selenium.support.ui.ExpectedConditions$10.apply(ExpectedConditions.java:298)
at org.openqa.selenium.support.ui.FluentWait.until(FluentWait.java:260)
at com.iBridge.sme.pageobject.CaseCompletionSme.userAdminChecksSummaryClosedByClient(CaseCompletionSme.java:1217)
at com.iBridge.sme.testcases.TC_CaseCompletionSme_01.checksSummaryClosedByClient(TC_CaseCompletionSme_01.java:32)
... Removed 32 stack frames]]>
    </failure>
  </testcase> <!-- checksSummaryClosedByClient -->
  <testcase name="educationWCheckCloseVerification" time="0.0" classname="com.iBridge.sme.testcases.TC_CaseCompletionSme_01">
    <skipped/>
  </testcase> <!-- educationWCheckCloseVerification -->
  <testcase name="verificationQualityAllocator" time="0.0" classname="com.iBridge.sme.testcases.TC_CaseCompletionSme_01">
    <skipped/>
  </testcase> <!-- verificationQualityAllocator -->
  <testcase name="verificationQualityReleasedForReport" time="0.0" classname="com.iBridge.sme.testcases.TC_CaseCompletionSme_01">
    <skipped/>
  </testcase> <!-- verificationQualityReleasedForReport -->
  <testcase name="verificationQualityAllocatorForReport" time="0.0" classname="com.iBridge.sme.testcases.TC_CaseCompletionSme_01">
    <skipped/>
  </testcase> <!-- verificationQualityAllocatorForReport -->
  <testcase name="verifyReportsManager" time="0.0" classname="com.iBridge.sme.testcases.TC_CaseCompletionSme_01">
    <skipped/>
  </testcase> <!-- verifyReportsManager -->
  <testcase name="generateCaseReportPdf" time="0.0" classname="com.iBridge.sme.testcases.TC_CaseCompletionSme_01">
    <skipped/>
  </testcase> <!-- generateCaseReportPdf -->
</testsuite> <!-- iBridge14 -->
