<?xml version="1.0" encoding="UTF-8"?>
<!-- Generated by org.testng.reporters.JUnitXMLReporter -->
<testsuite hostname="ARS-NBT-LAP-068" ignored="0" name="iBridge 23" tests="4" failures="1" timestamp="06 Jun 2022 12:01:59 GMT" time="148.131" errors="0">
  <testcase name="signDriveLogin" time="6.698" classname="com.signdrive.testcases.SignDrive_ManaulTrigger_Test"/>
  <testcase name="initiateViaCandidate" time="59.459" classname="com.signdrive.testcases.SignDrive_ManaulTrigger_Test"/>
  <testcase name="uploadCTCFile" time="28.715" classname="com.signdrive.testcases.SignDrive_ManaulTrigger_Test"/>
  <testcase name="emailVerification" time="46.942" classname="com.signdrive.testcases.SignDrive_ManaulTrigger_Test">
    <failure type="java.lang.NullPointerException">
      <![CDATA[java.lang.NullPointerException
at org.openqa.selenium.support.pagefactory.internal.LocatingElementHandler.invoke(LocatingElementHandler.java:51)
at com.sun.proxy.$Proxy8.isDisplayed(Unknown Source)
at org.openqa.selenium.support.ui.ExpectedConditions.elementIfVisible(ExpectedConditions.java:315)
at org.openqa.selenium.support.ui.ExpectedConditions.access$100(ExpectedConditions.java:44)
at org.openqa.selenium.support.ui.ExpectedConditions$10.apply(ExpectedConditions.java:301)
at org.openqa.selenium.support.ui.ExpectedConditions$10.apply(ExpectedConditions.java:298)
at org.openqa.selenium.support.ui.FluentWait.until(FluentWait.java:260)
at com.signdrive.pageobject.Email_Verification_page.offerLetterSignedByCandidate(Email_Verification_page.java:190)
at com.signdrive.testcases.SignDrive_ManaulTrigger_Test.emailVerification(SignDrive_ManaulTrigger_Test.java:109)
... Removed 32 stack frames]]>
    </failure>
  </testcase> <!-- emailVerification -->
</testsuite> <!-- iBridge 23 -->
