<?xml version="1.0" encoding="UTF-8"?>
<!-- Generated by org.testng.reporters.JUnitXMLReporter -->
<testsuite hostname="ARS-NBT-LAP-068" ignored="0" name="iBridge7" tests="8" failures="1" timestamp="21 Jul 2022 11:38:12 GMT" time="292.873" errors="0">
  <testcase name="checksSummaryClosedByClient" time="290.145" classname="com.iBridge.testcases.TC_CaseCompletion_01">
    <failure type="java.lang.NullPointerException">
      <![CDATA[java.lang.NullPointerException
at org.openqa.selenium.support.pagefactory.internal.LocatingElementHandler.invoke(LocatingElementHandler.java:51)
at com.sun.proxy.$Proxy8.isDisplayed(Unknown Source)
at org.openqa.selenium.support.ui.ExpectedConditions.elementIfVisible(ExpectedConditions.java:315)
at org.openqa.selenium.support.ui.ExpectedConditions.access$100(ExpectedConditions.java:44)
at org.openqa.selenium.support.ui.ExpectedConditions$10.apply(ExpectedConditions.java:301)
at org.openqa.selenium.support.ui.ExpectedConditions$10.apply(ExpectedConditions.java:298)
at org.openqa.selenium.support.ui.FluentWait.until(FluentWait.java:260)
at com.iBridge.pageobject.CaseCompletion.verifyProfessionalReferenceCheckClosedByClientMsg(CaseCompletion.java:1331)
at com.iBridge.testcases.TC_CaseCompletion_01.checksSummaryClosedByClient(TC_CaseCompletion_01.java:41)
... Removed 31 stack frames]]>
    </failure>
  </testcase> <!-- checksSummaryClosedByClient -->
  <testcase name="educationWCheckCloseVerification" time="0.0" classname="com.iBridge.testcases.TC_CaseCompletion_01">
    <skipped/>
  </testcase> <!-- educationWCheckCloseVerification -->
  <testcase name="verificationQualityAllocator" time="0.0" classname="com.iBridge.testcases.TC_CaseCompletion_01">
    <skipped/>
  </testcase> <!-- verificationQualityAllocator -->
  <testcase name="verifyReportsManager" time="0.001" classname="com.iBridge.testcases.TC_CaseCompletion_01">
    <skipped/>
  </testcase> <!-- verifyReportsManager -->
  <testcase name="generateCaseReportPdf" time="0.0" classname="com.iBridge.testcases.TC_CaseCompletion_01">
    <skipped/>
  </testcase> <!-- generateCaseReportPdf -->
  <testcase name="verifyCompletedCasePresentOrNot" time="0.0" classname="com.iBridge.testcases.TC_CaseCompletion_01">
    <skipped/>
  </testcase> <!-- verifyCompletedCasePresentOrNot -->
  <testcase name="reOpenCompletedCase" time="0.0" classname="com.iBridge.testcases.TC_CaseCompletion_01">
    <skipped/>
  </testcase> <!-- reOpenCompletedCase -->
  <testcase name="verifyReOpenedCaseInWip" time="0.0" classname="com.iBridge.testcases.TC_CaseCompletion_01">
    <skipped/>
  </testcase> <!-- verifyReOpenedCaseInWip -->
</testsuite> <!-- iBridge7 -->
