<?xml version="1.0" encoding="UTF-8"?>
<!-- Generated by org.testng.reporters.JUnitXMLReporter -->
<testsuite hostname="ARS-NBT-LAP-068" ignored="0" name="iBridge4" tests="17" failures="1" timestamp="05 Jul 2022 12:49:48 GMT" time="54.829" errors="0">
  <testcase name="verifyInsufficientVerifier" time="43.755" classname="com.iBridge.testcases.TC_InsufficientBridge_01">
    <failure type="java.lang.NullPointerException">
      <![CDATA[java.lang.NullPointerException
at org.openqa.selenium.support.pagefactory.internal.LocatingElementHandler.invoke(LocatingElementHandler.java:51)
at com.sun.proxy.$Proxy8.getTagName(Unknown Source)
at org.openqa.selenium.support.ui.Select.<init>(Select.java:44)
at com.iBridge.pageobject.InsufficientBridge.superAdminVerifier(InsufficientBridge.java:1424)
at com.iBridge.testcases.TC_InsufficientBridge_01.verifyInsufficientVerifier(TC_InsufficientBridge_01.java:30)
... Removed 32 stack frames]]>
    </failure>
  </testcase> <!-- verifyInsufficientVerifier -->
  <testcase name="verifyInsufficientpendingForFulfilment" time="0.0" classname="com.iBridge.testcases.TC_InsufficientBridge_01">
    <skipped/>
  </testcase> <!-- verifyInsufficientpendingForFulfilment -->
  <testcase name="verifyInsufficiencyFulfillment" time="0.0" classname="com.iBridge.testcases.TC_InsufficientBridge_01">
    <skipped/>
  </testcase> <!-- verifyInsufficiencyFulfillment -->
  <testcase name="verifyInsufficientCasesPresentOrNot" time="0.0" classname="com.iBridge.testcases.TC_InsufficientBridge_01">
    <skipped/>
  </testcase> <!-- verifyInsufficientCasesPresentOrNot -->
  <testcase name="verifyInsufficientVerifierPanCheck" time="0.0" classname="com.iBridge.testcases.TC_InsufficientBridge_01">
    <skipped/>
  </testcase> <!-- verifyInsufficientVerifierPanCheck -->
  <testcase name="verifyInsufficientpendingForPanNumberFulfilment" time="0.0" classname="com.iBridge.testcases.TC_InsufficientBridge_01">
    <skipped/>
  </testcase> <!-- verifyInsufficientpendingForPanNumberFulfilment -->
  <testcase name="verifyInsufficiencyPartiallyApproveFulfillment" time="0.0" classname="com.iBridge.testcases.TC_InsufficientBridge_01">
    <skipped/>
  </testcase> <!-- verifyInsufficiencyPartiallyApproveFulfillment -->
  <testcase name="verifyInsufficientPartiallyApproveCasesPresentOrNot" time="0.0" classname="com.iBridge.testcases.TC_InsufficientBridge_01">
    <skipped/>
  </testcase> <!-- verifyInsufficientPartiallyApproveCasesPresentOrNot -->
  <testcase name="verifyInsufficientVerifierIndianDatabaseCheck" time="0.0" classname="com.iBridge.testcases.TC_InsufficientBridge_01">
    <skipped/>
  </testcase> <!-- verifyInsufficientVerifierIndianDatabaseCheck -->
  <testcase name="verifyInsufficientpendingForIndianDatabaseFulfilment" time="0.0" classname="com.iBridge.testcases.TC_InsufficientBridge_01">
    <skipped/>
  </testcase> <!-- verifyInsufficientpendingForIndianDatabaseFulfilment -->
  <testcase name="verifyInsufficiencyRejectedFulfillment" time="0.0" classname="com.iBridge.testcases.TC_InsufficientBridge_01">
    <skipped/>
  </testcase> <!-- verifyInsufficiencyRejectedFulfillment -->
  <testcase name="verifyInsufficientRejectedCasesPresentOrNot" time="0.0" classname="com.iBridge.testcases.TC_InsufficientBridge_01">
    <skipped/>
  </testcase> <!-- verifyInsufficientRejectedCasesPresentOrNot -->
  <testcase name="verifyRoutedToCandidate" time="0.0" classname="com.iBridge.testcases.TC_InsufficientBridge_01">
    <skipped/>
  </testcase> <!-- verifyRoutedToCandidate -->
  <testcase name="verifyGetRouteToCandidateUserNameAndPassword" time="0.0" classname="com.iBridge.testcases.TC_InsufficientBridge_01">
    <skipped/>
  </testcase> <!-- verifyGetRouteToCandidateUserNameAndPassword -->
  <testcase name="verifyRouteToCandidateDetails" time="0.0" classname="com.iBridge.testcases.TC_InsufficientBridge_01">
    <skipped/>
  </testcase> <!-- verifyRouteToCandidateDetails -->
  <testcase name="verifyRouteToCandidatefullfilInsuffBucket" time="0.0" classname="com.iBridge.testcases.TC_InsufficientBridge_01">
    <skipped/>
  </testcase> <!-- verifyRouteToCandidatefullfilInsuffBucket -->
  <testcase name="verifyClientAcknowledgeMail" time="0.0" classname="com.iBridge.testcases.TC_InsufficientBridge_01">
    <skipped/>
  </testcase> <!-- verifyClientAcknowledgeMail -->
</testsuite> <!-- iBridge4 -->
