<?xml version="1.0" encoding="UTF-8"?>
<!-- Generated by org.testng.reporters.JUnitXMLReporter -->
<testsuite hostname="ARS-NBT-LAP-068" ignored="0" name="iBridge18" tests="20" failures="1" timestamp="30 Jun 2022 14:04:53 GMT" time="210.492" errors="0">
  <testcase name="verifyiBridgeCatLoginDetails" time="13.932" classname="com.iBridge.testcases.TC_CatSignOffApplicable_01"/>
  <testcase name="verifyBritishClientSignOffApplicableYes" time="8.956" classname="com.iBridge.testcases.TC_CatSignOffApplicable_01"/>
  <testcase name="verifyInitiateCaseIndividuallyExtended" time="182.02" classname="com.iBridge.testcases.TC_CatSignOffApplicable_01">
    <failure type="org.openqa.selenium.TimeoutException" message="Expected condition failed: waiting for visibility of Proxy element for: DefaultElementLocator &amp;apos;By.xpath: //h3[contains(text(),&amp;apos;Case Submission Summary&amp;apos;)]&amp;apos; (tried for 120 second(s) with 500 milliseconds interval)">
      <![CDATA[org.openqa.selenium.TimeoutException: Expected condition failed: waiting for visibility of Proxy element for: DefaultElementLocator 'By.xpath: //h3[contains(text(),'Case Submission Summary')]' (tried for 120 second(s) with 500 milliseconds interval)
at org.openqa.selenium.support.ui.WebDriverWait.timeoutException(WebDriverWait.java:113)
at org.openqa.selenium.support.ui.FluentWait.until(FluentWait.java:283)
at com.iBridge.pageobject.LoginPage.verifyDashboardCaseSubmissionSummaryText(LoginPage.java:56)
at com.iBridge.testcases.TC_InitiateCaseIndividuallyExtended_01.initiateCaseIndividuallyExtended(TC_InitiateCaseIndividuallyExtended_01.java:35)
at com.iBridge.testcases.TC_CatSignOffApplicable_01.verifyInitiateCaseIndividuallyExtended(TC_CatSignOffApplicable_01.java:73)
Caused by: org.openqa.selenium.NoSuchElementException: no such element: Unable to locate element: {"method":"xpath","selector":"//h3[contains(text(),'Case Submission Summary')]"}
  (Session info: chrome=101.0.4951.54)
For documentation on this error, please visit: http://seleniumhq.org/exceptions/no_such_element.html
Build info: version: '3.14.0', revision: 'aacccce0', time: '2018-08-02T20:19:58.91Z'
System info: host: 'ARS-NBT-LAP-068', ip: '192.168.121.30', os.name: 'Linux', os.arch: 'amd64', os.version: '5.13.0-51-generic', java.version: '1.8.0_312'
Driver info: org.openqa.selenium.chrome.ChromeDriver
Capabilities {acceptInsecureCerts: false, browserName: chrome, browserVersion: 101.0.4951.54, chrome: {chromedriverVersion: 101.0.4951.41 (93c720db8323..., userDataDir: /tmp/.com.google.Chrome.ALvgFG}, goog:chromeOptions: {debuggerAddress: localhost:39341}, javascriptEnabled: true, networkConnectionEnabled: false, pageLoadStrategy: normal, platform: LINUX, platformName: LINUX, proxy: Proxy(), setWindowRect: true, strictFileInteractability: false, timeouts: {implicit: 0, pageLoad: 300000, script: 30000}, unhandledPromptBehavior: dismiss and notify, webauthn:extension:credBlob: true, webauthn:extension:largeBlob: true, webauthn:virtualAuthenticators: true}
Session ID: 2bdd8d5cd86b0e446647ca3c7c4b2d8d
*** Element info: {Using=xpath, value=//h3[contains(text(),'Case Submission Summary')]}
at org.openqa.selenium.remote.http.W3CHttpResponseCodec.createException(W3CHttpResponseCodec.java:187)
at org.openqa.selenium.remote.http.W3CHttpResponseCodec.decode(W3CHttpResponseCodec.java:122)
at org.openqa.selenium.remote.http.W3CHttpResponseCodec.decode(W3CHttpResponseCodec.java:49)
at org.openqa.selenium.remote.HttpCommandExecutor.execute(HttpCommandExecutor.java:158)
at org.openqa.selenium.remote.service.DriverCommandExecutor.execute(DriverCommandExecutor.java:83)
at org.openqa.selenium.remote.RemoteWebDriver.execute(RemoteWebDriver.java:548)
at org.openqa.selenium.remote.RemoteWebDriver.findElement(RemoteWebDriver.java:322)
at org.openqa.selenium.remote.RemoteWebDriver.findElementByXPath(RemoteWebDriver.java:424)
at org.openqa.selenium.By$ByXPath.findElement(By.java:353)
at org.openqa.selenium.remote.RemoteWebDriver.findElement(RemoteWebDriver.java:314)
at org.openqa.selenium.support.pagefactory.DefaultElementLocator.findElement(DefaultElementLocator.java:69)
at org.openqa.selenium.support.pagefactory.internal.LocatingElementHandler.invoke(LocatingElementHandler.java:38)
at com.sun.proxy.$Proxy8.isDisplayed(Unknown Source)
at org.openqa.selenium.support.ui.ExpectedConditions.elementIfVisible(ExpectedConditions.java:315)
at org.openqa.selenium.support.ui.ExpectedConditions.access$100(ExpectedConditions.java:44)
at org.openqa.selenium.support.ui.ExpectedConditions$10.apply(ExpectedConditions.java:301)
at org.openqa.selenium.support.ui.ExpectedConditions$10.apply(ExpectedConditions.java:298)
at org.openqa.selenium.support.ui.FluentWait.until(FluentWait.java:260)
... 31 more
... Removed 32 stack frames]]>
    </failure>
  </testcase> <!-- verifyInitiateCaseIndividuallyExtended -->
  <testcase name="verifyPendingSignOffBucket" time="0.0" classname="com.iBridge.testcases.TC_CatSignOffApplicable_01">
    <skipped/>
  </testcase> <!-- verifyPendingSignOffBucket -->
  <testcase name="verifyBritishClientSignOffApplicableNo" time="0.0" classname="com.iBridge.testcases.TC_CatSignOffApplicable_01">
    <skipped/>
  </testcase> <!-- verifyBritishClientSignOffApplicableNo -->
  <testcase name="submitCaseIndividuallyExtended" time="0.0" classname="com.iBridge.testcases.TC_CatSignOffApplicable_01">
    <skipped/>
  </testcase> <!-- submitCaseIndividuallyExtended -->
  <testcase name="verifyBritishClientRouteToCandidateApplicableYes" time="0.0" classname="com.iBridge.testcases.TC_CatSignOffApplicable_01">
    <skipped/>
  </testcase> <!-- verifyBritishClientRouteToCandidateApplicableYes -->
  <testcase name="candidateInitiateCaseIndividuallyExtended" time="0.0" classname="com.iBridge.testcases.TC_CatSignOffApplicable_01">
    <skipped/>
  </testcase> <!-- candidateInitiateCaseIndividuallyExtended -->
  <testcase name="routeToCandidateRaiseInsuffAndFulfil" time="0.0" classname="com.iBridge.testcases.TC_CatSignOffApplicable_01">
    <skipped/>
  </testcase> <!-- routeToCandidateRaiseInsuffAndFulfil -->
  <testcase name="verifyrouteToCandidateApplicableNo" time="0.0" classname="com.iBridge.testcases.TC_CatSignOffApplicable_01">
    <skipped/>
  </testcase> <!-- verifyrouteToCandidateApplicableNo -->
  <testcase name="verifyrouteToCandidateButtonPresentOrNot" time="0.0" classname="com.iBridge.testcases.TC_CatSignOffApplicable_01">
    <skipped/>
  </testcase> <!-- verifyrouteToCandidateButtonPresentOrNot -->
  <testcase name="verifyBritishClientNidPassport" time="0.0" classname="com.iBridge.testcases.TC_CatSignOffApplicable_01">
    <skipped/>
  </testcase> <!-- verifyBritishClientNidPassport -->
  <testcase name="verifyNidPassportDropDown" time="0.0" classname="com.iBridge.testcases.TC_CatSignOffApplicable_01">
    <skipped/>
  </testcase> <!-- verifyNidPassportDropDown -->
  <testcase name="verifyBritishClientNidPassportAndPanCard" time="0.0" classname="com.iBridge.testcases.TC_CatSignOffApplicable_01">
    <skipped/>
  </testcase> <!-- verifyBritishClientNidPassportAndPanCard -->
  <testcase name="verifyNidVoterIdAndDrivingLicenseDropDown" time="0.0" classname="com.iBridge.testcases.TC_CatSignOffApplicable_01">
    <skipped/>
  </testcase> <!-- verifyNidVoterIdAndDrivingLicenseDropDown -->
  <testcase name="verifyGapReasonApplicableNo" time="0.0" classname="com.iBridge.testcases.TC_CatSignOffApplicable_01">
    <skipped/>
  </testcase> <!-- verifyGapReasonApplicableNo -->
  <testcase name="verifyGapReasonApplicableFormNotPresent" time="0.0" classname="com.iBridge.testcases.TC_CatSignOffApplicable_01">
    <skipped/>
  </testcase> <!-- verifyGapReasonApplicableFormNotPresent -->
  <testcase name="verifyGapReasonApplicableFormPresent" time="0.001" classname="com.iBridge.testcases.TC_CatSignOffApplicable_01">
    <skipped/>
  </testcase> <!-- verifyGapReasonApplicableFormPresent -->
  <testcase name="verifyEnpAdminLoginAccount" time="0.0" classname="com.iBridge.testcases.TC_CatSignOffApplicable_01">
    <skipped/>
  </testcase> <!-- verifyEnpAdminLoginAccount -->
  <testcase name="verifyGapReasonApplicableYes" time="0.0" classname="com.iBridge.testcases.TC_CatSignOffApplicable_01">
    <skipped/>
  </testcase> <!-- verifyGapReasonApplicableYes -->
</testsuite> <!-- iBridge18 -->
