<?xml version="1.0" encoding="UTF-8"?>
<!-- Generated by org.testng.reporters.JUnitXMLReporter -->
<testsuite hostname="ARS-NBT-LAP-068" ignored="0" name="iBridge5" tests="4" failures="0" timestamp="06 Jul 2022 12:04:41 GMT" time="105.698" errors="0">
  <testcase name="verifyCostApprovalVerifier" time="34.281" classname="com.iBridge.testcases.TC_CostApproval_01"/>
  <testcase name="apprringCostApprovalCaseOnHoldBucketOrNot" time="19.546" classname="com.iBridge.testcases.TC_CostApproval_01"/>
  <testcase name="verifyCostApprovalOnHoldCases" time="37.489" classname="com.iBridge.testcases.TC_CostApproval_01"/>
  <testcase name="verifyInsufficientCasesPresentOrNot" time="6.526" classname="com.iBridge.testcases.TC_CostApproval_01"/>
</testsuite> <!-- iBridge5 -->
