<?xml version="1.0" encoding="UTF-8"?>
<!-- Generated by org.testng.reporters.JUnitXMLReporter -->
<testsuite hostname="ARS-NBT-LAP-068" ignored="0" name="iBridge 20" tests="10" failures="1" timestamp="02 Jun 2022 08:46:51 GMT" time="371.833" errors="0">
  <testcase name="signDriveLogin" time="6.161" classname="com.signdrive.testcases.SignDrive_Approved_Test"/>
  <testcase name="initiateViaCandidate" time="52.211" classname="com.signdrive.testcases.SignDrive_Approved_Test"/>
  <testcase name="uploadCTCFile" time="23.085" classname="com.signdrive.testcases.SignDrive_Approved_Test"/>
  <testcase name="emailVerification" time="53.931" classname="com.signdrive.testcases.SignDrive_Approved_Test"/>
  <testcase name="verifyOLAcceptedByCandidate" time="146.632" classname="com.signdrive.testcases.SignDrive_Approved_Test"/>
  <testcase name="bgvLogin" time="83.307" classname="com.signdrive.testcases.SignDrive_Approved_Test">
    <failure type="java.lang.NullPointerException">
      <![CDATA[java.lang.NullPointerException
at org.openqa.selenium.support.pagefactory.internal.LocatingElementHandler.invoke(LocatingElementHandler.java:51)
at com.sun.proxy.$Proxy8.isDisplayed(Unknown Source)
at org.openqa.selenium.support.ui.ExpectedConditions.elementIfVisible(ExpectedConditions.java:315)
at org.openqa.selenium.support.ui.ExpectedConditions.access$100(ExpectedConditions.java:44)
at org.openqa.selenium.support.ui.ExpectedConditions$10.apply(ExpectedConditions.java:301)
at org.openqa.selenium.support.ui.ExpectedConditions$10.apply(ExpectedConditions.java:298)
at org.openqa.selenium.support.ui.FluentWait.until(FluentWait.java:260)
at com.signdrive.pageobject.Initiate_newcase_page.bgvLogin(Initiate_newcase_page.java:942)
at com.signdrive.testcases.SignDrive_Approved_Test.bgvLogin(SignDrive_Approved_Test.java:155)
... Removed 31 stack frames]]>
    </failure>
  </testcase> <!-- bgvLogin -->
  <testcase name="fillAndSumitForm" time="0.0" classname="com.signdrive.testcases.SignDrive_Approved_Test">
    <skipped/>
  </testcase> <!-- fillAndSumitForm -->
  <testcase name="pendingSignOffBucket" time="0.0" classname="com.signdrive.testcases.SignDrive_Approved_Test">
    <skipped/>
  </testcase> <!-- pendingSignOffBucket -->
  <testcase name="verifyInstaform" time="0.0" classname="com.signdrive.testcases.SignDrive_Approved_Test">
    <skipped/>
  </testcase> <!-- verifyInstaform -->
  <testcase name="instaform" time="0.0" classname="com.signdrive.testcases.SignDrive_Approved_Test">
    <skipped/>
  </testcase> <!-- instaform -->
</testsuite> <!-- iBridge 20 -->
