<?xml version="1.0" encoding="UTF-8"?>
<!-- Generated by org.testng.reporters.JUnitXMLReporter -->
<testsuite hostname="ARS-NBT-LAP-068" ignored="0" name="iBridge8" tests="5" failures="0" timestamp="15 Jul 2022 08:44:33 GMT" time="299.542" errors="0">
  <testcase name="submitCaseIndividuallyExtended" time="238.495" classname="com.iBridge.testcases.TC_SubmitCaseIndividuallyExtended_03"/>
  <testcase name="submittedForVerification" time="9.361" classname="com.iBridge.testcases.TC_SubmitCaseIndividuallyExtended_03"/>
  <testcase name="submittedCasesTrackerWipCases" time="6.025" classname="com.iBridge.testcases.TC_SubmitCaseIndividuallyExtended_03"/>
  <testcase name="searchClientArsNoCaseList" time="13.272" classname="com.iBridge.testcases.TC_SubmitCaseIndividuallyExtended_03"/>
  <testcase name="verifyStopCaseCloseByClient" time="18.323" classname="com.iBridge.testcases.TC_SubmitCaseIndividuallyExtended_03"/>
</testsuite> <!-- iBridge8 -->
