<?xml version="1.0" encoding="UTF-8"?>
<!-- Generated by org.testng.reporters.JUnitXMLReporter -->
<testsuite hostname="ARS-NBT-LAP-068" ignored="0" name="iBridge9" tests="12" failures="0" timestamp="15 Jul 2022 08:55:27 GMT" time="180.502" errors="0">
  <testcase name="submitCasesInBulkExtended" time="8.599" classname="com.iBridge.testcases.TC_SubmitCasesInBulkExtended_04"/>
  <testcase name="submitCaseInBulkExcelUpload" time="41.322" classname="com.iBridge.testcases.TC_SubmitCasesInBulkExtended_04"/>
  <testcase name="submittedForVerificationExcelUpload" time="6.179" classname="com.iBridge.testcases.TC_SubmitCasesInBulkExtended_04"/>
  <testcase name="submittedCasesTrackerExcelUploadWipCases" time="6.316" classname="com.iBridge.testcases.TC_SubmitCasesInBulkExtended_04"/>
  <testcase name="searchExcelUploadClientArsNo" time="21.542" classname="com.iBridge.testcases.TC_SubmitCasesInBulkExtended_04"/>
  <testcase name="submitCasesInBulkQuickSubmit" time="29.525" classname="com.iBridge.testcases.TC_SubmitCasesInBulkExtended_04"/>
  <testcase name="submittedForVerificationQuickSubmit" time="9.419" classname="com.iBridge.testcases.TC_SubmitCasesInBulkExtended_04"/>
  <testcase name="submittedCasesTrackerQuickSubmitWipCases" time="5.897" classname="com.iBridge.testcases.TC_SubmitCasesInBulkExtended_04"/>
  <testcase name="searchClientArsNoCaseQuickSubmit" time="2.96" classname="com.iBridge.testcases.TC_SubmitCasesInBulkExtended_04"/>
  <testcase name="loginBridgeAccountGetFolderCasesCount" time="12.241" classname="com.iBridge.testcases.TC_SubmitCasesInBulkExtended_04"/>
  <testcase name="submitCaseInFolderSubmit" time="17.815" classname="com.iBridge.testcases.TC_SubmitCasesInBulkExtended_04"/>
  <testcase name="verifyFolderCasesCountInBridge" time="10.281" classname="com.iBridge.testcases.TC_SubmitCasesInBulkExtended_04"/>
</testsuite> <!-- iBridge9 -->
