<?xml version="1.0" encoding="UTF-8"?>
<!-- Generated by org.testng.reporters.JUnitXMLReporter -->
<testsuite hostname="ARS-NBT-LAP-068" ignored="0" name="iBridge12" tests="4" failures="0" timestamp="23 Jun 2022 06:51:10 GMT" time="319.628" errors="0">
  <testcase name="verifyFormNotSubmittedCaseWithdraw" time="98.921" classname="com.iBridge.sme.testcases.TC_WithdrawSmeCase_01"/>
  <testcase name="verifyCandidateNameInWithdrawnBucket" time="2.923" classname="com.iBridge.sme.testcases.TC_WithdrawSmeCase_01"/>
  <testcase name="verifyInitiateViaCandidateCaseWithdraw" time="210.264" classname="com.iBridge.sme.testcases.TC_WithdrawSmeCase_01"/>
  <testcase name="verifyclosedByClientBucket" time="2.061" classname="com.iBridge.sme.testcases.TC_WithdrawSmeCase_01"/>
</testsuite> <!-- iBridge12 -->
