<?xml version="1.0" encoding="UTF-8"?>
<testsuite name="TestSuite" time="166.346" tests="10" errors="0" skipped="6" failures="1">
  <properties>
[...]
</properties>
  <testcase name="signDriveLogin" classname="com.signdrive.testcases.SignDrive_Rejected_EPFO_Test" time="5.85"/>
  <testcase name="initiateViaCandidate" classname="com.signdrive.testcases.SignDrive_Rejected_EPFO_Test" time="50.454"/>
  <testcase name="uploadCTCFile" classname="com.signdrive.testcases.SignDrive_Rejected_EPFO_Test" time="38.011"/>
  <testcase name="emailVerification" classname="com.signdrive.testcases.SignDrive_Rejected_EPFO_Test" time="72.031">
    <failure message="element not interactable&#10;  (Session info: chrome=101.0.4951.54)&#10;Build info: version: &apos;3.14.0&apos;, revision: &apos;aacccce0&apos;, time: &apos;2018-08-02T20:19:58.91Z&apos;&#10;System info: host: &apos;ARS-NBT-LAP-068&apos;, ip: &apos;192.168.80.30&apos;, os.name: &apos;Linux&apos;, os.arch: &apos;amd64&apos;, os.version: &apos;5.13.0-44-generic&apos;, java.version: &apos;1.8.0_312&apos;&#10;Driver info: org.openqa.selenium.chrome.ChromeDriver&#10;Capabilities {acceptInsecureCerts: false, browserName: chrome, browserVersion: 101.0.4951.54, chrome: {chromedriverVersion: 101.0.4951.41 (93c720db8323..., userDataDir: /tmp/.com.google.Chrome.pLd5Wc}, goog:chromeOptions: {debuggerAddress: localhost:37613}, javascriptEnabled: true, networkConnectionEnabled: false, pageLoadStrategy: normal, platform: LINUX, platformName: LINUX, proxy: Proxy(), setWindowRect: true, strictFileInteractability: false, timeouts: {implicit: 0, pageLoad: 300000, script: 30000}, unhandledPromptBehavior: dismiss and notify, webauthn:extension:credBlob: true, webauthn:extension:largeBlob: true, webauthn:virtualAuthenticators: true}&#10;Session ID: f85f36004be38ecb86dd51b383614723" type="org.openqa.selenium.ElementNotInteractableException">org.openqa.selenium.ElementNotInteractableException: element not interactable
  (Session info: chrome=101.0.4951.54)
Build info: version: '3.14.0', revision: 'aacccce0', time: '2018-08-02T20:19:58.91Z'
System info: host: 'ARS-NBT-LAP-068', ip: '192.168.80.30', os.name: 'Linux', os.arch: 'amd64', os.version: '5.13.0-44-generic', java.version: '1.8.0_312'
Driver info: org.openqa.selenium.chrome.ChromeDriver
Capabilities {acceptInsecureCerts: false, browserName: chrome, browserVersion: 101.0.4951.54, chrome: {chromedriverVersion: 101.0.4951.41 (93c720db8323..., userDataDir: /tmp/.com.google.Chrome.pLd5Wc}, goog:chromeOptions: {debuggerAddress: localhost:37613}, javascriptEnabled: true, networkConnectionEnabled: false, pageLoadStrategy: normal, platform: LINUX, platformName: LINUX, proxy: Proxy(), setWindowRect: true, strictFileInteractability: false, timeouts: {implicit: 0, pageLoad: 300000, script: 30000}, unhandledPromptBehavior: dismiss and notify, webauthn:extension:credBlob: true, webauthn:extension:largeBlob: true, webauthn:virtualAuthenticators: true}
Session ID: f85f36004be38ecb86dd51b383614723
	at sun.reflect.NativeConstructorAccessorImpl.newInstance0(Native Method)
	at sun.reflect.NativeConstructorAccessorImpl.newInstance(NativeConstructorAccessorImpl.java:62)
	at sun.reflect.DelegatingConstructorAccessorImpl.newInstance(DelegatingConstructorAccessorImpl.java:45)
	at java.lang.reflect.Constructor.newInstance(Constructor.java:423)
	at org.openqa.selenium.remote.http.W3CHttpResponseCodec.createException(W3CHttpResponseCodec.java:187)
	at org.openqa.selenium.remote.http.W3CHttpResponseCodec.decode(W3CHttpResponseCodec.java:122)
	at org.openqa.selenium.remote.http.W3CHttpResponseCodec.decode(W3CHttpResponseCodec.java:49)
	at org.openqa.selenium.remote.HttpCommandExecutor.execute(HttpCommandExecutor.java:158)
	at org.openqa.selenium.remote.service.DriverCommandExecutor.execute(DriverCommandExecutor.java:83)
	at org.openqa.selenium.remote.RemoteWebDriver.execute(RemoteWebDriver.java:548)
	at org.openqa.selenium.remote.RemoteWebElement.execute(RemoteWebElement.java:276)
	at org.openqa.selenium.remote.RemoteWebElement.sendKeys(RemoteWebElement.java:100)
	at sun.reflect.NativeMethodAccessorImpl.invoke0(Native Method)
	at sun.reflect.NativeMethodAccessorImpl.invoke(NativeMethodAccessorImpl.java:62)
	at sun.reflect.DelegatingMethodAccessorImpl.invoke(DelegatingMethodAccessorImpl.java:43)
	at java.lang.reflect.Method.invoke(Method.java:498)
	at org.openqa.selenium.support.pagefactory.internal.LocatingElementHandler.invoke(LocatingElementHandler.java:51)
	at com.sun.proxy.$Proxy8.sendKeys(Unknown Source)
	at com.signdrive.pageobject.Email_Verification_page.loginGmailAccount(Email_Verification_page.java:164)
	at com.signdrive.testcases.SignDrive_Rejected_EPFO_Test.emailVerification(SignDrive_Rejected_EPFO_Test.java:100)
</failure>
    <system-out><![CDATA[ INFO [main] (SignDrive_Rejected_EPFO_Test.java:98)- url is opened
enp.admin@authbridge.com
Auth@123
]]></system-out>
  </testcase>
  <testcase name="verifyOLAcceptedByCandidate" classname="com.signdrive.testcases.SignDrive_Rejected_EPFO_Test" time="0">
    <skipped/>
  </testcase>
  <testcase name="bgvLogin" classname="com.signdrive.testcases.SignDrive_Rejected_EPFO_Test" time="0">
    <skipped/>
  </testcase>
  <testcase name="fillAndSumitForm" classname="com.signdrive.testcases.SignDrive_Rejected_EPFO_Test" time="0">
    <skipped/>
  </testcase>
  <testcase name="pendingSignOffBucket" classname="com.signdrive.testcases.SignDrive_Rejected_EPFO_Test" time="0">
    <skipped/>
  </testcase>
  <testcase name="verifyInstaform" classname="com.signdrive.testcases.SignDrive_Rejected_EPFO_Test" time="0">
    <skipped/>
  </testcase>
  <testcase name="instaform" classname="com.signdrive.testcases.SignDrive_Rejected_EPFO_Test" time="0">
    <skipped/>
  </testcase>
</testsuite>