<?xml version="1.0" encoding="UTF-8"?>
<testng-results skipped="0" failed="1" ignored="0" total="15" passed="14">
  <reporter-output>
  </reporter-output>
  <suite name="iBridge" duration-ms="365557" started-at="2022-07-20T12:40:04Z" finished-at="2022-07-20T12:46:09Z">
    <groups>
    </groups>
    <test name="iBridge13" duration-ms="365557" started-at="2022-07-20T12:40:04Z" finished-at="2022-07-20T12:46:09Z">
      <class name="com.iBridge.sme.testcases.TC_InitiateViaCandidateSmeExtended_02">
        <test-method status="PASS" signature="setup(java.lang.String)[pri:0, instance:com.iBridge.sme.testcases.TC_InitiateViaCandidateSmeExtended_02@3fb6a447]" name="setup" is-config="true" duration-ms="3152" started-at="2022-07-20T12:40:04Z" finished-at="2022-07-20T12:40:07Z">
          <params>
            <param index="0">
              <value>
                <![CDATA[chrome]]>
              </value>
            </param>
          </params>
          <reporter-output>
          </reporter-output>
        </test-method> <!-- setup -->
        <test-method status="PASS" signature="initiateViaCandidateCaseSme()[pri:1, instance:com.iBridge.sme.testcases.TC_InitiateViaCandidateSmeExtended_02@3fb6a447]" name="initiateViaCandidateCaseSme" duration-ms="20192" started-at="2022-07-20T12:40:07Z" finished-at="2022-07-20T12:40:27Z">
          <reporter-output>
          </reporter-output>
        </test-method> <!-- initiateViaCandidateCaseSme -->
        <test-method status="PASS" signature="verifyFormNotSubmittedCaseList()[pri:2, instance:com.iBridge.sme.testcases.TC_InitiateViaCandidateSmeExtended_02@3fb6a447]" name="verifyFormNotSubmittedCaseList" duration-ms="2375" started-at="2022-07-20T12:40:27Z" depends-on-methods="com.iBridge.sme.testcases.TC_InitiateViaCandidateSmeExtended_02.initiateViaCandidateCaseSme" finished-at="2022-07-20T12:40:30Z">
          <reporter-output>
          </reporter-output>
        </test-method> <!-- verifyFormNotSubmittedCaseList -->
        <test-method status="PASS" signature="candidateSmeEmailVerification()[pri:3, instance:com.iBridge.sme.testcases.TC_InitiateViaCandidateSmeExtended_02@3fb6a447]" name="candidateSmeEmailVerification" duration-ms="3289" started-at="2022-07-20T12:40:30Z" depends-on-methods="com.iBridge.sme.testcases.TC_InitiateViaCandidateSmeExtended_02.verifyFormNotSubmittedCaseList" finished-at="2022-07-20T12:40:33Z">
          <reporter-output>
          </reporter-output>
        </test-method> <!-- candidateSmeEmailVerification -->
        <test-method status="PASS" signature="candidateSmeAccountLogin()[pri:4, instance:com.iBridge.sme.testcases.TC_InitiateViaCandidateSmeExtended_02@3fb6a447]" name="candidateSmeAccountLogin" duration-ms="67090" started-at="2022-07-20T12:40:33Z" depends-on-methods="com.iBridge.sme.testcases.TC_InitiateViaCandidateSmeExtended_02.candidateSmeEmailVerification" finished-at="2022-07-20T12:41:40Z">
          <reporter-output>
          </reporter-output>
        </test-method> <!-- candidateSmeAccountLogin -->
        <test-method status="PASS" signature="candidateProfileDetailsFilling()[pri:5, instance:com.iBridge.sme.testcases.TC_InitiateViaCandidateSmeExtended_02@3fb6a447]" name="candidateProfileDetailsFilling" duration-ms="52704" started-at="2022-07-20T12:41:40Z" depends-on-methods="com.iBridge.sme.testcases.TC_InitiateViaCandidateSmeExtended_02.candidateSmeAccountLogin" finished-at="2022-07-20T12:42:33Z">
          <reporter-output>
          </reporter-output>
        </test-method> <!-- candidateProfileDetailsFilling -->
        <test-method status="PASS" signature="verifyAuthorizationRelease()[pri:6, instance:com.iBridge.sme.testcases.TC_InitiateViaCandidateSmeExtended_02@3fb6a447]" name="verifyAuthorizationRelease" duration-ms="11155" started-at="2022-07-20T12:42:33Z" depends-on-methods="com.iBridge.sme.testcases.TC_InitiateViaCandidateSmeExtended_02.candidateProfileDetailsFilling" finished-at="2022-07-20T12:42:44Z">
          <reporter-output>
          </reporter-output>
        </test-method> <!-- verifyAuthorizationRelease -->
        <test-method status="PASS" signature="verifyInitiateViaCandidateCasePaymentPending()[pri:7, instance:com.iBridge.sme.testcases.TC_InitiateViaCandidateSmeExtended_02@3fb6a447]" name="verifyInitiateViaCandidateCasePaymentPending" duration-ms="16599" started-at="2022-07-20T12:42:44Z" depends-on-methods="com.iBridge.sme.testcases.TC_InitiateViaCandidateSmeExtended_02.verifyAuthorizationRelease" finished-at="2022-07-20T12:43:01Z">
          <reporter-output>
          </reporter-output>
        </test-method> <!-- verifyInitiateViaCandidateCasePaymentPending -->
        <test-method status="PASS" signature="verifyFormSubmittedBucket()[pri:8, instance:com.iBridge.sme.testcases.TC_InitiateViaCandidateSmeExtended_02@3fb6a447]" name="verifyFormSubmittedBucket" duration-ms="2883" started-at="2022-07-20T12:43:01Z" depends-on-methods="com.iBridge.sme.testcases.TC_InitiateViaCandidateSmeExtended_02.verifyInitiateViaCandidateCasePaymentPending" finished-at="2022-07-20T12:43:04Z">
          <reporter-output>
          </reporter-output>
        </test-method> <!-- verifyFormSubmittedBucket -->
        <test-method status="PASS" signature="verifyPaymentPendingBucket()[pri:9, instance:com.iBridge.sme.testcases.TC_InitiateViaCandidateSmeExtended_02@3fb6a447]" name="verifyPaymentPendingBucket" duration-ms="7228" started-at="2022-07-20T12:43:04Z" depends-on-methods="com.iBridge.sme.testcases.TC_InitiateViaCandidateSmeExtended_02.verifyFormSubmittedBucket" finished-at="2022-07-20T12:43:11Z">
          <reporter-output>
          </reporter-output>
        </test-method> <!-- verifyPaymentPendingBucket -->
        <test-method status="PASS" signature="verifyWorkInProgressBucket()[pri:10, instance:com.iBridge.sme.testcases.TC_InitiateViaCandidateSmeExtended_02@3fb6a447]" name="verifyWorkInProgressBucket" duration-ms="2546" started-at="2022-07-20T12:43:11Z" depends-on-methods="com.iBridge.sme.testcases.TC_InitiateViaCandidateSmeExtended_02.verifyPaymentPendingBucket" finished-at="2022-07-20T12:43:13Z">
          <reporter-output>
          </reporter-output>
        </test-method> <!-- verifyWorkInProgressBucket -->
        <test-method status="PASS" signature="verifyCaseAppearingInTotalCaseSentList()[pri:11, instance:com.iBridge.sme.testcases.TC_InitiateViaCandidateSmeExtended_02@3fb6a447]" name="verifyCaseAppearingInTotalCaseSentList" duration-ms="2396" started-at="2022-07-20T12:43:13Z" depends-on-methods="com.iBridge.sme.testcases.TC_InitiateViaCandidateSmeExtended_02.verifyWorkInProgressBucket" finished-at="2022-07-20T12:43:16Z">
          <reporter-output>
          </reporter-output>
        </test-method> <!-- verifyCaseAppearingInTotalCaseSentList -->
        <test-method status="PASS" signature="searchClientArsNoCaseList()[pri:12, instance:com.iBridge.sme.testcases.TC_InitiateViaCandidateSmeExtended_02@3fb6a447]" name="searchClientArsNoCaseList" duration-ms="9713" started-at="2022-07-20T12:43:16Z" depends-on-methods="com.iBridge.sme.testcases.TC_InitiateViaCandidateSmeExtended_02.verifyCaseAppearingInTotalCaseSentList" finished-at="2022-07-20T12:43:25Z">
          <reporter-output>
          </reporter-output>
        </test-method> <!-- searchClientArsNoCaseList -->
        <test-method status="PASS" signature="verifyInsufficientDocsQcAllocator()[pri:13, instance:com.iBridge.sme.testcases.TC_InitiateViaCandidateSmeExtended_02@3fb6a447]" name="verifyInsufficientDocsQcAllocator" duration-ms="25813" started-at="2022-07-20T12:43:25Z" depends-on-methods="com.iBridge.sme.testcases.TC_InitiateViaCandidateSmeExtended_02.searchClientArsNoCaseList" finished-at="2022-07-20T12:43:51Z">
          <reporter-output>
          </reporter-output>
        </test-method> <!-- verifyInsufficientDocsQcAllocator -->
        <test-method status="PASS" signature="verifyInsufficientDocsQuality()[pri:14, instance:com.iBridge.sme.testcases.TC_InitiateViaCandidateSmeExtended_02@3fb6a447]" name="verifyInsufficientDocsQuality" duration-ms="134349" started-at="2022-07-20T12:43:51Z" depends-on-methods="com.iBridge.sme.testcases.TC_InitiateViaCandidateSmeExtended_02.verifyInsufficientDocsQcAllocator" finished-at="2022-07-20T12:46:06Z">
          <reporter-output>
          </reporter-output>
        </test-method> <!-- verifyInsufficientDocsQuality -->
        <test-method status="FAIL" signature="verifyInsufficientAllocator()[pri:15, instance:com.iBridge.sme.testcases.TC_InitiateViaCandidateSmeExtended_02@3fb6a447]" name="verifyInsufficientAllocator" duration-ms="3810" started-at="2022-07-20T12:46:06Z" depends-on-methods="com.iBridge.sme.testcases.TC_InitiateViaCandidateSmeExtended_02.verifyInsufficientDocsQuality" finished-at="2022-07-20T12:46:09Z">
          <exception class="org.openqa.selenium.NoSuchWindowException">
            <message>
              <![CDATA[no such window: target window already closed
from unknown error: web view not found
  (Session info: chrome=101.0.4951.54)
Build info: version: '3.14.0', revision: 'aacccce0', time: '2018-08-02T20:19:58.91Z'
System info: host: 'ARS-NBT-LAP-068', ip: '192.168.1.5', os.name: 'Linux', os.arch: 'amd64', os.version: '5.13.0-51-generic', java.version: '1.8.0_312'
Driver info: org.openqa.selenium.chrome.ChromeDriver
Capabilities {acceptInsecureCerts: false, browserName: chrome, browserVersion: 101.0.4951.54, chrome: {chromedriverVersion: 101.0.4951.41 (93c720db8323..., userDataDir: /tmp/.com.google.Chrome.UV4S2S}, goog:chromeOptions: {debuggerAddress: localhost:33099}, javascriptEnabled: true, networkConnectionEnabled: false, pageLoadStrategy: normal, platform: LINUX, platformName: LINUX, proxy: Proxy(), setWindowRect: true, strictFileInteractability: false, timeouts: {implicit: 0, pageLoad: 300000, script: 30000}, unhandledPromptBehavior: dismiss and notify, webauthn:extension:credBlob: true, webauthn:extension:largeBlob: true, webauthn:virtualAuthenticators: true}
Session ID: 75cf5953fbc158d9c9817cd1abbeafb3
*** Element info: {Using=xpath, value=/html[1]/body[1]/div[1]/div[1]/div[1]/ul[1]/li[3]/a[1]}]]>
            </message>
            <full-stacktrace>
              <![CDATA[org.openqa.selenium.NoSuchWindowException: no such window: target window already closed
from unknown error: web view not found
  (Session info: chrome=101.0.4951.54)
Build info: version: '3.14.0', revision: 'aacccce0', time: '2018-08-02T20:19:58.91Z'
System info: host: 'ARS-NBT-LAP-068', ip: '192.168.1.5', os.name: 'Linux', os.arch: 'amd64', os.version: '5.13.0-51-generic', java.version: '1.8.0_312'
Driver info: org.openqa.selenium.chrome.ChromeDriver
Capabilities {acceptInsecureCerts: false, browserName: chrome, browserVersion: 101.0.4951.54, chrome: {chromedriverVersion: 101.0.4951.41 (93c720db8323..., userDataDir: /tmp/.com.google.Chrome.UV4S2S}, goog:chromeOptions: {debuggerAddress: localhost:33099}, javascriptEnabled: true, networkConnectionEnabled: false, pageLoadStrategy: normal, platform: LINUX, platformName: LINUX, proxy: Proxy(), setWindowRect: true, strictFileInteractability: false, timeouts: {implicit: 0, pageLoad: 300000, script: 30000}, unhandledPromptBehavior: dismiss and notify, webauthn:extension:credBlob: true, webauthn:extension:largeBlob: true, webauthn:virtualAuthenticators: true}
Session ID: 75cf5953fbc158d9c9817cd1abbeafb3
*** Element info: {Using=xpath, value=/html[1]/body[1]/div[1]/div[1]/div[1]/ul[1]/li[3]/a[1]}
at sun.reflect.NativeConstructorAccessorImpl.newInstance0(Native Method)
at sun.reflect.NativeConstructorAccessorImpl.newInstance(NativeConstructorAccessorImpl.java:62)
at sun.reflect.DelegatingConstructorAccessorImpl.newInstance(DelegatingConstructorAccessorImpl.java:45)
at java.lang.reflect.Constructor.newInstance(Constructor.java:423)
at org.openqa.selenium.remote.http.W3CHttpResponseCodec.createException(W3CHttpResponseCodec.java:187)
at org.openqa.selenium.remote.http.W3CHttpResponseCodec.decode(W3CHttpResponseCodec.java:122)
at org.openqa.selenium.remote.http.W3CHttpResponseCodec.decode(W3CHttpResponseCodec.java:49)
at org.openqa.selenium.remote.HttpCommandExecutor.execute(HttpCommandExecutor.java:158)
at org.openqa.selenium.remote.service.DriverCommandExecutor.execute(DriverCommandExecutor.java:83)
at org.openqa.selenium.remote.RemoteWebDriver.execute(RemoteWebDriver.java:548)
at org.openqa.selenium.remote.RemoteWebDriver.findElement(RemoteWebDriver.java:322)
at org.openqa.selenium.remote.RemoteWebDriver.findElementByXPath(RemoteWebDriver.java:424)
at org.openqa.selenium.By$ByXPath.findElement(By.java:353)
at org.openqa.selenium.remote.RemoteWebDriver.findElement(RemoteWebDriver.java:314)
at org.openqa.selenium.support.pagefactory.DefaultElementLocator.findElement(DefaultElementLocator.java:69)
at org.openqa.selenium.support.pagefactory.internal.LocatingElementHandler.invoke(LocatingElementHandler.java:38)
at com.sun.proxy.$Proxy8.getWrappedElement(Unknown Source)
at org.openqa.selenium.remote.internal.WebElementToJsonConverter.apply(WebElementToJsonConverter.java:50)
at java.util.stream.ReferencePipeline$3$1.accept(ReferencePipeline.java:193)
at java.util.Spliterators$ArraySpliterator.forEachRemaining(Spliterators.java:948)
at java.util.stream.AbstractPipeline.copyInto(AbstractPipeline.java:482)
at java.util.stream.AbstractPipeline.wrapAndCopyInto(AbstractPipeline.java:472)
at java.util.stream.ReduceOps$ReduceOp.evaluateSequential(ReduceOps.java:708)
at java.util.stream.AbstractPipeline.evaluate(AbstractPipeline.java:234)
at java.util.stream.ReferencePipeline.collect(ReferencePipeline.java:566)
at org.openqa.selenium.remote.RemoteWebDriver.executeScript(RemoteWebDriver.java:480)
at com.iBridge.pageobject.InsufficientBridge.superAdminAllocator(InsufficientBridge.java:1305)
at com.iBridge.sme.testcases.TC_InitiateViaCandidateSmeExtended_02.verifyInsufficientAllocator(TC_InitiateViaCandidateSmeExtended_02.java:426)
at sun.reflect.NativeMethodAccessorImpl.invoke0(Native Method)
at sun.reflect.NativeMethodAccessorImpl.invoke(NativeMethodAccessorImpl.java:62)
at sun.reflect.DelegatingMethodAccessorImpl.invoke(DelegatingMethodAccessorImpl.java:43)
at java.lang.reflect.Method.invoke(Method.java:498)
at org.testng.internal.MethodInvocationHelper.invokeMethod(MethodInvocationHelper.java:124)
at org.testng.internal.Invoker.invokeMethod(Invoker.java:583)
at org.testng.internal.Invoker.invokeTestMethod(Invoker.java:719)
at org.testng.internal.Invoker.invokeTestMethods(Invoker.java:989)
at org.testng.internal.TestMethodWorker.invokeTestMethods(TestMethodWorker.java:125)
at org.testng.internal.TestMethodWorker.run(TestMethodWorker.java:109)
at org.testng.TestRunner.privateRun(TestRunner.java:648)
at org.testng.TestRunner.run(TestRunner.java:505)
at org.testng.SuiteRunner.runTest(SuiteRunner.java:455)
at org.testng.SuiteRunner.runSequentially(SuiteRunner.java:450)
at org.testng.SuiteRunner.privateRun(SuiteRunner.java:415)
at org.testng.SuiteRunner.run(SuiteRunner.java:364)
at org.testng.SuiteRunnerWorker.runSuite(SuiteRunnerWorker.java:52)
at org.testng.SuiteRunnerWorker.run(SuiteRunnerWorker.java:84)
at org.testng.TestNG.runSuitesSequentially(TestNG.java:1208)
at org.testng.TestNG.runSuitesLocally(TestNG.java:1137)
at org.testng.TestNG.runSuites(TestNG.java:1049)
at org.testng.TestNG.run(TestNG.java:1017)
at org.apache.maven.surefire.testng.TestNGExecutor.run(TestNGExecutor.java:295)
at org.apache.maven.surefire.testng.TestNGXmlTestSuite.execute(TestNGXmlTestSuite.java:84)
at org.apache.maven.surefire.testng.TestNGProvider.invoke(TestNGProvider.java:90)
at org.apache.maven.surefire.booter.ForkedBooter.invokeProviderInSameClassLoader(ForkedBooter.java:203)
at org.apache.maven.surefire.booter.ForkedBooter.runSuitesInProcess(ForkedBooter.java:155)
at org.apache.maven.surefire.booter.ForkedBooter.main(ForkedBooter.java:103)
]]>
            </full-stacktrace>
          </exception> <!-- org.openqa.selenium.NoSuchWindowException -->
          <reporter-output>
          </reporter-output>
        </test-method> <!-- verifyInsufficientAllocator -->
      </class> <!-- com.iBridge.sme.testcases.TC_InitiateViaCandidateSmeExtended_02 -->
    </test> <!-- iBridge13 -->
  </suite> <!-- iBridge -->
</testng-results>
