<?xml version="1.0" encoding="UTF-8"?>
<testng-results skipped="0" failed="1" ignored="0" total="6" passed="5">
  <reporter-output>
  </reporter-output>
  <suite name="iBridge" duration-ms="302356" started-at="2022-06-02T08:50:40Z" finished-at="2022-06-02T08:55:42Z">
    <groups>
    </groups>
    <test name="iBridge 22" duration-ms="302356" started-at="2022-06-02T08:50:40Z" finished-at="2022-06-02T08:55:42Z">
      <class name="com.signdrive.testcases.SignDrive_Rejected_EPFO_Test">
        <test-method status="PASS" signature="setup(java.lang.String)[pri:0, instance:com.signdrive.testcases.SignDrive_Rejected_EPFO_Test@79698539]" name="setup" is-config="true" duration-ms="4905" started-at="2022-06-02T08:50:40Z" finished-at="2022-06-02T08:50:45Z">
          <params>
            <param index="0">
              <value>
                <![CDATA[chrome]]>
              </value>
            </param>
          </params>
          <reporter-output>
          </reporter-output>
        </test-method> <!-- setup -->
        <test-method status="PASS" signature="signDriveLogin()[pri:1, instance:com.signdrive.testcases.SignDrive_Rejected_EPFO_Test@79698539]" name="signDriveLogin" duration-ms="5644" started-at="2022-06-02T08:50:45Z" finished-at="2022-06-02T08:50:51Z">
          <reporter-output>
          </reporter-output>
        </test-method> <!-- signDriveLogin -->
        <test-method status="PASS" signature="initiateViaCandidate()[pri:2, instance:com.signdrive.testcases.SignDrive_Rejected_EPFO_Test@79698539]" name="initiateViaCandidate" duration-ms="48002" started-at="2022-06-02T08:50:51Z" depends-on-methods="com.signdrive.testcases.SignDrive_Rejected_EPFO_Test.signDriveLogin" finished-at="2022-06-02T08:51:39Z">
          <reporter-output>
          </reporter-output>
        </test-method> <!-- initiateViaCandidate -->
        <test-method status="PASS" signature="uploadCTCFile()[pri:3, instance:com.signdrive.testcases.SignDrive_Rejected_EPFO_Test@79698539]" name="uploadCTCFile" duration-ms="24690" started-at="2022-06-02T08:51:39Z" depends-on-methods="com.signdrive.testcases.SignDrive_Rejected_EPFO_Test.initiateViaCandidate" finished-at="2022-06-02T08:52:04Z">
          <reporter-output>
          </reporter-output>
        </test-method> <!-- uploadCTCFile -->
        <test-method status="PASS" signature="emailVerification()[pri:4, instance:com.signdrive.testcases.SignDrive_Rejected_EPFO_Test@79698539]" name="emailVerification" duration-ms="51991" started-at="2022-06-02T08:52:04Z" depends-on-methods="com.signdrive.testcases.SignDrive_Rejected_EPFO_Test.uploadCTCFile" finished-at="2022-06-02T08:52:56Z">
          <reporter-output>
          </reporter-output>
        </test-method> <!-- emailVerification -->
        <test-method status="PASS" signature="verifyOLAcceptedByCandidate()[pri:5, instance:com.signdrive.testcases.SignDrive_Rejected_EPFO_Test@79698539]" name="verifyOLAcceptedByCandidate" duration-ms="142029" started-at="2022-06-02T08:52:56Z" depends-on-methods="com.signdrive.testcases.SignDrive_Rejected_EPFO_Test.emailVerification" finished-at="2022-06-02T08:55:18Z">
          <reporter-output>
          </reporter-output>
        </test-method> <!-- verifyOLAcceptedByCandidate -->
        <test-method status="FAIL" signature="bgvLogin()[pri:6, instance:com.signdrive.testcases.SignDrive_Rejected_EPFO_Test@79698539]" name="bgvLogin" duration-ms="24691" started-at="2022-06-02T08:55:18Z" depends-on-methods="com.signdrive.testcases.SignDrive_Rejected_EPFO_Test.verifyOLAcceptedByCandidate" finished-at="2022-06-02T08:55:42Z">
          <exception class="org.openqa.selenium.UnhandledAlertException">
            <message>
              <![CDATA[unexpected alert open: {Alert text : }
  (Session info: chrome=101.0.4951.54): {Alert text : 
Build info: version: '3.14.0', revision: 'aacccce0', time: '2018-08-02T20:19:58.91Z'
System info: host: 'ARS-NBT-LAP-068', ip: '192.168.80.30', os.name: 'Linux', os.arch: 'amd64', os.version: '5.13.0-40-generic', java.version: '1.8.0_312'
Driver info: org.openqa.selenium.chrome.ChromeDriver
Capabilities {acceptInsecureCerts: false, browserName: chrome, browserVersion: 101.0.4951.54, chrome: {chromedriverVersion: 101.0.4951.41 (93c720db8323..., userDataDir: /tmp/.com.google.Chrome.g0PBpS}, goog:chromeOptions: {debuggerAddress: localhost:36311}, javascriptEnabled: true, networkConnectionEnabled: false, pageLoadStrategy: normal, platform: LINUX, platformName: LINUX, proxy: Proxy(), setWindowRect: true, strictFileInteractability: false, timeouts: {implicit: 0, pageLoad: 300000, script: 30000}, unhandledPromptBehavior: dismiss and notify, webauthn:extension:credBlob: true, webauthn:extension:largeBlob: true, webauthn:virtualAuthenticators: true}
Session ID: 34668760b03895bac38007fcae238689
*** Element info: {Using=xpath, value=//*[@id='username']}]]>
            </message>
            <full-stacktrace>
              <![CDATA[org.openqa.selenium.UnhandledAlertException: unexpected alert open: {Alert text : }
  (Session info: chrome=101.0.4951.54): {Alert text : 
Build info: version: '3.14.0', revision: 'aacccce0', time: '2018-08-02T20:19:58.91Z'
System info: host: 'ARS-NBT-LAP-068', ip: '192.168.80.30', os.name: 'Linux', os.arch: 'amd64', os.version: '5.13.0-40-generic', java.version: '1.8.0_312'
Driver info: org.openqa.selenium.chrome.ChromeDriver
Capabilities {acceptInsecureCerts: false, browserName: chrome, browserVersion: 101.0.4951.54, chrome: {chromedriverVersion: 101.0.4951.41 (93c720db8323..., userDataDir: /tmp/.com.google.Chrome.g0PBpS}, goog:chromeOptions: {debuggerAddress: localhost:36311}, javascriptEnabled: true, networkConnectionEnabled: false, pageLoadStrategy: normal, platform: LINUX, platformName: LINUX, proxy: Proxy(), setWindowRect: true, strictFileInteractability: false, timeouts: {implicit: 0, pageLoad: 300000, script: 30000}, unhandledPromptBehavior: dismiss and notify, webauthn:extension:credBlob: true, webauthn:extension:largeBlob: true, webauthn:virtualAuthenticators: true}
Session ID: 34668760b03895bac38007fcae238689
*** Element info: {Using=xpath, value=//*[@id='username']}
at org.openqa.selenium.remote.http.W3CHttpResponseCodec.decode(W3CHttpResponseCodec.java:120)
at org.openqa.selenium.remote.http.W3CHttpResponseCodec.decode(W3CHttpResponseCodec.java:49)
at org.openqa.selenium.remote.HttpCommandExecutor.execute(HttpCommandExecutor.java:158)
at org.openqa.selenium.remote.service.DriverCommandExecutor.execute(DriverCommandExecutor.java:83)
at org.openqa.selenium.remote.RemoteWebDriver.execute(RemoteWebDriver.java:548)
at org.openqa.selenium.remote.RemoteWebDriver.findElement(RemoteWebDriver.java:322)
at org.openqa.selenium.remote.RemoteWebDriver.findElementByXPath(RemoteWebDriver.java:424)
at org.openqa.selenium.By$ByXPath.findElement(By.java:353)
at org.openqa.selenium.remote.RemoteWebDriver.findElement(RemoteWebDriver.java:314)
at org.openqa.selenium.support.pagefactory.DefaultElementLocator.findElement(DefaultElementLocator.java:69)
at org.openqa.selenium.support.pagefactory.internal.LocatingElementHandler.invoke(LocatingElementHandler.java:38)
at com.sun.proxy.$Proxy8.isDisplayed(Unknown Source)
at org.openqa.selenium.support.ui.ExpectedConditions.elementIfVisible(ExpectedConditions.java:315)
at org.openqa.selenium.support.ui.ExpectedConditions.access$100(ExpectedConditions.java:44)
at org.openqa.selenium.support.ui.ExpectedConditions$10.apply(ExpectedConditions.java:301)
at org.openqa.selenium.support.ui.ExpectedConditions$10.apply(ExpectedConditions.java:298)
at org.openqa.selenium.support.ui.FluentWait.until(FluentWait.java:260)
at com.signdrive.pageobject.Initiate_newcase_page.bgvLogin(Initiate_newcase_page.java:936)
at com.signdrive.testcases.SignDrive_Rejected_EPFO_Test.bgvLogin(SignDrive_Rejected_EPFO_Test.java:154)
at sun.reflect.NativeMethodAccessorImpl.invoke0(Native Method)
at sun.reflect.NativeMethodAccessorImpl.invoke(NativeMethodAccessorImpl.java:62)
at sun.reflect.DelegatingMethodAccessorImpl.invoke(DelegatingMethodAccessorImpl.java:43)
at java.lang.reflect.Method.invoke(Method.java:498)
at org.testng.internal.MethodInvocationHelper.invokeMethod(MethodInvocationHelper.java:124)
at org.testng.internal.Invoker.invokeMethod(Invoker.java:583)
at org.testng.internal.Invoker.invokeTestMethod(Invoker.java:719)
at org.testng.internal.Invoker.invokeTestMethods(Invoker.java:989)
at org.testng.internal.TestMethodWorker.invokeTestMethods(TestMethodWorker.java:125)
at org.testng.internal.TestMethodWorker.run(TestMethodWorker.java:109)
at org.testng.TestRunner.privateRun(TestRunner.java:648)
at org.testng.TestRunner.run(TestRunner.java:505)
at org.testng.SuiteRunner.runTest(SuiteRunner.java:455)
at org.testng.SuiteRunner.runSequentially(SuiteRunner.java:450)
at org.testng.SuiteRunner.privateRun(SuiteRunner.java:415)
at org.testng.SuiteRunner.run(SuiteRunner.java:364)
at org.testng.SuiteRunnerWorker.runSuite(SuiteRunnerWorker.java:52)
at org.testng.SuiteRunnerWorker.run(SuiteRunnerWorker.java:84)
at org.testng.TestNG.runSuitesSequentially(TestNG.java:1208)
at org.testng.TestNG.runSuitesLocally(TestNG.java:1137)
at org.testng.TestNG.runSuites(TestNG.java:1049)
at org.testng.TestNG.run(TestNG.java:1017)
at org.apache.maven.surefire.testng.TestNGExecutor.run(TestNGExecutor.java:295)
at org.apache.maven.surefire.testng.TestNGXmlTestSuite.execute(TestNGXmlTestSuite.java:84)
at org.apache.maven.surefire.testng.TestNGProvider.invoke(TestNGProvider.java:90)
at org.apache.maven.surefire.booter.ForkedBooter.invokeProviderInSameClassLoader(ForkedBooter.java:203)
at org.apache.maven.surefire.booter.ForkedBooter.runSuitesInProcess(ForkedBooter.java:155)
at org.apache.maven.surefire.booter.ForkedBooter.main(ForkedBooter.java:103)
]]>
            </full-stacktrace>
          </exception> <!-- org.openqa.selenium.UnhandledAlertException -->
          <reporter-output>
          </reporter-output>
        </test-method> <!-- bgvLogin -->
      </class> <!-- com.signdrive.testcases.SignDrive_Rejected_EPFO_Test -->
    </test> <!-- iBridge 22 -->
  </suite> <!-- iBridge -->
</testng-results>
