<?xml version="1.0" encoding="UTF-8"?>
<testsuite name="TestSuite" time="9,069.389" tests="7" errors="0" skipped="5" failures="1">
  <properties>
[...]
</properties>
  <testcase name="verifyEnpAdminLoginAccount" classname="com.iBridge.testcases.TC_PrepaidSubmitCaseIndividuallyExtended_02" time="7.445"/>
  <testcase name="verifyPrepaidInitiateSubmitCaseIndividually" classname="com.iBridge.testcases.TC_PrepaidSubmitCaseIndividuallyExtended_02" time="9,061.944">
    <failure message="Must provide a location for a move action." type="java.lang.IllegalArgumentException"><![CDATA[java.lang.IllegalArgumentException: Must provide a location for a move action.
	at org.openqa.selenium.interactions.MoveMouseAction.<init>(MoveMouseAction.java:38)
	at org.openqa.selenium.interactions.Actions.moveToElement(Actions.java:387)
	at com.iBridge.pageobject.PrepaidSubmitCaseIndividuallyExtended.prepaidCandidateAddress(PrepaidSubmitCaseIndividuallyExtended.java:1213)
	at com.iBridge.testcases.TC_PrepaidSubmitCaseIndividuallyExtended_02.verifyPrepaidInitiateSubmitCaseIndividually(TC_PrepaidSubmitCaseIndividuallyExtended_02.java:69)
]]></failure>
    <system-out><![CDATA[ INFO [main] (TC_PrepaidSubmitCaseIndividuallyExtended_02.java:50)- Initial submit case individually has successfully!
 INFO [main] (TC_PrepaidSubmitCaseIndividuallyExtended_02.java:52)- Upload Individual's Authorization Successfully!
 INFO [main] (TC_PrepaidSubmitCaseIndividuallyExtended_02.java:64)- Candidate Information Setup Successfully!
 INFO [main] (TC_PrepaidSubmitCaseIndividuallyExtended_02.java:66)- Candidate Additional Information Setup Successfully!
]]></system-out>
  </testcase>
  <testcase name="verifyPrepaidAmountPayableValue" classname="com.iBridge.testcases.TC_PrepaidSubmitCaseIndividuallyExtended_02" time="0">
    <skipped/>
  </testcase>
  <testcase name="verifyPrepaidPaymentPendingCases" classname="com.iBridge.testcases.TC_PrepaidSubmitCaseIndividuallyExtended_02" time="0">
    <skipped/>
  </testcase>
  <testcase name="verifysubmittedForVerificationBucket" classname="com.iBridge.testcases.TC_PrepaidSubmitCaseIndividuallyExtended_02" time="0">
    <skipped/>
  </testcase>
  <testcase name="submittedCasesTrackerWipCases" classname="com.iBridge.testcases.TC_PrepaidSubmitCaseIndividuallyExtended_02" time="0">
    <skipped/>
  </testcase>
  <testcase name="searchClientArsNoCaseList" classname="com.iBridge.testcases.TC_PrepaidSubmitCaseIndividuallyExtended_02" time="0">
    <skipped/>
  </testcase>
</testsuite>