<?xml version="1.0" encoding="UTF-8"?>
<testsuite name="TestSuite" time="141.832" tests="4" errors="0" skipped="0" failures="1">
  <properties>
[...]
</properties>
  <testcase name="signDriveLogin" classname="com.signdrive.testcases.SignDrive_ManaulTrigger_Test" time="6.701"/>
  <testcase name="initiateViaCandidate" classname="com.signdrive.testcases.SignDrive_ManaulTrigger_Test" time="59.458"/>
  <testcase name="uploadCTCFile" classname="com.signdrive.testcases.SignDrive_ManaulTrigger_Test" time="28.714"/>
  <testcase name="emailVerification" classname="com.signdrive.testcases.SignDrive_ManaulTrigger_Test" time="46.959">
    <failure type="java.lang.NullPointerException:">java.lang.NullPointerException: null
	at sun.reflect.NativeMethodAccessorImpl.invoke0(Native Method)
	at sun.reflect.NativeMethodAccessorImpl.invoke(NativeMethodAccessorImpl.java:62)
	at sun.reflect.DelegatingMethodAccessorImpl.invoke(DelegatingMethodAccessorImpl.java:43)
	at java.lang.reflect.Method.invoke(Method.java:498)
	at org.openqa.selenium.support.pagefactory.internal.LocatingElementHandler.invoke(LocatingElementHandler.java:51)
	at com.sun.proxy.$Proxy8.isDisplayed(Unknown Source)
	at org.openqa.selenium.support.ui.ExpectedConditions.elementIfVisible(ExpectedConditions.java:315)
	at org.openqa.selenium.support.ui.ExpectedConditions.access$100(ExpectedConditions.java:44)
	at org.openqa.selenium.support.ui.ExpectedConditions$10.apply(ExpectedConditions.java:301)
	at org.openqa.selenium.support.ui.ExpectedConditions$10.apply(ExpectedConditions.java:298)
	at org.openqa.selenium.support.ui.FluentWait.until(FluentWait.java:260)
	at com.signdrive.pageobject.Email_Verification_page.offerLetterSignedByCandidate(Email_Verification_page.java:190)
	at com.signdrive.testcases.SignDrive_ManaulTrigger_Test.emailVerification(SignDrive_ManaulTrigger_Test.java:109)
</failure>
    <system-out><![CDATA[ INFO [main] (SignDrive_ManaulTrigger_Test.java:98)- url is opened
enp.admin@authbridge.com
Auth@123
 INFO [main] (SignDrive_ManaulTrigger_Test.java:101)- Gmail account logged in
enp.admin@authbridge.com
Auth@123
]]></system-out>
  </testcase>
</testsuite>