<?xml version="1.0" encoding="UTF-8"?>
<testng-results skipped="0" failed="0" ignored="0" total="7" passed="7">
  <reporter-output>
  </reporter-output>
  <suite name="iBridge" duration-ms="290202" started-at="2022-06-23T07:56:38Z" finished-at="2022-06-23T08:01:28Z">
    <groups>
    </groups>
    <test name="iBridge14" duration-ms="290202" started-at="2022-06-23T07:56:38Z" finished-at="2022-06-23T08:01:28Z">
      <class name="com.iBridge.sme.testcases.TC_CaseCompletionSme_01">
        <test-method status="PASS" signature="setup(java.lang.String)[pri:0, instance:com.iBridge.sme.testcases.TC_CaseCompletionSme_01@3cda1055]" name="setup" is-config="true" duration-ms="6181" started-at="2022-06-23T07:56:38Z" finished-at="2022-06-23T07:56:44Z">
          <params>
            <param index="0">
              <value>
                <![CDATA[chrome]]>
              </value>
            </param>
          </params>
          <reporter-output>
          </reporter-output>
        </test-method> <!-- setup -->
        <test-method status="PASS" signature="checksSummaryClosedByClient()[pri:1, instance:com.iBridge.sme.testcases.TC_CaseCompletionSme_01@3cda1055]" name="checksSummaryClosedByClient" duration-ms="18260" started-at="2022-06-23T07:56:44Z" finished-at="2022-06-23T07:57:02Z">
          <reporter-output>
          </reporter-output>
        </test-method> <!-- checksSummaryClosedByClient -->
        <test-method status="PASS" signature="educationWCheckCloseVerification()[pri:2, instance:com.iBridge.sme.testcases.TC_CaseCompletionSme_01@3cda1055]" name="educationWCheckCloseVerification" duration-ms="881" started-at="2022-06-23T07:57:02Z" depends-on-methods="com.iBridge.sme.testcases.TC_CaseCompletionSme_01.checksSummaryClosedByClient" finished-at="2022-06-23T07:57:03Z">
          <reporter-output>
          </reporter-output>
        </test-method> <!-- educationWCheckCloseVerification -->
        <test-method status="PASS" signature="verificationQualityAllocator()[pri:3, instance:com.iBridge.sme.testcases.TC_CaseCompletionSme_01@3cda1055]" name="verificationQualityAllocator" duration-ms="172717" started-at="2022-06-23T07:57:03Z" depends-on-methods="com.iBridge.sme.testcases.TC_CaseCompletionSme_01.educationWCheckCloseVerification" finished-at="2022-06-23T07:59:56Z">
          <reporter-output>
          </reporter-output>
        </test-method> <!-- verificationQualityAllocator -->
        <test-method status="PASS" signature="verificationQualityReleasedForReport()[pri:4, instance:com.iBridge.sme.testcases.TC_CaseCompletionSme_01@3cda1055]" name="verificationQualityReleasedForReport" duration-ms="4" started-at="2022-06-23T07:59:56Z" depends-on-methods="com.iBridge.sme.testcases.TC_CaseCompletionSme_01.verificationQualityAllocator" finished-at="2022-06-23T07:59:56Z">
          <reporter-output>
          </reporter-output>
        </test-method> <!-- verificationQualityReleasedForReport -->
        <test-method status="PASS" signature="verificationQualityAllocatorForReport()[pri:4, instance:com.iBridge.sme.testcases.TC_CaseCompletionSme_01@3cda1055]" name="verificationQualityAllocatorForReport" duration-ms="0" started-at="2022-06-23T07:59:56Z" depends-on-methods="com.iBridge.sme.testcases.TC_CaseCompletionSme_01.verificationQualityReleasedForReport" finished-at="2022-06-23T07:59:56Z">
          <reporter-output>
          </reporter-output>
        </test-method> <!-- verificationQualityAllocatorForReport -->
        <test-method status="PASS" signature="verifyReportsManager()[pri:5, instance:com.iBridge.sme.testcases.TC_CaseCompletionSme_01@3cda1055]" name="verifyReportsManager" duration-ms="27215" started-at="2022-06-23T07:59:56Z" depends-on-methods="com.iBridge.sme.testcases.TC_CaseCompletionSme_01.verificationQualityAllocatorForReport" finished-at="2022-06-23T08:00:23Z">
          <reporter-output>
          </reporter-output>
        </test-method> <!-- verifyReportsManager -->
        <test-method status="PASS" signature="generateCaseReportPdf()[pri:6, instance:com.iBridge.sme.testcases.TC_CaseCompletionSme_01@3cda1055]" name="generateCaseReportPdf" duration-ms="64683" started-at="2022-06-23T08:00:23Z" depends-on-methods="com.iBridge.sme.testcases.TC_CaseCompletionSme_01.verifyReportsManager" finished-at="2022-06-23T08:01:28Z">
          <reporter-output>
          </reporter-output>
        </test-method> <!-- generateCaseReportPdf -->
      </class> <!-- com.iBridge.sme.testcases.TC_CaseCompletionSme_01 -->
    </test> <!-- iBridge14 -->
  </suite> <!-- iBridge -->
</testng-results>
