<?xml version="1.0" encoding="UTF-8"?>
<testsuite name="TestSuite" time="181.779" tests="18" errors="0" skipped="14" failures="1">
  <properties>
[...]
</properties>
  <testcase name="verifyInsufficientVerifier" classname="com.iBridge.sme.testcases.TC_InsufficientBridgeSme_01" time="46.593"/>
  <testcase name="verifyInsufficientAppearingOniBridge" classname="com.iBridge.sme.testcases.TC_InsufficientBridgeSme_01" time="44.29"/>
  <testcase name="verifyInsufficientpendingForFulfilment" classname="com.iBridge.sme.testcases.TC_InsufficientBridgeSme_01" time="16.456"/>
  <testcase name="verifyInsufficiencyFulfillment" classname="com.iBridge.sme.testcases.TC_InsufficientBridgeSme_01" time="74.44">
    <failure message="no such element: Unable to locate element: {&quot;method&quot;:&quot;xpath&quot;,&quot;selector&quot;:&quot;/html[1]/body[1]/div[1]/div[2]/div[2]/div[2]/form[1]/table[1]/tbody[1]/tr[1]/td[12]/a[1]&quot;}&#10;  (Session info: chrome=101.0.4951.54)&#10;For documentation on this error, please visit: http://seleniumhq.org/exceptions/no_such_element.html&#10;Build info: version: &apos;3.14.0&apos;, revision: &apos;aacccce0&apos;, time: &apos;2018-08-02T20:19:58.91Z&apos;&#10;System info: host: &apos;ARS-NBT-LAP-068&apos;, ip: &apos;192.168.80.30&apos;, os.name: &apos;Linux&apos;, os.arch: &apos;amd64&apos;, os.version: &apos;5.13.0-44-generic&apos;, java.version: &apos;1.8.0_312&apos;&#10;Driver info: org.openqa.selenium.chrome.ChromeDriver&#10;Capabilities {acceptInsecureCerts: false, browserName: chrome, browserVersion: 101.0.4951.54, chrome: {chromedriverVersion: 101.0.4951.41 (93c720db8323..., userDataDir: /tmp/.com.google.Chrome.7Va0mr}, goog:chromeOptions: {debuggerAddress: localhost:44063}, javascriptEnabled: true, networkConnectionEnabled: false, pageLoadStrategy: normal, platform: LINUX, platformName: LINUX, proxy: Proxy(), setWindowRect: true, strictFileInteractability: false, timeouts: {implicit: 0, pageLoad: 300000, script: 30000}, unhandledPromptBehavior: dismiss and notify, webauthn:extension:credBlob: true, webauthn:extension:largeBlob: true, webauthn:virtualAuthenticators: true}&#10;Session ID: ce5725531fd8db5d772b584458afd0b4&#10;*** Element info: {Using=xpath, value=/html[1]/body[1]/div[1]/div[2]/div[2]/div[2]/form[1]/table[1]/tbody[1]/tr[1]/td[12]/a[1]}" type="org.openqa.selenium.NoSuchElementException">org.openqa.selenium.NoSuchElementException: no such element: Unable to locate element: {"method":"xpath","selector":"/html[1]/body[1]/div[1]/div[2]/div[2]/div[2]/form[1]/table[1]/tbody[1]/tr[1]/td[12]/a[1]"}
  (Session info: chrome=101.0.4951.54)
For documentation on this error, please visit: http://seleniumhq.org/exceptions/no_such_element.html
Build info: version: '3.14.0', revision: 'aacccce0', time: '2018-08-02T20:19:58.91Z'
System info: host: 'ARS-NBT-LAP-068', ip: '192.168.80.30', os.name: 'Linux', os.arch: 'amd64', os.version: '5.13.0-44-generic', java.version: '1.8.0_312'
Driver info: org.openqa.selenium.chrome.ChromeDriver
Capabilities {acceptInsecureCerts: false, browserName: chrome, browserVersion: 101.0.4951.54, chrome: {chromedriverVersion: 101.0.4951.41 (93c720db8323..., userDataDir: /tmp/.com.google.Chrome.7Va0mr}, goog:chromeOptions: {debuggerAddress: localhost:44063}, javascriptEnabled: true, networkConnectionEnabled: false, pageLoadStrategy: normal, platform: LINUX, platformName: LINUX, proxy: Proxy(), setWindowRect: true, strictFileInteractability: false, timeouts: {implicit: 0, pageLoad: 300000, script: 30000}, unhandledPromptBehavior: dismiss and notify, webauthn:extension:credBlob: true, webauthn:extension:largeBlob: true, webauthn:virtualAuthenticators: true}
Session ID: ce5725531fd8db5d772b584458afd0b4
*** Element info: {Using=xpath, value=/html[1]/body[1]/div[1]/div[2]/div[2]/div[2]/form[1]/table[1]/tbody[1]/tr[1]/td[12]/a[1]}
	at sun.reflect.NativeConstructorAccessorImpl.newInstance0(Native Method)
	at sun.reflect.NativeConstructorAccessorImpl.newInstance(NativeConstructorAccessorImpl.java:62)
	at sun.reflect.DelegatingConstructorAccessorImpl.newInstance(DelegatingConstructorAccessorImpl.java:45)
	at java.lang.reflect.Constructor.newInstance(Constructor.java:423)
	at org.openqa.selenium.remote.http.W3CHttpResponseCodec.createException(W3CHttpResponseCodec.java:187)
	at org.openqa.selenium.remote.http.W3CHttpResponseCodec.decode(W3CHttpResponseCodec.java:122)
	at org.openqa.selenium.remote.http.W3CHttpResponseCodec.decode(W3CHttpResponseCodec.java:49)
	at org.openqa.selenium.remote.HttpCommandExecutor.execute(HttpCommandExecutor.java:158)
	at org.openqa.selenium.remote.service.DriverCommandExecutor.execute(DriverCommandExecutor.java:83)
	at org.openqa.selenium.remote.RemoteWebDriver.execute(RemoteWebDriver.java:548)
	at org.openqa.selenium.remote.RemoteWebDriver.findElement(RemoteWebDriver.java:322)
	at org.openqa.selenium.remote.RemoteWebDriver.findElementByXPath(RemoteWebDriver.java:424)
	at org.openqa.selenium.By$ByXPath.findElement(By.java:353)
	at org.openqa.selenium.remote.RemoteWebDriver.findElement(RemoteWebDriver.java:314)
	at org.openqa.selenium.support.pagefactory.DefaultElementLocator.findElement(DefaultElementLocator.java:69)
	at org.openqa.selenium.support.pagefactory.internal.LocatingElementHandler.invoke(LocatingElementHandler.java:38)
	at com.sun.proxy.$Proxy8.click(Unknown Source)
	at com.iBridge.sme.pageobject.InsufficientBridgeSme.userAdminInsufficiencyFulfillment(InsufficientBridgeSme.java:1346)
	at com.iBridge.sme.testcases.TC_InsufficientBridgeSme_01.verifyInsufficiencyFulfillment(TC_InsufficientBridgeSme_01.java:109)
</failure>
    <system-out><![CDATA[ INFO [main] (TC_InsufficientBridgeSme_01.java:102)- Bridge Url is opened
 INFO [main] (TC_InsufficientBridgeSme_01.java:105)- Bridge account has Logged successfully!
]]></system-out>
  </testcase>
  <testcase name="verifyInsufficientCasesPresentOrNot" classname="com.iBridge.sme.testcases.TC_InsufficientBridgeSme_01" time="0">
    <skipped/>
  </testcase>
  <testcase name="verifyCostApprovalRequiredInsufficient" classname="com.iBridge.sme.testcases.TC_InsufficientBridgeSme_01" time="0">
    <skipped/>
  </testcase>
  <testcase name="verifycostApprovalRequiredInsuffCasePresentOrNot" classname="com.iBridge.sme.testcases.TC_InsufficientBridgeSme_01" time="0">
    <skipped/>
  </testcase>
  <testcase name="verifyApprovalRequiredInsufficient" classname="com.iBridge.sme.testcases.TC_InsufficientBridgeSme_01" time="0">
    <skipped/>
  </testcase>
  <testcase name="verifycostApprovalRequiredRemovedOrNot" classname="com.iBridge.sme.testcases.TC_InsufficientBridgeSme_01" time="0">
    <skipped/>
  </testcase>
  <testcase name="verifyAdminUserReasonInsufficientBoth" classname="com.iBridge.sme.testcases.TC_InsufficientBridgeSme_01" time="0">
    <skipped/>
  </testcase>
  <testcase name="verifyApprovalRequiredAndInsufficientBoth" classname="com.iBridge.sme.testcases.TC_InsufficientBridgeSme_01" time="0">
    <skipped/>
  </testcase>
  <testcase name="verifyApprovalRequiredInsuffPresentOrNot" classname="com.iBridge.sme.testcases.TC_InsufficientBridgeSme_01" time="0">
    <skipped/>
  </testcase>
  <testcase name="verifyApprovalRequiredInsuffBothRemovedOrNot" classname="com.iBridge.sme.testcases.TC_InsufficientBridgeSme_01" time="0">
    <skipped/>
  </testcase>
  <testcase name="verifyInsufficientBothCasesPresentOrNot" classname="com.iBridge.sme.testcases.TC_InsufficientBridgeSme_01" time="0">
    <skipped/>
  </testcase>
  <testcase name="verifyAdminUserInsuffRaisedCasesOnHold" classname="com.iBridge.sme.testcases.TC_InsufficientBridgeSme_01" time="0">
    <skipped/>
  </testcase>
  <testcase name="verifyInsuffCasesOnHoldPresentOrNot" classname="com.iBridge.sme.testcases.TC_InsufficientBridgeSme_01" time="0">
    <skipped/>
  </testcase>
  <testcase name="verifyInsuffCasesOnHoldRemovedOrNot" classname="com.iBridge.sme.testcases.TC_InsufficientBridgeSme_01" time="0">
    <skipped/>
  </testcase>
  <testcase name="verifywithdrawCaseStatusClosedByClient" classname="com.iBridge.sme.testcases.TC_InsufficientBridgeSme_01" time="0">
    <skipped/>
  </testcase>
</testsuite>