-------------------------------------------------------------------------------
Test set: TestSuite
-------------------------------------------------------------------------------
Tests run: 18, Failures: 1, Errors: 0, Skipped: 16, Time elapsed: 132.574 sec <<< FAILURE! - in TestSuite
verifyInsufficientAppearingOniBridge(com.iBridge.sme.testcases.TC_InsufficientBridgeSme_01)  Time elapsed: 30.433 sec  <<< FAILURE!
java.lang.NullPointerException: null
	at sun.reflect.NativeMethodAccessorImpl.invoke0(Native Method)
	at sun.reflect.NativeMethodAccessorImpl.invoke(NativeMethodAccessorImpl.java:62)
	at sun.reflect.DelegatingMethodAccessorImpl.invoke(DelegatingMethodAccessorImpl.java:43)
	at java.lang.reflect.Method.invoke(Method.java:498)
	at org.openqa.selenium.support.pagefactory.internal.LocatingElementHandler.invoke(LocatingElementHandler.java:51)
	at com.sun.proxy.$Proxy8.isDisplayed(Unknown Source)
	at org.openqa.selenium.support.ui.ExpectedConditions.elementIfVisible(ExpectedConditions.java:315)
	at org.openqa.selenium.support.ui.ExpectedConditions.access$100(ExpectedConditions.java:44)
	at org.openqa.selenium.support.ui.ExpectedConditions$10.apply(ExpectedConditions.java:301)
	at org.openqa.selenium.support.ui.ExpectedConditions$10.apply(ExpectedConditions.java:298)
	at org.openqa.selenium.support.ui.FluentWait.until(FluentWait.java:260)
	at com.iBridge.sme.pageobject.InsufficientiBridgeSme.insuffRaiseInInsufficienciesBucket(InsufficientiBridgeSme.java:260)
	at com.iBridge.sme.testcases.TC_InsufficientBridgeSme_01.verifyInsufficientAppearingOniBridge(TC_InsufficientBridgeSme_01.java:58)

