<?xml version="1.0" encoding="UTF-8"?>
<testng-results skipped="0" failed="0" ignored="0" total="4" passed="4">
  <reporter-output>
  </reporter-output>
  <suite name="iBridge" duration-ms="366313" started-at="2022-06-09T08:47:51Z" finished-at="2022-06-09T08:53:57Z">
    <groups>
    </groups>
    <test name="iBridge 21" duration-ms="366313" started-at="2022-06-09T08:47:51Z" finished-at="2022-06-09T08:53:57Z">
      <class name="com.signdrive.testcases.SignDrive_RejectedOfferLetter_Test">
        <test-method status="PASS" signature="setup(java.lang.String)[pri:0, instance:com.signdrive.testcases.SignDrive_RejectedOfferLetter_Test@79698539]" name="setup" is-config="true" duration-ms="7942" started-at="2022-06-09T08:47:51Z" finished-at="2022-06-09T08:47:59Z">
          <params>
            <param index="0">
              <value>
                <![CDATA[chrome]]>
              </value>
            </param>
          </params>
          <reporter-output>
          </reporter-output>
        </test-method> <!-- setup -->
        <test-method status="PASS" signature="signDriveLogin()[pri:1, instance:com.signdrive.testcases.SignDrive_RejectedOfferLetter_Test@79698539]" name="signDriveLogin" duration-ms="9185" started-at="2022-06-09T08:47:59Z" finished-at="2022-06-09T08:48:08Z">
          <reporter-output>
          </reporter-output>
        </test-method> <!-- signDriveLogin -->
        <test-method status="PASS" signature="initiateViaCandidate()[pri:2, instance:com.signdrive.testcases.SignDrive_RejectedOfferLetter_Test@79698539]" name="initiateViaCandidate" duration-ms="59542" started-at="2022-06-09T08:48:08Z" depends-on-methods="com.signdrive.testcases.SignDrive_RejectedOfferLetter_Test.signDriveLogin" finished-at="2022-06-09T08:49:08Z">
          <reporter-output>
          </reporter-output>
        </test-method> <!-- initiateViaCandidate -->
        <test-method status="PASS" signature="uploadCtcFile()[pri:3, instance:com.signdrive.testcases.SignDrive_RejectedOfferLetter_Test@79698539]" name="uploadCtcFile" duration-ms="38532" started-at="2022-06-09T08:49:08Z" depends-on-methods="com.signdrive.testcases.SignDrive_RejectedOfferLetter_Test.initiateViaCandidate" finished-at="2022-06-09T08:49:46Z">
          <reporter-output>
          </reporter-output>
        </test-method> <!-- uploadCtcFile -->
        <test-method status="PASS" signature="candidateReceiveLink()[pri:4, instance:com.signdrive.testcases.SignDrive_RejectedOfferLetter_Test@79698539]" name="candidateReceiveLink" duration-ms="250828" started-at="2022-06-09T08:49:46Z" depends-on-methods="com.signdrive.testcases.SignDrive_RejectedOfferLetter_Test.uploadCtcFile" finished-at="2022-06-09T08:53:57Z">
          <reporter-output>
          </reporter-output>
        </test-method> <!-- candidateReceiveLink -->
      </class> <!-- com.signdrive.testcases.SignDrive_RejectedOfferLetter_Test -->
    </test> <!-- iBridge 21 -->
  </suite> <!-- iBridge -->
</testng-results>
