<?xml version="1.0" encoding="UTF-8"?>
<testsuite name="TestSuite" time="297.07" tests="6" errors="0" skipped="0" failures="1">
  <properties>
[...]
</properties>
  <testcase name="signDriveLogin" classname="com.signdrive.testcases.SignDrive_Rejected_EPFO_Test" time="5.647"/>
  <testcase name="initiateViaCandidate" classname="com.signdrive.testcases.SignDrive_Rejected_EPFO_Test" time="48.003"/>
  <testcase name="uploadCTCFile" classname="com.signdrive.testcases.SignDrive_Rejected_EPFO_Test" time="24.69"/>
  <testcase name="emailVerification" classname="com.signdrive.testcases.SignDrive_Rejected_EPFO_Test" time="51.992"/>
  <testcase name="verifyOLAcceptedByCandidate" classname="com.signdrive.testcases.SignDrive_Rejected_EPFO_Test" time="142.029"/>
  <testcase name="bgvLogin" classname="com.signdrive.testcases.SignDrive_Rejected_EPFO_Test" time="24.709">
    <failure message="unexpected alert open: {Alert text : }&#10;  (Session info: chrome=101.0.4951.54): {Alert text : &#10;Build info: version: &apos;3.14.0&apos;, revision: &apos;aacccce0&apos;, time: &apos;2018-08-02T20:19:58.91Z&apos;&#10;System info: host: &apos;ARS-NBT-LAP-068&apos;, ip: &apos;192.168.80.30&apos;, os.name: &apos;Linux&apos;, os.arch: &apos;amd64&apos;, os.version: &apos;5.13.0-40-generic&apos;, java.version: &apos;1.8.0_312&apos;&#10;Driver info: org.openqa.selenium.chrome.ChromeDriver&#10;Capabilities {acceptInsecureCerts: false, browserName: chrome, browserVersion: 101.0.4951.54, chrome: {chromedriverVersion: 101.0.4951.41 (93c720db8323..., userDataDir: /tmp/.com.google.Chrome.g0PBpS}, goog:chromeOptions: {debuggerAddress: localhost:36311}, javascriptEnabled: true, networkConnectionEnabled: false, pageLoadStrategy: normal, platform: LINUX, platformName: LINUX, proxy: Proxy(), setWindowRect: true, strictFileInteractability: false, timeouts: {implicit: 0, pageLoad: 300000, script: 30000}, unhandledPromptBehavior: dismiss and notify, webauthn:extension:credBlob: true, webauthn:extension:largeBlob: true, webauthn:virtualAuthenticators: true}&#10;Session ID: 34668760b03895bac38007fcae238689&#10;*** Element info: {Using=xpath, value=//*[@id=&apos;username&apos;]}" type="org.openqa.selenium.UnhandledAlertException">org.openqa.selenium.UnhandledAlertException: unexpected alert open: {Alert text : }
  (Session info: chrome=101.0.4951.54): {Alert text : 
Build info: version: '3.14.0', revision: 'aacccce0', time: '2018-08-02T20:19:58.91Z'
System info: host: 'ARS-NBT-LAP-068', ip: '192.168.80.30', os.name: 'Linux', os.arch: 'amd64', os.version: '5.13.0-40-generic', java.version: '1.8.0_312'
Driver info: org.openqa.selenium.chrome.ChromeDriver
Capabilities {acceptInsecureCerts: false, browserName: chrome, browserVersion: 101.0.4951.54, chrome: {chromedriverVersion: 101.0.4951.41 (93c720db8323..., userDataDir: /tmp/.com.google.Chrome.g0PBpS}, goog:chromeOptions: {debuggerAddress: localhost:36311}, javascriptEnabled: true, networkConnectionEnabled: false, pageLoadStrategy: normal, platform: LINUX, platformName: LINUX, proxy: Proxy(), setWindowRect: true, strictFileInteractability: false, timeouts: {implicit: 0, pageLoad: 300000, script: 30000}, unhandledPromptBehavior: dismiss and notify, webauthn:extension:credBlob: true, webauthn:extension:largeBlob: true, webauthn:virtualAuthenticators: true}
Session ID: 34668760b03895bac38007fcae238689
*** Element info: {Using=xpath, value=//*[@id='username']}
	at org.openqa.selenium.remote.http.W3CHttpResponseCodec.decode(W3CHttpResponseCodec.java:120)
	at org.openqa.selenium.remote.http.W3CHttpResponseCodec.decode(W3CHttpResponseCodec.java:49)
	at org.openqa.selenium.remote.HttpCommandExecutor.execute(HttpCommandExecutor.java:158)
	at org.openqa.selenium.remote.service.DriverCommandExecutor.execute(DriverCommandExecutor.java:83)
	at org.openqa.selenium.remote.RemoteWebDriver.execute(RemoteWebDriver.java:548)
	at org.openqa.selenium.remote.RemoteWebDriver.findElement(RemoteWebDriver.java:322)
	at org.openqa.selenium.remote.RemoteWebDriver.findElementByXPath(RemoteWebDriver.java:424)
	at org.openqa.selenium.By$ByXPath.findElement(By.java:353)
	at org.openqa.selenium.remote.RemoteWebDriver.findElement(RemoteWebDriver.java:314)
	at org.openqa.selenium.support.pagefactory.DefaultElementLocator.findElement(DefaultElementLocator.java:69)
	at org.openqa.selenium.support.pagefactory.internal.LocatingElementHandler.invoke(LocatingElementHandler.java:38)
	at com.sun.proxy.$Proxy8.isDisplayed(Unknown Source)
	at org.openqa.selenium.support.ui.ExpectedConditions.elementIfVisible(ExpectedConditions.java:315)
	at org.openqa.selenium.support.ui.ExpectedConditions.access$100(ExpectedConditions.java:44)
	at org.openqa.selenium.support.ui.ExpectedConditions$10.apply(ExpectedConditions.java:301)
	at org.openqa.selenium.support.ui.ExpectedConditions$10.apply(ExpectedConditions.java:298)
	at org.openqa.selenium.support.ui.FluentWait.until(FluentWait.java:260)
	at com.signdrive.pageobject.Initiate_newcase_page.bgvLogin(Initiate_newcase_page.java:936)
	at com.signdrive.testcases.SignDrive_Rejected_EPFO_Test.bgvLogin(SignDrive_Rejected_EPFO_Test.java:154)
</failure>
    <system-out><![CDATA[ INFO [main] (SignDrive_Rejected_EPFO_Test.java:140)- Gmail URL is opened
enp.admin@authbridge.com
Auth@123
 INFO [main] (SignDrive_Rejected_EPFO_Test.java:153)- BGV URL is opened
]]></system-out>
  </testcase>
</testsuite>