<?xml version="1.0" encoding="UTF-8"?>
<testsuite name="TestSuite" time="430.92" tests="12" errors="0" skipped="6" failures="1">
  <properties>
[...]
</properties>
  <testcase name="signDrivelogin" classname="com.signdrive.testcases.SignDrive_ManaulTrigger_Test" time="1.624"/>
  <testcase name="initiateViaCandidate" classname="com.signdrive.testcases.SignDrive_ManaulTrigger_Test" time="21.57"/>
  <testcase name="uploadCTCFile" classname="com.signdrive.testcases.SignDrive_ManaulTrigger_Test" time="15.954"/>
  <testcase name="emailVerification" classname="com.signdrive.testcases.SignDrive_ManaulTrigger_Test" time="36.857"/>
  <testcase name="verifyOLAcceptedByCandidate" classname="com.signdrive.testcases.SignDrive_ManaulTrigger_Test" time="150.908"/>
  <testcase name="bgvLogin" classname="com.signdrive.testcases.SignDrive_ManaulTrigger_Test" time="204.007">
    <failure message="Expected condition failed: waiting for visibility of Proxy element for: DefaultElementLocator &apos;By.xpath: //*[text()=&apos;Instructions to Fill Background Verification Form&apos;]&apos; (tried for 120 second(s) with 500 milliseconds interval)" type="org.openqa.selenium.TimeoutException">org.openqa.selenium.TimeoutException: Expected condition failed: waiting for visibility of Proxy element for: DefaultElementLocator 'By.xpath: //*[text()='Instructions to Fill Background Verification Form']' (tried for 120 second(s) with 500 milliseconds interval)
	at sun.reflect.NativeConstructorAccessorImpl.newInstance0(Native Method)
	at sun.reflect.NativeConstructorAccessorImpl.newInstance(NativeConstructorAccessorImpl.java:62)
	at sun.reflect.DelegatingConstructorAccessorImpl.newInstance(DelegatingConstructorAccessorImpl.java:45)
	at java.lang.reflect.Constructor.newInstance(Constructor.java:423)
	at org.openqa.selenium.remote.http.W3CHttpResponseCodec.createException(W3CHttpResponseCodec.java:187)
	at org.openqa.selenium.remote.http.W3CHttpResponseCodec.decode(W3CHttpResponseCodec.java:122)
	at org.openqa.selenium.remote.http.W3CHttpResponseCodec.decode(W3CHttpResponseCodec.java:49)
	at org.openqa.selenium.remote.HttpCommandExecutor.execute(HttpCommandExecutor.java:158)
	at org.openqa.selenium.remote.service.DriverCommandExecutor.execute(DriverCommandExecutor.java:83)
	at org.openqa.selenium.remote.RemoteWebDriver.execute(RemoteWebDriver.java:548)
	at org.openqa.selenium.remote.RemoteWebDriver.findElement(RemoteWebDriver.java:322)
	at org.openqa.selenium.remote.RemoteWebDriver.findElementByXPath(RemoteWebDriver.java:424)
	at org.openqa.selenium.By$ByXPath.findElement(By.java:353)
	at org.openqa.selenium.remote.RemoteWebDriver.findElement(RemoteWebDriver.java:314)
	at org.openqa.selenium.support.pagefactory.DefaultElementLocator.findElement(DefaultElementLocator.java:69)
	at org.openqa.selenium.support.pagefactory.internal.LocatingElementHandler.invoke(LocatingElementHandler.java:38)
	at com.sun.proxy.$Proxy8.isDisplayed(Unknown Source)
	at org.openqa.selenium.support.ui.ExpectedConditions.elementIfVisible(ExpectedConditions.java:315)
	at org.openqa.selenium.support.ui.ExpectedConditions.access$100(ExpectedConditions.java:44)
	at org.openqa.selenium.support.ui.ExpectedConditions$10.apply(ExpectedConditions.java:301)
	at org.openqa.selenium.support.ui.ExpectedConditions$10.apply(ExpectedConditions.java:298)
	at org.openqa.selenium.support.ui.FluentWait.until(FluentWait.java:260)
	at com.signdrive.pageobject.Initiate_newcase_page.bgvLogin(Initiate_newcase_page.java:1070)
	at com.signdrive.testcases.SignDrive_ManaulTrigger_Test.bgvLogin(SignDrive_ManaulTrigger_Test.java:155)
</failure>
    <system-out><![CDATA[ INFO [main] (SignDrive_ManaulTrigger_Test.java:144)- Gmail URL is opened
enp.admin@authbridge.com
Auth@123
 INFO [main] (SignDrive_ManaulTrigger_Test.java:154)- BGV URL is opened
]]></system-out>
  </testcase>
  <testcase name="fillAndSubmitForm" classname="com.signdrive.testcases.SignDrive_ManaulTrigger_Test" time="0">
    <skipped/>
  </testcase>
  <testcase name="pendingSignOffBucket" classname="com.signdrive.testcases.SignDrive_ManaulTrigger_Test" time="0">
    <skipped/>
  </testcase>
  <testcase name="verifyInstaform" classname="com.signdrive.testcases.SignDrive_ManaulTrigger_Test" time="0">
    <skipped/>
  </testcase>
  <testcase name="instaform" classname="com.signdrive.testcases.SignDrive_ManaulTrigger_Test" time="0">
    <skipped/>
  </testcase>
  <testcase name="addAdditionalDetail" classname="com.signdrive.testcases.SignDrive_ManaulTrigger_Test" time="0">
    <skipped/>
  </testcase>
  <testcase name="alLink" classname="com.signdrive.testcases.SignDrive_ManaulTrigger_Test" time="0">
    <skipped/>
  </testcase>
</testsuite>