<?xml version="1.0" encoding="UTF-8"?>
<testng-results skipped="6" failed="1" ignored="0" total="12" passed="5">
  <reporter-output>
  </reporter-output>
  <suite name="iBridge" duration-ms="434925" started-at="2022-07-25T12:50:58Z" finished-at="2022-07-25T12:58:12Z">
    <groups>
    </groups>
    <test name="iBridge 23" duration-ms="434925" started-at="2022-07-25T12:50:58Z" finished-at="2022-07-25T12:58:12Z">
      <class name="com.signdrive.testcases.SignDrive_ManaulTrigger_Test">
        <test-method status="PASS" signature="setup(java.lang.String)[pri:0, instance:com.signdrive.testcases.SignDrive_ManaulTrigger_Test@2ed94a8b]" name="setup" is-config="true" duration-ms="3741" started-at="2022-07-25T12:50:58Z" finished-at="2022-07-25T12:51:01Z">
          <params>
            <param index="0">
              <value>
                <![CDATA[chrome]]>
              </value>
            </param>
          </params>
          <reporter-output>
          </reporter-output>
        </test-method> <!-- setup -->
        <test-method status="PASS" signature="signDrivelogin()[pri:1, instance:com.signdrive.testcases.SignDrive_ManaulTrigger_Test@2ed94a8b]" name="signDrivelogin" duration-ms="1623" started-at="2022-07-25T12:51:01Z" finished-at="2022-07-25T12:51:03Z">
          <reporter-output>
          </reporter-output>
        </test-method> <!-- signDrivelogin -->
        <test-method status="PASS" signature="initiateViaCandidate()[pri:2, instance:com.signdrive.testcases.SignDrive_ManaulTrigger_Test@2ed94a8b]" name="initiateViaCandidate" duration-ms="21570" started-at="2022-07-25T12:51:03Z" depends-on-methods="com.signdrive.testcases.SignDrive_ManaulTrigger_Test.signDrivelogin" finished-at="2022-07-25T12:51:25Z">
          <reporter-output>
          </reporter-output>
        </test-method> <!-- initiateViaCandidate -->
        <test-method status="PASS" signature="uploadCTCFile()[pri:3, instance:com.signdrive.testcases.SignDrive_ManaulTrigger_Test@2ed94a8b]" name="uploadCTCFile" duration-ms="15954" started-at="2022-07-25T12:51:25Z" depends-on-methods="com.signdrive.testcases.SignDrive_ManaulTrigger_Test.initiateViaCandidate" finished-at="2022-07-25T12:51:41Z">
          <reporter-output>
          </reporter-output>
        </test-method> <!-- uploadCTCFile -->
        <test-method status="PASS" signature="emailVerification()[pri:4, instance:com.signdrive.testcases.SignDrive_ManaulTrigger_Test@2ed94a8b]" name="emailVerification" duration-ms="36855" started-at="2022-07-25T12:51:41Z" depends-on-methods="com.signdrive.testcases.SignDrive_ManaulTrigger_Test.uploadCTCFile" finished-at="2022-07-25T12:52:18Z">
          <reporter-output>
          </reporter-output>
        </test-method> <!-- emailVerification -->
        <test-method status="PASS" signature="verifyOLAcceptedByCandidate()[pri:5, instance:com.signdrive.testcases.SignDrive_ManaulTrigger_Test@2ed94a8b]" name="verifyOLAcceptedByCandidate" duration-ms="150909" started-at="2022-07-25T12:52:18Z" depends-on-methods="com.signdrive.testcases.SignDrive_ManaulTrigger_Test.emailVerification" finished-at="2022-07-25T12:54:48Z">
          <reporter-output>
          </reporter-output>
        </test-method> <!-- verifyOLAcceptedByCandidate -->
        <test-method status="FAIL" signature="bgvLogin()[pri:6, instance:com.signdrive.testcases.SignDrive_ManaulTrigger_Test@2ed94a8b]" name="bgvLogin" duration-ms="203996" started-at="2022-07-25T12:54:48Z" depends-on-methods="com.signdrive.testcases.SignDrive_ManaulTrigger_Test.verifyOLAcceptedByCandidate" finished-at="2022-07-25T12:58:12Z">
          <exception class="org.openqa.selenium.TimeoutException">
            <message>
              <![CDATA[Expected condition failed: waiting for visibility of Proxy element for: DefaultElementLocator 'By.xpath: //*[text()='Instructions to Fill Background Verification Form']' (tried for 120 second(s) with 500 milliseconds interval)]]>
            </message>
            <full-stacktrace>
              <![CDATA[org.openqa.selenium.TimeoutException: Expected condition failed: waiting for visibility of Proxy element for: DefaultElementLocator 'By.xpath: //*[text()='Instructions to Fill Background Verification Form']' (tried for 120 second(s) with 500 milliseconds interval)
at org.openqa.selenium.support.ui.WebDriverWait.timeoutException(WebDriverWait.java:113)
at org.openqa.selenium.support.ui.FluentWait.until(FluentWait.java:283)
at com.signdrive.pageobject.Initiate_newcase_page.bgvLogin(Initiate_newcase_page.java:1070)
at com.signdrive.testcases.SignDrive_ManaulTrigger_Test.bgvLogin(SignDrive_ManaulTrigger_Test.java:155)
at sun.reflect.NativeMethodAccessorImpl.invoke0(Native Method)
at sun.reflect.NativeMethodAccessorImpl.invoke(NativeMethodAccessorImpl.java:62)
at sun.reflect.DelegatingMethodAccessorImpl.invoke(DelegatingMethodAccessorImpl.java:43)
at java.lang.reflect.Method.invoke(Method.java:498)
at org.testng.internal.MethodInvocationHelper.invokeMethod(MethodInvocationHelper.java:124)
at org.testng.internal.Invoker.invokeMethod(Invoker.java:583)
at org.testng.internal.Invoker.invokeTestMethod(Invoker.java:719)
at org.testng.internal.Invoker.invokeTestMethods(Invoker.java:989)
at org.testng.internal.TestMethodWorker.invokeTestMethods(TestMethodWorker.java:125)
at org.testng.internal.TestMethodWorker.run(TestMethodWorker.java:109)
at org.testng.TestRunner.privateRun(TestRunner.java:648)
at org.testng.TestRunner.run(TestRunner.java:505)
at org.testng.SuiteRunner.runTest(SuiteRunner.java:455)
at org.testng.SuiteRunner.runSequentially(SuiteRunner.java:450)
at org.testng.SuiteRunner.privateRun(SuiteRunner.java:415)
at org.testng.SuiteRunner.run(SuiteRunner.java:364)
at org.testng.SuiteRunnerWorker.runSuite(SuiteRunnerWorker.java:52)
at org.testng.SuiteRunnerWorker.run(SuiteRunnerWorker.java:84)
at org.testng.TestNG.runSuitesSequentially(TestNG.java:1208)
at org.testng.TestNG.runSuitesLocally(TestNG.java:1137)
at org.testng.TestNG.runSuites(TestNG.java:1049)
at org.testng.TestNG.run(TestNG.java:1017)
at org.apache.maven.surefire.testng.TestNGExecutor.run(TestNGExecutor.java:295)
at org.apache.maven.surefire.testng.TestNGXmlTestSuite.execute(TestNGXmlTestSuite.java:84)
at org.apache.maven.surefire.testng.TestNGProvider.invoke(TestNGProvider.java:90)
at org.apache.maven.surefire.booter.ForkedBooter.invokeProviderInSameClassLoader(ForkedBooter.java:203)
at org.apache.maven.surefire.booter.ForkedBooter.runSuitesInProcess(ForkedBooter.java:155)
at org.apache.maven.surefire.booter.ForkedBooter.main(ForkedBooter.java:103)
Caused by: org.openqa.selenium.NoSuchElementException: no such element: Unable to locate element: {"method":"xpath","selector":"//*[text()='Instructions to Fill Background Verification Form']"}
  (Session info: chrome=101.0.4951.54)
For documentation on this error, please visit: http://seleniumhq.org/exceptions/no_such_element.html
Build info: version: '3.14.0', revision: 'aacccce0', time: '2018-08-02T20:19:58.91Z'
System info: host: 'ARS-NBT-LAP-068', ip: '192.168.1.7', os.name: 'Linux', os.arch: 'amd64', os.version: '5.13.0-51-generic', java.version: '1.8.0_312'
Driver info: org.openqa.selenium.chrome.ChromeDriver
Capabilities {acceptInsecureCerts: false, browserName: chrome, browserVersion: 101.0.4951.54, chrome: {chromedriverVersion: 101.0.4951.41 (93c720db8323..., userDataDir: /tmp/.com.google.Chrome.djL2br}, goog:chromeOptions: {debuggerAddress: localhost:35365}, javascriptEnabled: true, networkConnectionEnabled: false, pageLoadStrategy: normal, platform: LINUX, platformName: LINUX, proxy: Proxy(), setWindowRect: true, strictFileInteractability: false, timeouts: {implicit: 0, pageLoad: 300000, script: 30000}, unhandledPromptBehavior: dismiss and notify, webauthn:extension:credBlob: true, webauthn:extension:largeBlob: true, webauthn:virtualAuthenticators: true}
Session ID: 5593d2f3d9c3c94ef295916b900d4b43
*** Element info: {Using=xpath, value=//*[text()='Instructions to Fill Background Verification Form']}
at sun.reflect.NativeConstructorAccessorImpl.newInstance0(Native Method)
at sun.reflect.NativeConstructorAccessorImpl.newInstance(NativeConstructorAccessorImpl.java:62)
at sun.reflect.DelegatingConstructorAccessorImpl.newInstance(DelegatingConstructorAccessorImpl.java:45)
at java.lang.reflect.Constructor.newInstance(Constructor.java:423)
at org.openqa.selenium.remote.http.W3CHttpResponseCodec.createException(W3CHttpResponseCodec.java:187)
at org.openqa.selenium.remote.http.W3CHttpResponseCodec.decode(W3CHttpResponseCodec.java:122)
at org.openqa.selenium.remote.http.W3CHttpResponseCodec.decode(W3CHttpResponseCodec.java:49)
at org.openqa.selenium.remote.HttpCommandExecutor.execute(HttpCommandExecutor.java:158)
at org.openqa.selenium.remote.service.DriverCommandExecutor.execute(DriverCommandExecutor.java:83)
at org.openqa.selenium.remote.RemoteWebDriver.execute(RemoteWebDriver.java:548)
at org.openqa.selenium.remote.RemoteWebDriver.findElement(RemoteWebDriver.java:322)
at org.openqa.selenium.remote.RemoteWebDriver.findElementByXPath(RemoteWebDriver.java:424)
at org.openqa.selenium.By$ByXPath.findElement(By.java:353)
at org.openqa.selenium.remote.RemoteWebDriver.findElement(RemoteWebDriver.java:314)
at org.openqa.selenium.support.pagefactory.DefaultElementLocator.findElement(DefaultElementLocator.java:69)
at org.openqa.selenium.support.pagefactory.internal.LocatingElementHandler.invoke(LocatingElementHandler.java:38)
at com.sun.proxy.$Proxy8.isDisplayed(Unknown Source)
at org.openqa.selenium.support.ui.ExpectedConditions.elementIfVisible(ExpectedConditions.java:315)
at org.openqa.selenium.support.ui.ExpectedConditions.access$100(ExpectedConditions.java:44)
at org.openqa.selenium.support.ui.ExpectedConditions$10.apply(ExpectedConditions.java:301)
at org.openqa.selenium.support.ui.ExpectedConditions$10.apply(ExpectedConditions.java:298)
at org.openqa.selenium.support.ui.FluentWait.until(FluentWait.java:260)
... 30 more
]]>
            </full-stacktrace>
          </exception> <!-- org.openqa.selenium.TimeoutException -->
          <reporter-output>
          </reporter-output>
        </test-method> <!-- bgvLogin -->
        <test-method status="SKIP" signature="fillAndSubmitForm()[pri:7, instance:com.signdrive.testcases.SignDrive_ManaulTrigger_Test@2ed94a8b]" name="fillAndSubmitForm" duration-ms="1" started-at="2022-07-25T12:58:12Z" depends-on-methods="com.signdrive.testcases.SignDrive_ManaulTrigger_Test.bgvLogin" finished-at="2022-07-25T12:58:12Z">
          <exception class="java.lang.Throwable">
            <message>
              <![CDATA[Method SignDrive_ManaulTrigger_Test.fillAndSubmitForm()[pri:7, instance:com.signdrive.testcases.SignDrive_ManaulTrigger_Test@2ed94a8b] depends on not successfully finished methods]]>
            </message>
            <full-stacktrace>
              <![CDATA[java.lang.Throwable: Method SignDrive_ManaulTrigger_Test.fillAndSubmitForm()[pri:7, instance:com.signdrive.testcases.SignDrive_ManaulTrigger_Test@2ed94a8b] depends on not successfully finished methods
at org.testng.internal.Invoker.invokeTestMethods(Invoker.java:888)
at org.testng.internal.TestMethodWorker.invokeTestMethods(TestMethodWorker.java:125)
at org.testng.internal.TestMethodWorker.run(TestMethodWorker.java:109)
at org.testng.TestRunner.privateRun(TestRunner.java:648)
at org.testng.TestRunner.run(TestRunner.java:505)
at org.testng.SuiteRunner.runTest(SuiteRunner.java:455)
at org.testng.SuiteRunner.runSequentially(SuiteRunner.java:450)
at org.testng.SuiteRunner.privateRun(SuiteRunner.java:415)
at org.testng.SuiteRunner.run(SuiteRunner.java:364)
at org.testng.SuiteRunnerWorker.runSuite(SuiteRunnerWorker.java:52)
at org.testng.SuiteRunnerWorker.run(SuiteRunnerWorker.java:84)
at org.testng.TestNG.runSuitesSequentially(TestNG.java:1208)
at org.testng.TestNG.runSuitesLocally(TestNG.java:1137)
at org.testng.TestNG.runSuites(TestNG.java:1049)
at org.testng.TestNG.run(TestNG.java:1017)
at org.apache.maven.surefire.testng.TestNGExecutor.run(TestNGExecutor.java:295)
at org.apache.maven.surefire.testng.TestNGXmlTestSuite.execute(TestNGXmlTestSuite.java:84)
at org.apache.maven.surefire.testng.TestNGProvider.invoke(TestNGProvider.java:90)
at org.apache.maven.surefire.booter.ForkedBooter.invokeProviderInSameClassLoader(ForkedBooter.java:203)
at org.apache.maven.surefire.booter.ForkedBooter.runSuitesInProcess(ForkedBooter.java:155)
at org.apache.maven.surefire.booter.ForkedBooter.main(ForkedBooter.java:103)
]]>
            </full-stacktrace>
          </exception> <!-- java.lang.Throwable -->
          <reporter-output>
          </reporter-output>
        </test-method> <!-- fillAndSubmitForm -->
        <test-method status="SKIP" signature="pendingSignOffBucket()[pri:8, instance:com.signdrive.testcases.SignDrive_ManaulTrigger_Test@2ed94a8b]" name="pendingSignOffBucket" duration-ms="0" started-at="2022-07-25T12:58:12Z" depends-on-methods="com.signdrive.testcases.SignDrive_ManaulTrigger_Test.fillAndSubmitForm" finished-at="2022-07-25T12:58:12Z">
          <exception class="java.lang.Throwable">
            <message>
              <![CDATA[Method SignDrive_ManaulTrigger_Test.pendingSignOffBucket()[pri:8, instance:com.signdrive.testcases.SignDrive_ManaulTrigger_Test@2ed94a8b] depends on not successfully finished methods]]>
            </message>
            <full-stacktrace>
              <![CDATA[java.lang.Throwable: Method SignDrive_ManaulTrigger_Test.pendingSignOffBucket()[pri:8, instance:com.signdrive.testcases.SignDrive_ManaulTrigger_Test@2ed94a8b] depends on not successfully finished methods
at org.testng.internal.Invoker.invokeTestMethods(Invoker.java:888)
at org.testng.internal.TestMethodWorker.invokeTestMethods(TestMethodWorker.java:125)
at org.testng.internal.TestMethodWorker.run(TestMethodWorker.java:109)
at org.testng.TestRunner.privateRun(TestRunner.java:648)
at org.testng.TestRunner.run(TestRunner.java:505)
at org.testng.SuiteRunner.runTest(SuiteRunner.java:455)
at org.testng.SuiteRunner.runSequentially(SuiteRunner.java:450)
at org.testng.SuiteRunner.privateRun(SuiteRunner.java:415)
at org.testng.SuiteRunner.run(SuiteRunner.java:364)
at org.testng.SuiteRunnerWorker.runSuite(SuiteRunnerWorker.java:52)
at org.testng.SuiteRunnerWorker.run(SuiteRunnerWorker.java:84)
at org.testng.TestNG.runSuitesSequentially(TestNG.java:1208)
at org.testng.TestNG.runSuitesLocally(TestNG.java:1137)
at org.testng.TestNG.runSuites(TestNG.java:1049)
at org.testng.TestNG.run(TestNG.java:1017)
at org.apache.maven.surefire.testng.TestNGExecutor.run(TestNGExecutor.java:295)
at org.apache.maven.surefire.testng.TestNGXmlTestSuite.execute(TestNGXmlTestSuite.java:84)
at org.apache.maven.surefire.testng.TestNGProvider.invoke(TestNGProvider.java:90)
at org.apache.maven.surefire.booter.ForkedBooter.invokeProviderInSameClassLoader(ForkedBooter.java:203)
at org.apache.maven.surefire.booter.ForkedBooter.runSuitesInProcess(ForkedBooter.java:155)
at org.apache.maven.surefire.booter.ForkedBooter.main(ForkedBooter.java:103)
]]>
            </full-stacktrace>
          </exception> <!-- java.lang.Throwable -->
          <reporter-output>
          </reporter-output>
        </test-method> <!-- pendingSignOffBucket -->
        <test-method status="SKIP" signature="verifyInstaform()[pri:9, instance:com.signdrive.testcases.SignDrive_ManaulTrigger_Test@2ed94a8b]" name="verifyInstaform" duration-ms="0" started-at="2022-07-25T12:58:12Z" depends-on-methods="com.signdrive.testcases.SignDrive_ManaulTrigger_Test.pendingSignOffBucket" finished-at="2022-07-25T12:58:12Z">
          <exception class="java.lang.Throwable">
            <message>
              <![CDATA[Method SignDrive_ManaulTrigger_Test.verifyInstaform()[pri:9, instance:com.signdrive.testcases.SignDrive_ManaulTrigger_Test@2ed94a8b] depends on not successfully finished methods]]>
            </message>
            <full-stacktrace>
              <![CDATA[java.lang.Throwable: Method SignDrive_ManaulTrigger_Test.verifyInstaform()[pri:9, instance:com.signdrive.testcases.SignDrive_ManaulTrigger_Test@2ed94a8b] depends on not successfully finished methods
at org.testng.internal.Invoker.invokeTestMethods(Invoker.java:888)
at org.testng.internal.TestMethodWorker.invokeTestMethods(TestMethodWorker.java:125)
at org.testng.internal.TestMethodWorker.run(TestMethodWorker.java:109)
at org.testng.TestRunner.privateRun(TestRunner.java:648)
at org.testng.TestRunner.run(TestRunner.java:505)
at org.testng.SuiteRunner.runTest(SuiteRunner.java:455)
at org.testng.SuiteRunner.runSequentially(SuiteRunner.java:450)
at org.testng.SuiteRunner.privateRun(SuiteRunner.java:415)
at org.testng.SuiteRunner.run(SuiteRunner.java:364)
at org.testng.SuiteRunnerWorker.runSuite(SuiteRunnerWorker.java:52)
at org.testng.SuiteRunnerWorker.run(SuiteRunnerWorker.java:84)
at org.testng.TestNG.runSuitesSequentially(TestNG.java:1208)
at org.testng.TestNG.runSuitesLocally(TestNG.java:1137)
at org.testng.TestNG.runSuites(TestNG.java:1049)
at org.testng.TestNG.run(TestNG.java:1017)
at org.apache.maven.surefire.testng.TestNGExecutor.run(TestNGExecutor.java:295)
at org.apache.maven.surefire.testng.TestNGXmlTestSuite.execute(TestNGXmlTestSuite.java:84)
at org.apache.maven.surefire.testng.TestNGProvider.invoke(TestNGProvider.java:90)
at org.apache.maven.surefire.booter.ForkedBooter.invokeProviderInSameClassLoader(ForkedBooter.java:203)
at org.apache.maven.surefire.booter.ForkedBooter.runSuitesInProcess(ForkedBooter.java:155)
at org.apache.maven.surefire.booter.ForkedBooter.main(ForkedBooter.java:103)
]]>
            </full-stacktrace>
          </exception> <!-- java.lang.Throwable -->
          <reporter-output>
          </reporter-output>
        </test-method> <!-- verifyInstaform -->
        <test-method status="SKIP" signature="instaform()[pri:10, instance:com.signdrive.testcases.SignDrive_ManaulTrigger_Test@2ed94a8b]" name="instaform" duration-ms="0" started-at="2022-07-25T12:58:12Z" depends-on-methods="com.signdrive.testcases.SignDrive_ManaulTrigger_Test.verifyInstaform" finished-at="2022-07-25T12:58:12Z">
          <exception class="java.lang.Throwable">
            <message>
              <![CDATA[Method SignDrive_ManaulTrigger_Test.instaform()[pri:10, instance:com.signdrive.testcases.SignDrive_ManaulTrigger_Test@2ed94a8b] depends on not successfully finished methods]]>
            </message>
            <full-stacktrace>
              <![CDATA[java.lang.Throwable: Method SignDrive_ManaulTrigger_Test.instaform()[pri:10, instance:com.signdrive.testcases.SignDrive_ManaulTrigger_Test@2ed94a8b] depends on not successfully finished methods
at org.testng.internal.Invoker.invokeTestMethods(Invoker.java:888)
at org.testng.internal.TestMethodWorker.invokeTestMethods(TestMethodWorker.java:125)
at org.testng.internal.TestMethodWorker.run(TestMethodWorker.java:109)
at org.testng.TestRunner.privateRun(TestRunner.java:648)
at org.testng.TestRunner.run(TestRunner.java:505)
at org.testng.SuiteRunner.runTest(SuiteRunner.java:455)
at org.testng.SuiteRunner.runSequentially(SuiteRunner.java:450)
at org.testng.SuiteRunner.privateRun(SuiteRunner.java:415)
at org.testng.SuiteRunner.run(SuiteRunner.java:364)
at org.testng.SuiteRunnerWorker.runSuite(SuiteRunnerWorker.java:52)
at org.testng.SuiteRunnerWorker.run(SuiteRunnerWorker.java:84)
at org.testng.TestNG.runSuitesSequentially(TestNG.java:1208)
at org.testng.TestNG.runSuitesLocally(TestNG.java:1137)
at org.testng.TestNG.runSuites(TestNG.java:1049)
at org.testng.TestNG.run(TestNG.java:1017)
at org.apache.maven.surefire.testng.TestNGExecutor.run(TestNGExecutor.java:295)
at org.apache.maven.surefire.testng.TestNGXmlTestSuite.execute(TestNGXmlTestSuite.java:84)
at org.apache.maven.surefire.testng.TestNGProvider.invoke(TestNGProvider.java:90)
at org.apache.maven.surefire.booter.ForkedBooter.invokeProviderInSameClassLoader(ForkedBooter.java:203)
at org.apache.maven.surefire.booter.ForkedBooter.runSuitesInProcess(ForkedBooter.java:155)
at org.apache.maven.surefire.booter.ForkedBooter.main(ForkedBooter.java:103)
]]>
            </full-stacktrace>
          </exception> <!-- java.lang.Throwable -->
          <reporter-output>
          </reporter-output>
        </test-method> <!-- instaform -->
        <test-method status="SKIP" signature="addAdditionalDetail()[pri:11, instance:com.signdrive.testcases.SignDrive_ManaulTrigger_Test@2ed94a8b]" name="addAdditionalDetail" duration-ms="0" started-at="2022-07-25T12:58:12Z" depends-on-methods="com.signdrive.testcases.SignDrive_ManaulTrigger_Test.instaform" finished-at="2022-07-25T12:58:12Z">
          <exception class="java.lang.Throwable">
            <message>
              <![CDATA[Method SignDrive_ManaulTrigger_Test.addAdditionalDetail()[pri:11, instance:com.signdrive.testcases.SignDrive_ManaulTrigger_Test@2ed94a8b] depends on not successfully finished methods]]>
            </message>
            <full-stacktrace>
              <![CDATA[java.lang.Throwable: Method SignDrive_ManaulTrigger_Test.addAdditionalDetail()[pri:11, instance:com.signdrive.testcases.SignDrive_ManaulTrigger_Test@2ed94a8b] depends on not successfully finished methods
at org.testng.internal.Invoker.invokeTestMethods(Invoker.java:888)
at org.testng.internal.TestMethodWorker.invokeTestMethods(TestMethodWorker.java:125)
at org.testng.internal.TestMethodWorker.run(TestMethodWorker.java:109)
at org.testng.TestRunner.privateRun(TestRunner.java:648)
at org.testng.TestRunner.run(TestRunner.java:505)
at org.testng.SuiteRunner.runTest(SuiteRunner.java:455)
at org.testng.SuiteRunner.runSequentially(SuiteRunner.java:450)
at org.testng.SuiteRunner.privateRun(SuiteRunner.java:415)
at org.testng.SuiteRunner.run(SuiteRunner.java:364)
at org.testng.SuiteRunnerWorker.runSuite(SuiteRunnerWorker.java:52)
at org.testng.SuiteRunnerWorker.run(SuiteRunnerWorker.java:84)
at org.testng.TestNG.runSuitesSequentially(TestNG.java:1208)
at org.testng.TestNG.runSuitesLocally(TestNG.java:1137)
at org.testng.TestNG.runSuites(TestNG.java:1049)
at org.testng.TestNG.run(TestNG.java:1017)
at org.apache.maven.surefire.testng.TestNGExecutor.run(TestNGExecutor.java:295)
at org.apache.maven.surefire.testng.TestNGXmlTestSuite.execute(TestNGXmlTestSuite.java:84)
at org.apache.maven.surefire.testng.TestNGProvider.invoke(TestNGProvider.java:90)
at org.apache.maven.surefire.booter.ForkedBooter.invokeProviderInSameClassLoader(ForkedBooter.java:203)
at org.apache.maven.surefire.booter.ForkedBooter.runSuitesInProcess(ForkedBooter.java:155)
at org.apache.maven.surefire.booter.ForkedBooter.main(ForkedBooter.java:103)
]]>
            </full-stacktrace>
          </exception> <!-- java.lang.Throwable -->
          <reporter-output>
          </reporter-output>
        </test-method> <!-- addAdditionalDetail -->
        <test-method status="SKIP" signature="alLink()[pri:12, instance:com.signdrive.testcases.SignDrive_ManaulTrigger_Test@2ed94a8b]" name="alLink" duration-ms="0" started-at="2022-07-25T12:58:12Z" depends-on-methods="com.signdrive.testcases.SignDrive_ManaulTrigger_Test.addAdditionalDetail" finished-at="2022-07-25T12:58:12Z">
          <exception class="java.lang.Throwable">
            <message>
              <![CDATA[Method SignDrive_ManaulTrigger_Test.alLink()[pri:12, instance:com.signdrive.testcases.SignDrive_ManaulTrigger_Test@2ed94a8b] depends on not successfully finished methods]]>
            </message>
            <full-stacktrace>
              <![CDATA[java.lang.Throwable: Method SignDrive_ManaulTrigger_Test.alLink()[pri:12, instance:com.signdrive.testcases.SignDrive_ManaulTrigger_Test@2ed94a8b] depends on not successfully finished methods
at org.testng.internal.Invoker.invokeTestMethods(Invoker.java:888)
at org.testng.internal.TestMethodWorker.invokeTestMethods(TestMethodWorker.java:125)
at org.testng.internal.TestMethodWorker.run(TestMethodWorker.java:109)
at org.testng.TestRunner.privateRun(TestRunner.java:648)
at org.testng.TestRunner.run(TestRunner.java:505)
at org.testng.SuiteRunner.runTest(SuiteRunner.java:455)
at org.testng.SuiteRunner.runSequentially(SuiteRunner.java:450)
at org.testng.SuiteRunner.privateRun(SuiteRunner.java:415)
at org.testng.SuiteRunner.run(SuiteRunner.java:364)
at org.testng.SuiteRunnerWorker.runSuite(SuiteRunnerWorker.java:52)
at org.testng.SuiteRunnerWorker.run(SuiteRunnerWorker.java:84)
at org.testng.TestNG.runSuitesSequentially(TestNG.java:1208)
at org.testng.TestNG.runSuitesLocally(TestNG.java:1137)
at org.testng.TestNG.runSuites(TestNG.java:1049)
at org.testng.TestNG.run(TestNG.java:1017)
at org.apache.maven.surefire.testng.TestNGExecutor.run(TestNGExecutor.java:295)
at org.apache.maven.surefire.testng.TestNGXmlTestSuite.execute(TestNGXmlTestSuite.java:84)
at org.apache.maven.surefire.testng.TestNGProvider.invoke(TestNGProvider.java:90)
at org.apache.maven.surefire.booter.ForkedBooter.invokeProviderInSameClassLoader(ForkedBooter.java:203)
at org.apache.maven.surefire.booter.ForkedBooter.runSuitesInProcess(ForkedBooter.java:155)
at org.apache.maven.surefire.booter.ForkedBooter.main(ForkedBooter.java:103)
]]>
            </full-stacktrace>
          </exception> <!-- java.lang.Throwable -->
          <reporter-output>
          </reporter-output>
        </test-method> <!-- alLink -->
      </class> <!-- com.signdrive.testcases.SignDrive_ManaulTrigger_Test -->
    </test> <!-- iBridge 23 -->
  </suite> <!-- iBridge -->
</testng-results>
