<?xml version="1.0" encoding="UTF-8"?>
<testsuite name="TestSuite" time="1,383.638" tests="20" errors="0" skipped="11" failures="1">
  <properties>
[...]
</properties>
  <testcase name="verifyiBridgeCatLoginDetails" classname="com.iBridge.testcases.TC_CatSignOffApplicable_01" time="5.585"/>
  <testcase name="verifyBritishClientSignOffApplicableYes" classname="com.iBridge.testcases.TC_CatSignOffApplicable_01" time="11.068"/>
  <testcase name="verifyInitiateCaseIndividuallyExtended" classname="com.iBridge.testcases.TC_CatSignOffApplicable_01" time="287.699"/>
  <testcase name="verifyPendingSignOffBucket" classname="com.iBridge.testcases.TC_CatSignOffApplicable_01" time="17.277"/>
  <testcase name="verifyBritishClientSignOffApplicableNo" classname="com.iBridge.testcases.TC_CatSignOffApplicable_01" time="15.512"/>
  <testcase name="submitCaseIndividuallyExtended" classname="com.iBridge.testcases.TC_CatSignOffApplicable_01" time="251.169"/>
  <testcase name="verifyBritishClientRouteToCandidateApplicableYes" classname="com.iBridge.testcases.TC_CatSignOffApplicable_01" time="15.378"/>
  <testcase name="candidateInitiateCaseIndividuallyExtended" classname="com.iBridge.testcases.TC_CatSignOffApplicable_01" time="551.931"/>
  <testcase name="routeToCandidateRaiseInsuffAndFulfil" classname="com.iBridge.testcases.TC_CatSignOffApplicable_01" time="228.019">
    <failure message="element click intercepted: Element &lt;select name=&quot;Checks[9608439][INSUFF_FULFILL_ACTION]&quot; id=&quot;CaseChecks&quot;&gt;...&lt;/select&gt; is not clickable at point (467, 10). Other element would receive the click: &lt;a href=&quot;javascript:void(0);&quot;&gt;...&lt;/a&gt;&#10;  (Session info: chrome=101.0.4951.54)&#10;Build info: version: &apos;3.14.0&apos;, revision: &apos;aacccce0&apos;, time: &apos;2018-08-02T20:19:58.91Z&apos;&#10;System info: host: &apos;ARS-NBT-LAP-068&apos;, ip: &apos;192.168.1.5&apos;, os.name: &apos;Linux&apos;, os.arch: &apos;amd64&apos;, os.version: &apos;5.13.0-51-generic&apos;, java.version: &apos;1.8.0_312&apos;&#10;Driver info: org.openqa.selenium.chrome.ChromeDriver&#10;Capabilities {acceptInsecureCerts: false, browserName: chrome, browserVersion: 101.0.4951.54, chrome: {chromedriverVersion: 101.0.4951.41 (93c720db8323..., userDataDir: /tmp/.com.google.Chrome.gm2VjL}, goog:chromeOptions: {debuggerAddress: localhost:38217}, javascriptEnabled: true, networkConnectionEnabled: false, pageLoadStrategy: normal, platform: LINUX, platformName: LINUX, proxy: Proxy(), setWindowRect: true, strictFileInteractability: false, timeouts: {implicit: 0, pageLoad: 300000, script: 30000}, unhandledPromptBehavior: dismiss and notify, webauthn:extension:credBlob: true, webauthn:extension:largeBlob: true, webauthn:virtualAuthenticators: true}&#10;Session ID: 2ea744e35db1e9302d0851fe02bd723f" type="org.openqa.selenium.ElementClickInterceptedException"><![CDATA[org.openqa.selenium.ElementClickInterceptedException: element click intercepted: Element <select name="Checks[9608439][INSUFF_FULFILL_ACTION]" id="CaseChecks">...</select> is not clickable at point (467, 10). Other element would receive the click: <a href="javascript:void(0);">...</a>
  (Session info: chrome=101.0.4951.54)
Build info: version: '3.14.0', revision: 'aacccce0', time: '2018-08-02T20:19:58.91Z'
System info: host: 'ARS-NBT-LAP-068', ip: '192.168.1.5', os.name: 'Linux', os.arch: 'amd64', os.version: '5.13.0-51-generic', java.version: '1.8.0_312'
Driver info: org.openqa.selenium.chrome.ChromeDriver
Capabilities {acceptInsecureCerts: false, browserName: chrome, browserVersion: 101.0.4951.54, chrome: {chromedriverVersion: 101.0.4951.41 (93c720db8323..., userDataDir: /tmp/.com.google.Chrome.gm2VjL}, goog:chromeOptions: {debuggerAddress: localhost:38217}, javascriptEnabled: true, networkConnectionEnabled: false, pageLoadStrategy: normal, platform: LINUX, platformName: LINUX, proxy: Proxy(), setWindowRect: true, strictFileInteractability: false, timeouts: {implicit: 0, pageLoad: 300000, script: 30000}, unhandledPromptBehavior: dismiss and notify, webauthn:extension:credBlob: true, webauthn:extension:largeBlob: true, webauthn:virtualAuthenticators: true}
Session ID: 2ea744e35db1e9302d0851fe02bd723f
	at sun.reflect.NativeConstructorAccessorImpl.newInstance0(Native Method)
	at sun.reflect.NativeConstructorAccessorImpl.newInstance(NativeConstructorAccessorImpl.java:62)
	at sun.reflect.DelegatingConstructorAccessorImpl.newInstance(DelegatingConstructorAccessorImpl.java:45)
	at java.lang.reflect.Constructor.newInstance(Constructor.java:423)
	at org.openqa.selenium.remote.http.W3CHttpResponseCodec.createException(W3CHttpResponseCodec.java:187)
	at org.openqa.selenium.remote.http.W3CHttpResponseCodec.decode(W3CHttpResponseCodec.java:122)
	at org.openqa.selenium.remote.http.W3CHttpResponseCodec.decode(W3CHttpResponseCodec.java:49)
	at org.openqa.selenium.remote.HttpCommandExecutor.execute(HttpCommandExecutor.java:158)
	at org.openqa.selenium.remote.service.DriverCommandExecutor.execute(DriverCommandExecutor.java:83)
	at org.openqa.selenium.remote.RemoteWebDriver.execute(RemoteWebDriver.java:548)
	at org.openqa.selenium.remote.RemoteWebElement.execute(RemoteWebElement.java:276)
	at org.openqa.selenium.remote.RemoteWebElement.click(RemoteWebElement.java:83)
	at sun.reflect.GeneratedMethodAccessor8.invoke(Unknown Source)
	at sun.reflect.DelegatingMethodAccessorImpl.invoke(DelegatingMethodAccessorImpl.java:43)
	at java.lang.reflect.Method.invoke(Method.java:498)
	at org.openqa.selenium.support.pagefactory.internal.LocatingElementHandler.invoke(LocatingElementHandler.java:51)
	at com.sun.proxy.$Proxy8.click(Unknown Source)
	at com.iBridge.pageobject.InsufficientBridge.superAdminInsufficiencyRejectFulfillment(InsufficientBridge.java:1858)
	at com.iBridge.testcases.TC_InsufficientBridge_01.verifyInsufficiencyRejectedFulfillment(TC_InsufficientBridge_01.java:260)
	at com.iBridge.testcases.TC_CatSignOffApplicable_01.routeToCandidateRaiseInsuffAndFulfil(TC_CatSignOffApplicable_01.java:257)
]]></failure>
    <system-out><![CDATA[enp.admin@authbridge.com
Auth@123
 INFO [main] (TC_InsufficientBridge_01.java:119)- Bridge Url is opened
 INFO [main] (TC_InsufficientBridge_01.java:125)- Antecedents to Verify all Records have filled Successfully!
 INFO [main] (TC_CatSignOffApplicable_01.java:246)- Check is successfully marked as Insufficient.!
 INFO [main] (TC_InsufficientBridge_01.java:142)- iBridge Url is opened
 INFO [main] (TC_InsufficientBridge_01.java:143)- Entered Username and password!
enp.admin@authbridge.com
Auth@123
 INFO [main] (TC_InsufficientBridge_01.java:149)- Pending For Fulfilment Insufficient has Added successfully!
 INFO [main] (TC_CatSignOffApplicable_01.java:248)- Insufficient details have Submitted successfully.
 INFO [main] (TC_InsufficientBridge_01.java:166)- Bridge Url is opened
 INFO [main] (TC_InsufficientBridge_01.java:167)- Bridge account has Logged successfully!
 INFO [main] (TC_InsufficientBridge_01.java:172)- Insufficiency Fulfillment details have added Successfully!
 INFO [main] (TC_CatSignOffApplicable_01.java:250)- Insufficient details have Submitted successfully.
 INFO [main] (TC_InsufficientBridge_01.java:189)- iBridge Url is opened
 INFO [main] (TC_InsufficientBridge_01.java:190)- Entered Username and password!
enp.admin@authbridge.com
Auth@123
 INFO [main] (TC_InsufficientBridge_01.java:195)- Ars Number has been Searched Successfully!
 INFO [main] (TC_CatSignOffApplicable_01.java:252)- Pending - Referred Back text has verified successfully.
 INFO [main] (TC_InsufficientBridge_01.java:212)- Bridge Url is opened
 INFO [main] (TC_InsufficientBridge_01.java:217)- Antecedents to Verify all Records have filled Successfully!
 INFO [main] (TC_InsufficientBridge_01.java:221)- Check is successfully marked as Insufficient.!
 INFO [main] (TC_CatSignOffApplicable_01.java:254)- Check is successfully marked as Insufficient.!
 INFO [main] (TC_InsufficientBridge_01.java:234)- iBridge Url is opened
 INFO [main] (TC_InsufficientBridge_01.java:235)- Entered Username and password!
enp.admin@authbridge.com
Auth@123
 INFO [main] (TC_InsufficientBridge_01.java:241)- Pending For Fulfilment Insufficient has Added successfully!
 INFO [main] (TC_CatSignOffApplicable_01.java:256)- Insufficient details have Submitted successfully.
 INFO [main] (TC_InsufficientBridge_01.java:257)- Bridge Url is opened
 INFO [main] (TC_InsufficientBridge_01.java:258)- Bridge account has Logged successfully!
]]></system-out>
  </testcase>
  <testcase name="verifyrouteToCandidateApplicableNo" classname="com.iBridge.testcases.TC_CatSignOffApplicable_01" time="0">
    <skipped/>
  </testcase>
  <testcase name="verifyrouteToCandidateButtonPresentOrNot" classname="com.iBridge.testcases.TC_CatSignOffApplicable_01" time="0">
    <skipped/>
  </testcase>
  <testcase name="verifyBritishClientNidPassport" classname="com.iBridge.testcases.TC_CatSignOffApplicable_01" time="0">
    <skipped/>
  </testcase>
  <testcase name="verifyNidPassportDropDown" classname="com.iBridge.testcases.TC_CatSignOffApplicable_01" time="0">
    <skipped/>
  </testcase>
  <testcase name="verifyBritishClientNidPassportAndPanCard" classname="com.iBridge.testcases.TC_CatSignOffApplicable_01" time="0">
    <skipped/>
  </testcase>
  <testcase name="verifyNidVoterIdAndDrivingLicenseDropDown" classname="com.iBridge.testcases.TC_CatSignOffApplicable_01" time="0">
    <skipped/>
  </testcase>
  <testcase name="verifyGapReasonApplicableNo" classname="com.iBridge.testcases.TC_CatSignOffApplicable_01" time="0">
    <skipped/>
  </testcase>
  <testcase name="verifyGapReasonApplicableFormNotPresent" classname="com.iBridge.testcases.TC_CatSignOffApplicable_01" time="0">
    <skipped/>
  </testcase>
  <testcase name="verifyGapReasonApplicableFormPresent" classname="com.iBridge.testcases.TC_CatSignOffApplicable_01" time="0">
    <skipped/>
  </testcase>
  <testcase name="verifyEnpAdminLoginAccount" classname="com.iBridge.testcases.TC_CatSignOffApplicable_01" time="0">
    <skipped/>
  </testcase>
  <testcase name="verifyGapReasonApplicableYes" classname="com.iBridge.testcases.TC_CatSignOffApplicable_01" time="0">
    <skipped/>
  </testcase>
</testsuite>