<?xml version="1.0" encoding="UTF-8"?>
<testng-results skipped="4" failed="1" ignored="0" total="10" passed="5">
  <reporter-output>
  </reporter-output>
  <suite name="iBridge" duration-ms="375994" started-at="2022-07-01T12:26:27Z" finished-at="2022-07-01T12:32:43Z">
    <groups>
    </groups>
    <test name="iBridge16" duration-ms="375994" started-at="2022-07-01T12:26:27Z" finished-at="2022-07-01T12:32:43Z">
      <class name="com.iBridge.testcases.TC_PrepaidInitiateCaseIndividuallyExtended_01">
        <test-method status="PASS" signature="setup(java.lang.String)[pri:0, instance:com.iBridge.testcases.TC_PrepaidInitiateCaseIndividuallyExtended_01@3fb6a447]" name="setup" is-config="true" duration-ms="16762" started-at="2022-07-01T12:26:27Z" finished-at="2022-07-01T12:26:44Z">
          <params>
            <param index="0">
              <value>
                <![CDATA[chrome]]>
              </value>
            </param>
          </params>
          <reporter-output>
          </reporter-output>
        </test-method> <!-- setup -->
        <test-method status="PASS" signature="verifyEnpAdminLoginAccount()[pri:1, instance:com.iBridge.testcases.TC_PrepaidInitiateCaseIndividuallyExtended_01@3fb6a447]" name="verifyEnpAdminLoginAccount" duration-ms="12442" started-at="2022-07-01T12:26:44Z" finished-at="2022-07-01T12:26:57Z">
          <reporter-output>
          </reporter-output>
        </test-method> <!-- verifyEnpAdminLoginAccount -->
        <test-method status="PASS" signature="verifyInitiateNewCaseForIvc()[pri:2, instance:com.iBridge.testcases.TC_PrepaidInitiateCaseIndividuallyExtended_01@3fb6a447]" name="verifyInitiateNewCaseForIvc" duration-ms="62626" started-at="2022-07-01T12:26:57Z" depends-on-methods="com.iBridge.testcases.TC_PrepaidInitiateCaseIndividuallyExtended_01.verifyEnpAdminLoginAccount" finished-at="2022-07-01T12:27:59Z">
          <reporter-output>
          </reporter-output>
        </test-method> <!-- verifyInitiateNewCaseForIvc -->
        <test-method status="PASS" signature="verifyPendingCaseSubmissionVerification()[pri:2, instance:com.iBridge.testcases.TC_PrepaidInitiateCaseIndividuallyExtended_01@3fb6a447]" name="verifyPendingCaseSubmissionVerification" duration-ms="5169" started-at="2022-07-01T12:27:59Z" depends-on-methods="com.iBridge.testcases.TC_PrepaidInitiateCaseIndividuallyExtended_01.verifyInitiateNewCaseForIvc" finished-at="2022-07-01T12:28:04Z">
          <reporter-output>
          </reporter-output>
        </test-method> <!-- verifyPendingCaseSubmissionVerification -->
        <test-method status="PASS" signature="candidateEmailVerification()[pri:3, instance:com.iBridge.testcases.TC_PrepaidInitiateCaseIndividuallyExtended_01@3fb6a447]" name="candidateEmailVerification" duration-ms="9416" started-at="2022-07-01T12:28:04Z" depends-on-methods="com.iBridge.testcases.TC_PrepaidInitiateCaseIndividuallyExtended_01.verifyPendingCaseSubmissionVerification" finished-at="2022-07-01T12:28:14Z">
          <reporter-output>
          </reporter-output>
        </test-method> <!-- candidateEmailVerification -->
        <test-method status="PASS" signature="verifyCandidateFullfillAllFormDetails()[pri:4, instance:com.iBridge.testcases.TC_PrepaidInitiateCaseIndividuallyExtended_01@3fb6a447]" name="verifyCandidateFullfillAllFormDetails" duration-ms="79114" started-at="2022-07-01T12:28:14Z" depends-on-methods="com.iBridge.testcases.TC_PrepaidInitiateCaseIndividuallyExtended_01.candidateEmailVerification" finished-at="2022-07-01T12:29:33Z">
          <reporter-output>
          </reporter-output>
        </test-method> <!-- verifyCandidateFullfillAllFormDetails -->
        <test-method status="FAIL" signature="verifyPrepaidAmountPayableValue()[pri:5, instance:com.iBridge.testcases.TC_PrepaidInitiateCaseIndividuallyExtended_01@3fb6a447]" name="verifyPrepaidAmountPayableValue" duration-ms="190203" started-at="2022-07-01T12:29:33Z" depends-on-methods="com.iBridge.testcases.TC_PrepaidInitiateCaseIndividuallyExtended_01.verifyCandidateFullfillAllFormDetails" finished-at="2022-07-01T12:32:43Z">
          <exception class="org.openqa.selenium.TimeoutException">
            <message>
              <![CDATA[Expected condition failed: waiting for visibility of Proxy element for: DefaultElementLocator 'By.xpath: /html[1]/body[1]/div[1]/div[1]/nav[1]/div[1]/a[1]/div[1]/div[1]' (tried for 120 second(s) with 500 milliseconds interval)]]>
            </message>
            <full-stacktrace>
              <![CDATA[org.openqa.selenium.TimeoutException: Expected condition failed: waiting for visibility of Proxy element for: DefaultElementLocator 'By.xpath: /html[1]/body[1]/div[1]/div[1]/nav[1]/div[1]/a[1]/div[1]/div[1]' (tried for 120 second(s) with 500 milliseconds interval)
at org.openqa.selenium.support.ui.WebDriverWait.timeoutException(WebDriverWait.java:113)
at org.openqa.selenium.support.ui.FluentWait.until(FluentWait.java:283)
at com.iBridge.pageobject.PrepaidCandidateFulfillInformation.prepaidPaymentPendingCases(PrepaidCandidateFulfillInformation.java:1599)
at com.iBridge.testcases.TC_PrepaidInitiateCaseIndividuallyExtended_01.verifyPrepaidAmountPayableValue(TC_PrepaidInitiateCaseIndividuallyExtended_01.java:203)
at sun.reflect.NativeMethodAccessorImpl.invoke0(Native Method)
at sun.reflect.NativeMethodAccessorImpl.invoke(NativeMethodAccessorImpl.java:62)
at sun.reflect.DelegatingMethodAccessorImpl.invoke(DelegatingMethodAccessorImpl.java:43)
at java.lang.reflect.Method.invoke(Method.java:498)
at org.testng.internal.MethodInvocationHelper.invokeMethod(MethodInvocationHelper.java:124)
at org.testng.internal.Invoker.invokeMethod(Invoker.java:583)
at org.testng.internal.Invoker.invokeTestMethod(Invoker.java:719)
at org.testng.internal.Invoker.invokeTestMethods(Invoker.java:989)
at org.testng.internal.TestMethodWorker.invokeTestMethods(TestMethodWorker.java:125)
at org.testng.internal.TestMethodWorker.run(TestMethodWorker.java:109)
at org.testng.TestRunner.privateRun(TestRunner.java:648)
at org.testng.TestRunner.run(TestRunner.java:505)
at org.testng.SuiteRunner.runTest(SuiteRunner.java:455)
at org.testng.SuiteRunner.runSequentially(SuiteRunner.java:450)
at org.testng.SuiteRunner.privateRun(SuiteRunner.java:415)
at org.testng.SuiteRunner.run(SuiteRunner.java:364)
at org.testng.SuiteRunnerWorker.runSuite(SuiteRunnerWorker.java:52)
at org.testng.SuiteRunnerWorker.run(SuiteRunnerWorker.java:84)
at org.testng.TestNG.runSuitesSequentially(TestNG.java:1208)
at org.testng.TestNG.runSuitesLocally(TestNG.java:1137)
at org.testng.TestNG.runSuites(TestNG.java:1049)
at org.testng.TestNG.run(TestNG.java:1017)
at org.apache.maven.surefire.testng.TestNGExecutor.run(TestNGExecutor.java:295)
at org.apache.maven.surefire.testng.TestNGXmlTestSuite.execute(TestNGXmlTestSuite.java:84)
at org.apache.maven.surefire.testng.TestNGProvider.invoke(TestNGProvider.java:90)
at org.apache.maven.surefire.booter.ForkedBooter.invokeProviderInSameClassLoader(ForkedBooter.java:203)
at org.apache.maven.surefire.booter.ForkedBooter.runSuitesInProcess(ForkedBooter.java:155)
at org.apache.maven.surefire.booter.ForkedBooter.main(ForkedBooter.java:103)
Caused by: org.openqa.selenium.NoSuchElementException: no such element: Unable to locate element: {"method":"xpath","selector":"/html[1]/body[1]/div[1]/div[1]/nav[1]/div[1]/a[1]/div[1]/div[1]"}
  (Session info: chrome=101.0.4951.54)
For documentation on this error, please visit: http://seleniumhq.org/exceptions/no_such_element.html
Build info: version: '3.14.0', revision: 'aacccce0', time: '2018-08-02T20:19:58.91Z'
System info: host: 'ARS-NBT-LAP-068', ip: '192.168.121.30', os.name: 'Linux', os.arch: 'amd64', os.version: '5.13.0-51-generic', java.version: '1.8.0_312'
Driver info: org.openqa.selenium.chrome.ChromeDriver
Capabilities {acceptInsecureCerts: false, browserName: chrome, browserVersion: 101.0.4951.54, chrome: {chromedriverVersion: 101.0.4951.41 (93c720db8323..., userDataDir: /tmp/.com.google.Chrome.SqmICS}, goog:chromeOptions: {debuggerAddress: localhost:40253}, javascriptEnabled: true, networkConnectionEnabled: false, pageLoadStrategy: normal, platform: LINUX, platformName: LINUX, proxy: Proxy(), setWindowRect: true, strictFileInteractability: false, timeouts: {implicit: 0, pageLoad: 300000, script: 30000}, unhandledPromptBehavior: dismiss and notify, webauthn:extension:credBlob: true, webauthn:extension:largeBlob: true, webauthn:virtualAuthenticators: true}
Session ID: a268e6e26965f7c2bceb2003effbd85c
*** Element info: {Using=xpath, value=/html[1]/body[1]/div[1]/div[1]/nav[1]/div[1]/a[1]/div[1]/div[1]}
at sun.reflect.NativeConstructorAccessorImpl.newInstance0(Native Method)
at sun.reflect.NativeConstructorAccessorImpl.newInstance(NativeConstructorAccessorImpl.java:62)
at sun.reflect.DelegatingConstructorAccessorImpl.newInstance(DelegatingConstructorAccessorImpl.java:45)
at java.lang.reflect.Constructor.newInstance(Constructor.java:423)
at org.openqa.selenium.remote.http.W3CHttpResponseCodec.createException(W3CHttpResponseCodec.java:187)
at org.openqa.selenium.remote.http.W3CHttpResponseCodec.decode(W3CHttpResponseCodec.java:122)
at org.openqa.selenium.remote.http.W3CHttpResponseCodec.decode(W3CHttpResponseCodec.java:49)
at org.openqa.selenium.remote.HttpCommandExecutor.execute(HttpCommandExecutor.java:158)
at org.openqa.selenium.remote.service.DriverCommandExecutor.execute(DriverCommandExecutor.java:83)
at org.openqa.selenium.remote.RemoteWebDriver.execute(RemoteWebDriver.java:548)
at org.openqa.selenium.remote.RemoteWebDriver.findElement(RemoteWebDriver.java:322)
at org.openqa.selenium.remote.RemoteWebDriver.findElementByXPath(RemoteWebDriver.java:424)
at org.openqa.selenium.By$ByXPath.findElement(By.java:353)
at org.openqa.selenium.remote.RemoteWebDriver.findElement(RemoteWebDriver.java:314)
at org.openqa.selenium.support.pagefactory.DefaultElementLocator.findElement(DefaultElementLocator.java:69)
at org.openqa.selenium.support.pagefactory.internal.LocatingElementHandler.invoke(LocatingElementHandler.java:38)
at com.sun.proxy.$Proxy8.isDisplayed(Unknown Source)
at org.openqa.selenium.support.ui.ExpectedConditions.elementIfVisible(ExpectedConditions.java:315)
at org.openqa.selenium.support.ui.ExpectedConditions.access$100(ExpectedConditions.java:44)
at org.openqa.selenium.support.ui.ExpectedConditions$10.apply(ExpectedConditions.java:301)
at org.openqa.selenium.support.ui.ExpectedConditions$10.apply(ExpectedConditions.java:298)
at org.openqa.selenium.support.ui.FluentWait.until(FluentWait.java:260)
... 30 more
]]>
            </full-stacktrace>
          </exception> <!-- org.openqa.selenium.TimeoutException -->
          <reporter-output>
          </reporter-output>
        </test-method> <!-- verifyPrepaidAmountPayableValue -->
        <test-method status="SKIP" signature="verifyPrepaidPaymentPendingCases()[pri:6, instance:com.iBridge.testcases.TC_PrepaidInitiateCaseIndividuallyExtended_01@3fb6a447]" name="verifyPrepaidPaymentPendingCases" duration-ms="0" started-at="2022-07-01T12:32:43Z" depends-on-methods="com.iBridge.testcases.TC_PrepaidInitiateCaseIndividuallyExtended_01.verifyPrepaidAmountPayableValue" finished-at="2022-07-01T12:32:43Z">
          <exception class="java.lang.Throwable">
            <message>
              <![CDATA[Method TC_PrepaidInitiateCaseIndividuallyExtended_01.verifyPrepaidPaymentPendingCases()[pri:6, instance:com.iBridge.testcases.TC_PrepaidInitiateCaseIndividuallyExtended_01@3fb6a447] depends on not successfully finished methods]]>
            </message>
            <full-stacktrace>
              <![CDATA[java.lang.Throwable: Method TC_PrepaidInitiateCaseIndividuallyExtended_01.verifyPrepaidPaymentPendingCases()[pri:6, instance:com.iBridge.testcases.TC_PrepaidInitiateCaseIndividuallyExtended_01@3fb6a447] depends on not successfully finished methods
at org.testng.internal.Invoker.invokeTestMethods(Invoker.java:888)
at org.testng.internal.TestMethodWorker.invokeTestMethods(TestMethodWorker.java:125)
at org.testng.internal.TestMethodWorker.run(TestMethodWorker.java:109)
at org.testng.TestRunner.privateRun(TestRunner.java:648)
at org.testng.TestRunner.run(TestRunner.java:505)
at org.testng.SuiteRunner.runTest(SuiteRunner.java:455)
at org.testng.SuiteRunner.runSequentially(SuiteRunner.java:450)
at org.testng.SuiteRunner.privateRun(SuiteRunner.java:415)
at org.testng.SuiteRunner.run(SuiteRunner.java:364)
at org.testng.SuiteRunnerWorker.runSuite(SuiteRunnerWorker.java:52)
at org.testng.SuiteRunnerWorker.run(SuiteRunnerWorker.java:84)
at org.testng.TestNG.runSuitesSequentially(TestNG.java:1208)
at org.testng.TestNG.runSuitesLocally(TestNG.java:1137)
at org.testng.TestNG.runSuites(TestNG.java:1049)
at org.testng.TestNG.run(TestNG.java:1017)
at org.apache.maven.surefire.testng.TestNGExecutor.run(TestNGExecutor.java:295)
at org.apache.maven.surefire.testng.TestNGXmlTestSuite.execute(TestNGXmlTestSuite.java:84)
at org.apache.maven.surefire.testng.TestNGProvider.invoke(TestNGProvider.java:90)
at org.apache.maven.surefire.booter.ForkedBooter.invokeProviderInSameClassLoader(ForkedBooter.java:203)
at org.apache.maven.surefire.booter.ForkedBooter.runSuitesInProcess(ForkedBooter.java:155)
at org.apache.maven.surefire.booter.ForkedBooter.main(ForkedBooter.java:103)
]]>
            </full-stacktrace>
          </exception> <!-- java.lang.Throwable -->
          <reporter-output>
          </reporter-output>
        </test-method> <!-- verifyPrepaidPaymentPendingCases -->
        <test-method status="SKIP" signature="submittedCasesTrackerWipCases()[pri:8, instance:com.iBridge.testcases.TC_PrepaidInitiateCaseIndividuallyExtended_01@3fb6a447]" name="submittedCasesTrackerWipCases" duration-ms="0" started-at="2022-07-01T12:32:43Z" depends-on-methods="com.iBridge.testcases.TC_PrepaidInitiateCaseIndividuallyExtended_01.verifysubmittedForVerificationBucket" finished-at="2022-07-01T12:32:43Z">
          <exception class="java.lang.Throwable">
            <message>
              <![CDATA[Method TC_PrepaidInitiateCaseIndividuallyExtended_01.submittedCasesTrackerWipCases()[pri:8, instance:com.iBridge.testcases.TC_PrepaidInitiateCaseIndividuallyExtended_01@3fb6a447] depends on not successfully finished methods]]>
            </message>
            <full-stacktrace>
              <![CDATA[java.lang.Throwable: Method TC_PrepaidInitiateCaseIndividuallyExtended_01.submittedCasesTrackerWipCases()[pri:8, instance:com.iBridge.testcases.TC_PrepaidInitiateCaseIndividuallyExtended_01@3fb6a447] depends on not successfully finished methods
at org.testng.internal.Invoker.invokeTestMethods(Invoker.java:888)
at org.testng.internal.TestMethodWorker.invokeTestMethods(TestMethodWorker.java:125)
at org.testng.internal.TestMethodWorker.run(TestMethodWorker.java:109)
at org.testng.TestRunner.privateRun(TestRunner.java:648)
at org.testng.TestRunner.run(TestRunner.java:505)
at org.testng.SuiteRunner.runTest(SuiteRunner.java:455)
at org.testng.SuiteRunner.runSequentially(SuiteRunner.java:450)
at org.testng.SuiteRunner.privateRun(SuiteRunner.java:415)
at org.testng.SuiteRunner.run(SuiteRunner.java:364)
at org.testng.SuiteRunnerWorker.runSuite(SuiteRunnerWorker.java:52)
at org.testng.SuiteRunnerWorker.run(SuiteRunnerWorker.java:84)
at org.testng.TestNG.runSuitesSequentially(TestNG.java:1208)
at org.testng.TestNG.runSuitesLocally(TestNG.java:1137)
at org.testng.TestNG.runSuites(TestNG.java:1049)
at org.testng.TestNG.run(TestNG.java:1017)
at org.apache.maven.surefire.testng.TestNGExecutor.run(TestNGExecutor.java:295)
at org.apache.maven.surefire.testng.TestNGXmlTestSuite.execute(TestNGXmlTestSuite.java:84)
at org.apache.maven.surefire.testng.TestNGProvider.invoke(TestNGProvider.java:90)
at org.apache.maven.surefire.booter.ForkedBooter.invokeProviderInSameClassLoader(ForkedBooter.java:203)
at org.apache.maven.surefire.booter.ForkedBooter.runSuitesInProcess(ForkedBooter.java:155)
at org.apache.maven.surefire.booter.ForkedBooter.main(ForkedBooter.java:103)
]]>
            </full-stacktrace>
          </exception> <!-- java.lang.Throwable -->
          <reporter-output>
          </reporter-output>
        </test-method> <!-- submittedCasesTrackerWipCases -->
        <test-method status="SKIP" signature="verifysubmittedForVerificationBucket()[pri:7, instance:com.iBridge.testcases.TC_PrepaidInitiateCaseIndividuallyExtended_01@3fb6a447]" name="verifysubmittedForVerificationBucket" duration-ms="0" started-at="2022-07-01T12:32:43Z" depends-on-methods="com.iBridge.testcases.TC_PrepaidInitiateCaseIndividuallyExtended_01.verifyPrepaidPaymentPendingCases" finished-at="2022-07-01T12:32:43Z">
          <exception class="java.lang.Throwable">
            <message>
              <![CDATA[Method TC_PrepaidInitiateCaseIndividuallyExtended_01.verifysubmittedForVerificationBucket()[pri:7, instance:com.iBridge.testcases.TC_PrepaidInitiateCaseIndividuallyExtended_01@3fb6a447] depends on not successfully finished methods]]>
            </message>
            <full-stacktrace>
              <![CDATA[java.lang.Throwable: Method TC_PrepaidInitiateCaseIndividuallyExtended_01.verifysubmittedForVerificationBucket()[pri:7, instance:com.iBridge.testcases.TC_PrepaidInitiateCaseIndividuallyExtended_01@3fb6a447] depends on not successfully finished methods
at org.testng.internal.Invoker.invokeTestMethods(Invoker.java:888)
at org.testng.internal.TestMethodWorker.invokeTestMethods(TestMethodWorker.java:125)
at org.testng.internal.TestMethodWorker.run(TestMethodWorker.java:109)
at org.testng.TestRunner.privateRun(TestRunner.java:648)
at org.testng.TestRunner.run(TestRunner.java:505)
at org.testng.SuiteRunner.runTest(SuiteRunner.java:455)
at org.testng.SuiteRunner.runSequentially(SuiteRunner.java:450)
at org.testng.SuiteRunner.privateRun(SuiteRunner.java:415)
at org.testng.SuiteRunner.run(SuiteRunner.java:364)
at org.testng.SuiteRunnerWorker.runSuite(SuiteRunnerWorker.java:52)
at org.testng.SuiteRunnerWorker.run(SuiteRunnerWorker.java:84)
at org.testng.TestNG.runSuitesSequentially(TestNG.java:1208)
at org.testng.TestNG.runSuitesLocally(TestNG.java:1137)
at org.testng.TestNG.runSuites(TestNG.java:1049)
at org.testng.TestNG.run(TestNG.java:1017)
at org.apache.maven.surefire.testng.TestNGExecutor.run(TestNGExecutor.java:295)
at org.apache.maven.surefire.testng.TestNGXmlTestSuite.execute(TestNGXmlTestSuite.java:84)
at org.apache.maven.surefire.testng.TestNGProvider.invoke(TestNGProvider.java:90)
at org.apache.maven.surefire.booter.ForkedBooter.invokeProviderInSameClassLoader(ForkedBooter.java:203)
at org.apache.maven.surefire.booter.ForkedBooter.runSuitesInProcess(ForkedBooter.java:155)
at org.apache.maven.surefire.booter.ForkedBooter.main(ForkedBooter.java:103)
]]>
            </full-stacktrace>
          </exception> <!-- java.lang.Throwable -->
          <reporter-output>
          </reporter-output>
        </test-method> <!-- verifysubmittedForVerificationBucket -->
        <test-method status="SKIP" signature="searchClientArsNoCaseList()[pri:9, instance:com.iBridge.testcases.TC_PrepaidInitiateCaseIndividuallyExtended_01@3fb6a447]" name="searchClientArsNoCaseList" duration-ms="0" started-at="2022-07-01T12:32:43Z" depends-on-methods="com.iBridge.testcases.TC_PrepaidInitiateCaseIndividuallyExtended_01.submittedCasesTrackerWipCases" finished-at="2022-07-01T12:32:43Z">
          <exception class="java.lang.Throwable">
            <message>
              <![CDATA[Method TC_PrepaidInitiateCaseIndividuallyExtended_01.searchClientArsNoCaseList()[pri:9, instance:com.iBridge.testcases.TC_PrepaidInitiateCaseIndividuallyExtended_01@3fb6a447] depends on not successfully finished methods]]>
            </message>
            <full-stacktrace>
              <![CDATA[java.lang.Throwable: Method TC_PrepaidInitiateCaseIndividuallyExtended_01.searchClientArsNoCaseList()[pri:9, instance:com.iBridge.testcases.TC_PrepaidInitiateCaseIndividuallyExtended_01@3fb6a447] depends on not successfully finished methods
at org.testng.internal.Invoker.invokeTestMethods(Invoker.java:888)
at org.testng.internal.TestMethodWorker.invokeTestMethods(TestMethodWorker.java:125)
at org.testng.internal.TestMethodWorker.run(TestMethodWorker.java:109)
at org.testng.TestRunner.privateRun(TestRunner.java:648)
at org.testng.TestRunner.run(TestRunner.java:505)
at org.testng.SuiteRunner.runTest(SuiteRunner.java:455)
at org.testng.SuiteRunner.runSequentially(SuiteRunner.java:450)
at org.testng.SuiteRunner.privateRun(SuiteRunner.java:415)
at org.testng.SuiteRunner.run(SuiteRunner.java:364)
at org.testng.SuiteRunnerWorker.runSuite(SuiteRunnerWorker.java:52)
at org.testng.SuiteRunnerWorker.run(SuiteRunnerWorker.java:84)
at org.testng.TestNG.runSuitesSequentially(TestNG.java:1208)
at org.testng.TestNG.runSuitesLocally(TestNG.java:1137)
at org.testng.TestNG.runSuites(TestNG.java:1049)
at org.testng.TestNG.run(TestNG.java:1017)
at org.apache.maven.surefire.testng.TestNGExecutor.run(TestNGExecutor.java:295)
at org.apache.maven.surefire.testng.TestNGXmlTestSuite.execute(TestNGXmlTestSuite.java:84)
at org.apache.maven.surefire.testng.TestNGProvider.invoke(TestNGProvider.java:90)
at org.apache.maven.surefire.booter.ForkedBooter.invokeProviderInSameClassLoader(ForkedBooter.java:203)
at org.apache.maven.surefire.booter.ForkedBooter.runSuitesInProcess(ForkedBooter.java:155)
at org.apache.maven.surefire.booter.ForkedBooter.main(ForkedBooter.java:103)
]]>
            </full-stacktrace>
          </exception> <!-- java.lang.Throwable -->
          <reporter-output>
          </reporter-output>
        </test-method> <!-- searchClientArsNoCaseList -->
      </class> <!-- com.iBridge.testcases.TC_PrepaidInitiateCaseIndividuallyExtended_01 -->
    </test> <!-- iBridge16 -->
  </suite> <!-- iBridge -->
</testng-results>
