<?xml version="1.0" encoding="UTF-8"?>
<testng-results skipped="0" failed="0" ignored="0" total="7" passed="7">
  <reporter-output>
  </reporter-output>
  <suite name="iBridge" duration-ms="158847" started-at="2022-07-11T13:31:40Z" finished-at="2022-07-11T13:34:19Z">
    <groups>
    </groups>
    <test name="iBridge17" duration-ms="158847" started-at="2022-07-11T13:31:40Z" finished-at="2022-07-11T13:34:19Z">
      <class name="com.iBridge.testcases.TC_PrepaidSubmitCaseIndividuallyExtended_02">
        <test-method status="PASS" signature="setup(java.lang.String)[pri:0, instance:com.iBridge.testcases.TC_PrepaidSubmitCaseIndividuallyExtended_02@3cda1055]" name="setup" is-config="true" duration-ms="5801" started-at="2022-07-11T13:31:41Z" finished-at="2022-07-11T13:31:46Z">
          <params>
            <param index="0">
              <value>
                <![CDATA[chrome]]>
              </value>
            </param>
          </params>
          <reporter-output>
          </reporter-output>
        </test-method> <!-- setup -->
        <test-method status="PASS" signature="verifyEnpAdminLoginAccount()[pri:1, instance:com.iBridge.testcases.TC_PrepaidSubmitCaseIndividuallyExtended_02@3cda1055]" name="verifyEnpAdminLoginAccount" duration-ms="5329" started-at="2022-07-11T13:31:46Z" finished-at="2022-07-11T13:31:52Z">
          <reporter-output>
          </reporter-output>
        </test-method> <!-- verifyEnpAdminLoginAccount -->
        <test-method status="PASS" signature="verifyPrepaidInitiateSubmitCaseIndividually()[pri:2, instance:com.iBridge.testcases.TC_PrepaidSubmitCaseIndividuallyExtended_02@3cda1055]" name="verifyPrepaidInitiateSubmitCaseIndividually" duration-ms="45550" started-at="2022-07-11T13:31:52Z" depends-on-methods="com.iBridge.testcases.TC_PrepaidSubmitCaseIndividuallyExtended_02.verifyEnpAdminLoginAccount" finished-at="2022-07-11T13:32:37Z">
          <reporter-output>
          </reporter-output>
        </test-method> <!-- verifyPrepaidInitiateSubmitCaseIndividually -->
        <test-method status="PASS" signature="verifyPrepaidAmountPayableValue()[pri:3, instance:com.iBridge.testcases.TC_PrepaidSubmitCaseIndividuallyExtended_02@3cda1055]" name="verifyPrepaidAmountPayableValue" duration-ms="6210" started-at="2022-07-11T13:32:37Z" depends-on-methods="com.iBridge.testcases.TC_PrepaidSubmitCaseIndividuallyExtended_02.verifyPrepaidInitiateSubmitCaseIndividually" finished-at="2022-07-11T13:32:43Z">
          <reporter-output>
          </reporter-output>
        </test-method> <!-- verifyPrepaidAmountPayableValue -->
        <test-method status="PASS" signature="verifyPrepaidPaymentPendingCases()[pri:4, instance:com.iBridge.testcases.TC_PrepaidSubmitCaseIndividuallyExtended_02@3cda1055]" name="verifyPrepaidPaymentPendingCases" duration-ms="7100" started-at="2022-07-11T13:32:43Z" depends-on-methods="com.iBridge.testcases.TC_PrepaidSubmitCaseIndividuallyExtended_02.verifyPrepaidAmountPayableValue" finished-at="2022-07-11T13:32:51Z">
          <reporter-output>
          </reporter-output>
        </test-method> <!-- verifyPrepaidPaymentPendingCases -->
        <test-method status="PASS" signature="verifysubmittedForVerificationBucket()[pri:5, instance:com.iBridge.testcases.TC_PrepaidSubmitCaseIndividuallyExtended_02@3cda1055]" name="verifysubmittedForVerificationBucket" duration-ms="7272" started-at="2022-07-11T13:32:51Z" depends-on-methods="com.iBridge.testcases.TC_PrepaidSubmitCaseIndividuallyExtended_02.verifyPrepaidPaymentPendingCases" finished-at="2022-07-11T13:32:58Z">
          <reporter-output>
          </reporter-output>
        </test-method> <!-- verifysubmittedForVerificationBucket -->
        <test-method status="PASS" signature="submittedCasesTrackerWipCases()[pri:6, instance:com.iBridge.testcases.TC_PrepaidSubmitCaseIndividuallyExtended_02@3cda1055]" name="submittedCasesTrackerWipCases" duration-ms="65908" started-at="2022-07-11T13:32:58Z" depends-on-methods="com.iBridge.testcases.TC_PrepaidSubmitCaseIndividuallyExtended_02.verifysubmittedForVerificationBucket" finished-at="2022-07-11T13:34:04Z">
          <reporter-output>
          </reporter-output>
        </test-method> <!-- submittedCasesTrackerWipCases -->
        <test-method status="PASS" signature="searchClientArsNoCaseList()[pri:7, instance:com.iBridge.testcases.TC_PrepaidSubmitCaseIndividuallyExtended_02@3cda1055]" name="searchClientArsNoCaseList" duration-ms="15433" started-at="2022-07-11T13:34:04Z" depends-on-methods="com.iBridge.testcases.TC_PrepaidSubmitCaseIndividuallyExtended_02.submittedCasesTrackerWipCases" finished-at="2022-07-11T13:34:19Z">
          <reporter-output>
          </reporter-output>
        </test-method> <!-- searchClientArsNoCaseList -->
      </class> <!-- com.iBridge.testcases.TC_PrepaidSubmitCaseIndividuallyExtended_02 -->
    </test> <!-- iBridge17 -->
  </suite> <!-- iBridge -->
</testng-results>
