<?xml version="1.0" encoding="UTF-8"?>
<testsuite name="TestSuite" time="358.979" tests="10" errors="0" skipped="4" failures="1">
  <properties>
[...]
</properties>
  <testcase name="verifyEnpAdminLoginAccount" classname="com.iBridge.testcases.TC_PrepaidInitiateCaseIndividuallyExtended_01" time="12.443"/>
  <testcase name="verifyInitiateNewCaseForIvc" classname="com.iBridge.testcases.TC_PrepaidInitiateCaseIndividuallyExtended_01" time="62.626"/>
  <testcase name="verifyPendingCaseSubmissionVerification" classname="com.iBridge.testcases.TC_PrepaidInitiateCaseIndividuallyExtended_01" time="5.169"/>
  <testcase name="candidateEmailVerification" classname="com.iBridge.testcases.TC_PrepaidInitiateCaseIndividuallyExtended_01" time="9.416"/>
  <testcase name="verifyCandidateFullfillAllFormDetails" classname="com.iBridge.testcases.TC_PrepaidInitiateCaseIndividuallyExtended_01" time="79.115"/>
  <testcase name="verifyPrepaidAmountPayableValue" classname="com.iBridge.testcases.TC_PrepaidInitiateCaseIndividuallyExtended_01" time="190.21">
    <failure message="Expected condition failed: waiting for visibility of Proxy element for: DefaultElementLocator &apos;By.xpath: /html[1]/body[1]/div[1]/div[1]/nav[1]/div[1]/a[1]/div[1]/div[1]&apos; (tried for 120 second(s) with 500 milliseconds interval)" type="org.openqa.selenium.TimeoutException">org.openqa.selenium.TimeoutException: Expected condition failed: waiting for visibility of Proxy element for: DefaultElementLocator 'By.xpath: /html[1]/body[1]/div[1]/div[1]/nav[1]/div[1]/a[1]/div[1]/div[1]' (tried for 120 second(s) with 500 milliseconds interval)
	at sun.reflect.NativeConstructorAccessorImpl.newInstance0(Native Method)
	at sun.reflect.NativeConstructorAccessorImpl.newInstance(NativeConstructorAccessorImpl.java:62)
	at sun.reflect.DelegatingConstructorAccessorImpl.newInstance(DelegatingConstructorAccessorImpl.java:45)
	at java.lang.reflect.Constructor.newInstance(Constructor.java:423)
	at org.openqa.selenium.remote.http.W3CHttpResponseCodec.createException(W3CHttpResponseCodec.java:187)
	at org.openqa.selenium.remote.http.W3CHttpResponseCodec.decode(W3CHttpResponseCodec.java:122)
	at org.openqa.selenium.remote.http.W3CHttpResponseCodec.decode(W3CHttpResponseCodec.java:49)
	at org.openqa.selenium.remote.HttpCommandExecutor.execute(HttpCommandExecutor.java:158)
	at org.openqa.selenium.remote.service.DriverCommandExecutor.execute(DriverCommandExecutor.java:83)
	at org.openqa.selenium.remote.RemoteWebDriver.execute(RemoteWebDriver.java:548)
	at org.openqa.selenium.remote.RemoteWebDriver.findElement(RemoteWebDriver.java:322)
	at org.openqa.selenium.remote.RemoteWebDriver.findElementByXPath(RemoteWebDriver.java:424)
	at org.openqa.selenium.By$ByXPath.findElement(By.java:353)
	at org.openqa.selenium.remote.RemoteWebDriver.findElement(RemoteWebDriver.java:314)
	at org.openqa.selenium.support.pagefactory.DefaultElementLocator.findElement(DefaultElementLocator.java:69)
	at org.openqa.selenium.support.pagefactory.internal.LocatingElementHandler.invoke(LocatingElementHandler.java:38)
	at com.sun.proxy.$Proxy8.isDisplayed(Unknown Source)
	at org.openqa.selenium.support.ui.ExpectedConditions.elementIfVisible(ExpectedConditions.java:315)
	at org.openqa.selenium.support.ui.ExpectedConditions.access$100(ExpectedConditions.java:44)
	at org.openqa.selenium.support.ui.ExpectedConditions$10.apply(ExpectedConditions.java:301)
	at org.openqa.selenium.support.ui.ExpectedConditions$10.apply(ExpectedConditions.java:298)
	at org.openqa.selenium.support.ui.FluentWait.until(FluentWait.java:260)
	at com.iBridge.pageobject.PrepaidCandidateFulfillInformation.prepaidPaymentPendingCases(PrepaidCandidateFulfillInformation.java:1599)
	at com.iBridge.testcases.TC_PrepaidInitiateCaseIndividuallyExtended_01.verifyPrepaidAmountPayableValue(TC_PrepaidInitiateCaseIndividuallyExtended_01.java:203)
</failure>
    <system-out><![CDATA[ INFO [main] (TC_PrepaidInitiateCaseIndividuallyExtended_01.java:198)- Prepaid Enp Admin Url has opened Successfully!
 INFO [main] (TC_PrepaidInitiateCaseIndividuallyExtended_01.java:201)- Prepaid Candidate account has Logged successfully!
]]></system-out>
  </testcase>
  <testcase name="verifyPrepaidPaymentPendingCases" classname="com.iBridge.testcases.TC_PrepaidInitiateCaseIndividuallyExtended_01" time="0">
    <skipped/>
  </testcase>
  <testcase name="verifysubmittedForVerificationBucket" classname="com.iBridge.testcases.TC_PrepaidInitiateCaseIndividuallyExtended_01" time="0">
    <skipped/>
  </testcase>
  <testcase name="submittedCasesTrackerWipCases" classname="com.iBridge.testcases.TC_PrepaidInitiateCaseIndividuallyExtended_01" time="0">
    <skipped/>
  </testcase>
  <testcase name="searchClientArsNoCaseList" classname="com.iBridge.testcases.TC_PrepaidInitiateCaseIndividuallyExtended_01" time="0">
    <skipped/>
  </testcase>
</testsuite>