<?xml version="1.0" encoding="UTF-8"?>
<testsuite name="TestSuite" time="130.44" tests="7" errors="0" skipped="2" failures="2">
  <properties>
[...]
</properties>
  <testcase name="checksSummaryClosedByClient" classname="com.iBridge.sme.testcases.TC_CaseCompletionSme_01" time="17.758"/>
  <testcase name="educationWCheckCloseVerification" classname="com.iBridge.sme.testcases.TC_CaseCompletionSme_01" time="0.938"/>
  <testcase name="verificationQualityAllocator" classname="com.iBridge.sme.testcases.TC_CaseCompletionSme_01" time="20.874"/>
  <testcase name="verificationQualityReleasedForReport" classname="com.iBridge.sme.testcases.TC_CaseCompletionSme_01" time="11.575">
    <failure message="Cannot locate option with index: 2&#10;For documentation on this error, please visit: http://seleniumhq.org/exceptions/no_such_element.html&#10;Build info: version: &apos;3.14.0&apos;, revision: &apos;aacccce0&apos;, time: &apos;2018-08-02T20:19:58.91Z&apos;&#10;System info: host: &apos;ARS-NBT-LAP-068&apos;, ip: &apos;192.168.67.30&apos;, os.name: &apos;Linux&apos;, os.arch: &apos;amd64&apos;, os.version: &apos;5.13.0-44-generic&apos;, java.version: &apos;1.8.0_312&apos;&#10;Driver info: driver.version: unknown" type="org.openqa.selenium.NoSuchElementException">org.openqa.selenium.NoSuchElementException: Cannot locate option with index: 2
For documentation on this error, please visit: http://seleniumhq.org/exceptions/no_such_element.html
Build info: version: '3.14.0', revision: 'aacccce0', time: '2018-08-02T20:19:58.91Z'
System info: host: 'ARS-NBT-LAP-068', ip: '192.168.67.30', os.name: 'Linux', os.arch: 'amd64', os.version: '5.13.0-44-generic', java.version: '1.8.0_312'
Driver info: driver.version: unknown
	at org.openqa.selenium.support.ui.Select.selectByIndex(Select.java:183)
	at com.iBridge.sme.pageobject.CaseCompletionSme.superAdminVerificationQuality(CaseCompletionSme.java:1768)
	at com.iBridge.sme.testcases.TC_CaseCompletionSme_01.verificationQualityReleasedForReport(TC_CaseCompletionSme_01.java:117)
</failure>
  </testcase>
  <testcase name="verifyReportsManager" classname="com.iBridge.sme.testcases.TC_CaseCompletionSme_01" time="79.295">
    <failure message="no such element: Unable to locate element: {&quot;method&quot;:&quot;xpath&quot;,&quot;selector&quot;:&quot;/html[1]/body[1]/div[1]/div[2]/div[1]/div[1]/div[8]/div[3]/div[1]/div[1]/form[1]/div[2]/div[2]/div[5]/button[1]&quot;}&#10;  (Session info: chrome=101.0.4951.54)&#10;For documentation on this error, please visit: http://seleniumhq.org/exceptions/no_such_element.html&#10;Build info: version: &apos;3.14.0&apos;, revision: &apos;aacccce0&apos;, time: &apos;2018-08-02T20:19:58.91Z&apos;&#10;System info: host: &apos;ARS-NBT-LAP-068&apos;, ip: &apos;192.168.67.30&apos;, os.name: &apos;Linux&apos;, os.arch: &apos;amd64&apos;, os.version: &apos;5.13.0-44-generic&apos;, java.version: &apos;1.8.0_312&apos;&#10;Driver info: org.openqa.selenium.chrome.ChromeDriver&#10;Capabilities {acceptInsecureCerts: false, browserName: chrome, browserVersion: 101.0.4951.54, chrome: {chromedriverVersion: 101.0.4951.41 (93c720db8323..., userDataDir: /tmp/.com.google.Chrome.JmJe6E}, goog:chromeOptions: {debuggerAddress: localhost:41609}, javascriptEnabled: true, networkConnectionEnabled: false, pageLoadStrategy: normal, platform: LINUX, platformName: LINUX, proxy: Proxy(), setWindowRect: true, strictFileInteractability: false, timeouts: {implicit: 0, pageLoad: 300000, script: 30000}, unhandledPromptBehavior: dismiss and notify, webauthn:extension:credBlob: true, webauthn:extension:largeBlob: true, webauthn:virtualAuthenticators: true}&#10;Session ID: abc7ad4c64a45b6e378e8492dd6762ca&#10;*** Element info: {Using=xpath, value=/html[1]/body[1]/div[1]/div[2]/div[1]/div[1]/div[8]/div[3]/div[1]/div[1]/form[1]/div[2]/div[2]/div[5]/button[1]}" type="org.openqa.selenium.NoSuchElementException">org.openqa.selenium.NoSuchElementException: no such element: Unable to locate element: {"method":"xpath","selector":"/html[1]/body[1]/div[1]/div[2]/div[1]/div[1]/div[8]/div[3]/div[1]/div[1]/form[1]/div[2]/div[2]/div[5]/button[1]"}
  (Session info: chrome=101.0.4951.54)
For documentation on this error, please visit: http://seleniumhq.org/exceptions/no_such_element.html
Build info: version: '3.14.0', revision: 'aacccce0', time: '2018-08-02T20:19:58.91Z'
System info: host: 'ARS-NBT-LAP-068', ip: '192.168.67.30', os.name: 'Linux', os.arch: 'amd64', os.version: '5.13.0-44-generic', java.version: '1.8.0_312'
Driver info: org.openqa.selenium.chrome.ChromeDriver
Capabilities {acceptInsecureCerts: false, browserName: chrome, browserVersion: 101.0.4951.54, chrome: {chromedriverVersion: 101.0.4951.41 (93c720db8323..., userDataDir: /tmp/.com.google.Chrome.JmJe6E}, goog:chromeOptions: {debuggerAddress: localhost:41609}, javascriptEnabled: true, networkConnectionEnabled: false, pageLoadStrategy: normal, platform: LINUX, platformName: LINUX, proxy: Proxy(), setWindowRect: true, strictFileInteractability: false, timeouts: {implicit: 0, pageLoad: 300000, script: 30000}, unhandledPromptBehavior: dismiss and notify, webauthn:extension:credBlob: true, webauthn:extension:largeBlob: true, webauthn:virtualAuthenticators: true}
Session ID: abc7ad4c64a45b6e378e8492dd6762ca
*** Element info: {Using=xpath, value=/html[1]/body[1]/div[1]/div[2]/div[1]/div[1]/div[8]/div[3]/div[1]/div[1]/form[1]/div[2]/div[2]/div[5]/button[1]}
	at sun.reflect.NativeConstructorAccessorImpl.newInstance0(Native Method)
	at sun.reflect.NativeConstructorAccessorImpl.newInstance(NativeConstructorAccessorImpl.java:62)
	at sun.reflect.DelegatingConstructorAccessorImpl.newInstance(DelegatingConstructorAccessorImpl.java:45)
	at java.lang.reflect.Constructor.newInstance(Constructor.java:423)
	at org.openqa.selenium.remote.http.W3CHttpResponseCodec.createException(W3CHttpResponseCodec.java:187)
	at org.openqa.selenium.remote.http.W3CHttpResponseCodec.decode(W3CHttpResponseCodec.java:122)
	at org.openqa.selenium.remote.http.W3CHttpResponseCodec.decode(W3CHttpResponseCodec.java:49)
	at org.openqa.selenium.remote.HttpCommandExecutor.execute(HttpCommandExecutor.java:158)
	at org.openqa.selenium.remote.service.DriverCommandExecutor.execute(DriverCommandExecutor.java:83)
	at org.openqa.selenium.remote.RemoteWebDriver.execute(RemoteWebDriver.java:548)
	at org.openqa.selenium.remote.RemoteWebDriver.findElement(RemoteWebDriver.java:322)
	at org.openqa.selenium.remote.RemoteWebDriver.findElementByXPath(RemoteWebDriver.java:424)
	at org.openqa.selenium.By$ByXPath.findElement(By.java:353)
	at org.openqa.selenium.remote.RemoteWebDriver.findElement(RemoteWebDriver.java:314)
	at org.openqa.selenium.support.pagefactory.DefaultElementLocator.findElement(DefaultElementLocator.java:69)
	at org.openqa.selenium.support.pagefactory.internal.LocatingElementHandler.invoke(LocatingElementHandler.java:38)
	at com.sun.proxy.$Proxy8.getWrappedElement(Unknown Source)
	at org.openqa.selenium.remote.internal.WebElementToJsonConverter.apply(WebElementToJsonConverter.java:50)
	at java.util.stream.ReferencePipeline$3$1.accept(ReferencePipeline.java:193)
	at java.util.Spliterators$ArraySpliterator.forEachRemaining(Spliterators.java:948)
	at java.util.stream.AbstractPipeline.copyInto(AbstractPipeline.java:482)
	at java.util.stream.AbstractPipeline.wrapAndCopyInto(AbstractPipeline.java:472)
	at java.util.stream.ReduceOps$ReduceOp.evaluateSequential(ReduceOps.java:708)
	at java.util.stream.AbstractPipeline.evaluate(AbstractPipeline.java:234)
	at java.util.stream.ReferencePipeline.collect(ReferencePipeline.java:566)
	at org.openqa.selenium.remote.RemoteWebDriver.executeScript(RemoteWebDriver.java:480)
	at com.iBridge.sme.pageobject.CaseCompletionSme.superAdminReportManager(CaseCompletionSme.java:1907)
	at com.iBridge.sme.testcases.TC_CaseCompletionSme_01.verifyReportsManager(TC_CaseCompletionSme_01.java:161)
</failure>
  </testcase>
  <testcase name="verificationQualityAllocatorForReport" classname="com.iBridge.sme.testcases.TC_CaseCompletionSme_01" time="0">
    <skipped/>
  </testcase>
  <testcase name="generateCaseReportPdf" classname="com.iBridge.sme.testcases.TC_CaseCompletionSme_01" time="0">
    <skipped/>
  </testcase>
</testsuite>