<?xml version="1.0" encoding="UTF-8"?>
<testng-results skipped="3" failed="1" ignored="0" total="8" passed="4">
  <reporter-output>
  </reporter-output>
  <suite name="iBridge" duration-ms="136311" started-at="2022-06-24T11:46:51Z" finished-at="2022-06-24T11:49:07Z">
    <groups>
    </groups>
    <test name="iBridge10" duration-ms="136311" started-at="2022-06-24T11:46:51Z" finished-at="2022-06-24T11:49:07Z">
      <class name="com.iBridge.sme.testcases.TC_InitiateSelfCaseSmeExtended_01">
        <test-method status="PASS" signature="setup(java.lang.String)[pri:0, instance:com.iBridge.sme.testcases.TC_InitiateSelfCaseSmeExtended_01@4520ebad]" name="setup" is-config="true" duration-ms="22165" started-at="2022-06-24T11:46:51Z" finished-at="2022-06-24T11:47:14Z">
          <params>
            <param index="0">
              <value>
                <![CDATA[chrome]]>
              </value>
            </param>
          </params>
          <reporter-output>
          </reporter-output>
        </test-method> <!-- setup -->
        <test-method status="PASS" signature="initiateSelfCaseSme()[pri:1, instance:com.iBridge.sme.testcases.TC_InitiateSelfCaseSmeExtended_01@4520ebad]" name="initiateSelfCaseSme" duration-ms="23656" started-at="2022-06-24T11:47:14Z" finished-at="2022-06-24T11:47:37Z">
          <reporter-output>
          </reporter-output>
        </test-method> <!-- initiateSelfCaseSme -->
        <test-method status="PASS" signature="candidateProfileDetailsFilling()[pri:2, instance:com.iBridge.sme.testcases.TC_InitiateSelfCaseSmeExtended_01@4520ebad]" name="candidateProfileDetailsFilling" duration-ms="60971" started-at="2022-06-24T11:47:37Z" depends-on-methods="com.iBridge.sme.testcases.TC_InitiateSelfCaseSmeExtended_01.initiateSelfCaseSme" finished-at="2022-06-24T11:48:38Z">
          <reporter-output>
          </reporter-output>
        </test-method> <!-- candidateProfileDetailsFilling -->
        <test-method status="PASS" signature="verifyAuthorizationRelease()[pri:3, instance:com.iBridge.sme.testcases.TC_InitiateSelfCaseSmeExtended_01@4520ebad]" name="verifyAuthorizationRelease" duration-ms="13684" started-at="2022-06-24T11:48:38Z" depends-on-methods="com.iBridge.sme.testcases.TC_InitiateSelfCaseSmeExtended_01.candidateProfileDetailsFilling" finished-at="2022-06-24T11:48:52Z">
          <reporter-output>
          </reporter-output>
        </test-method> <!-- verifyAuthorizationRelease -->
        <test-method status="PASS" signature="verifyWorkInProgressCases()[pri:4, instance:com.iBridge.sme.testcases.TC_InitiateSelfCaseSmeExtended_01@4520ebad]" name="verifyWorkInProgressCases" duration-ms="8783" started-at="2022-06-24T11:48:52Z" depends-on-methods="com.iBridge.sme.testcases.TC_InitiateSelfCaseSmeExtended_01.verifyAuthorizationRelease" finished-at="2022-06-24T11:49:01Z">
          <reporter-output>
          </reporter-output>
        </test-method> <!-- verifyWorkInProgressCases -->
        <test-method status="FAIL" signature="searchClientArsNoCaseList()[pri:5, instance:com.iBridge.sme.testcases.TC_InitiateSelfCaseSmeExtended_01@4520ebad]" name="searchClientArsNoCaseList" duration-ms="6782" started-at="2022-06-24T11:49:01Z" depends-on-methods="com.iBridge.sme.testcases.TC_InitiateSelfCaseSmeExtended_01.verifyWorkInProgressCases" finished-at="2022-06-24T11:49:07Z">
          <exception class="java.lang.NullPointerException">
            <full-stacktrace>
              <![CDATA[java.lang.NullPointerException
at sun.reflect.GeneratedMethodAccessor4.invoke(Unknown Source)
at sun.reflect.DelegatingMethodAccessorImpl.invoke(DelegatingMethodAccessorImpl.java:43)
at java.lang.reflect.Method.invoke(Method.java:498)
at org.openqa.selenium.support.pagefactory.internal.LocatingElementHandler.invoke(LocatingElementHandler.java:51)
at com.sun.proxy.$Proxy8.isDisplayed(Unknown Source)
at org.openqa.selenium.support.ui.ExpectedConditions.elementIfVisible(ExpectedConditions.java:315)
at org.openqa.selenium.support.ui.ExpectedConditions.access$100(ExpectedConditions.java:44)
at org.openqa.selenium.support.ui.ExpectedConditions$10.apply(ExpectedConditions.java:301)
at org.openqa.selenium.support.ui.ExpectedConditions$10.apply(ExpectedConditions.java:298)
at org.openqa.selenium.support.ui.FluentWait.until(FluentWait.java:260)
at com.iBridge.pageobject.BridgeLoginPage.arsNumberSearch(BridgeLoginPage.java:89)
at com.iBridge.sme.testcases.TC_InitiateSelfCaseSmeExtended_01.searchClientArsNoCaseList(TC_InitiateSelfCaseSmeExtended_01.java:189)
at sun.reflect.NativeMethodAccessorImpl.invoke0(Native Method)
at sun.reflect.NativeMethodAccessorImpl.invoke(NativeMethodAccessorImpl.java:62)
at sun.reflect.DelegatingMethodAccessorImpl.invoke(DelegatingMethodAccessorImpl.java:43)
at java.lang.reflect.Method.invoke(Method.java:498)
at org.testng.internal.MethodInvocationHelper.invokeMethod(MethodInvocationHelper.java:124)
at org.testng.internal.Invoker.invokeMethod(Invoker.java:583)
at org.testng.internal.Invoker.invokeTestMethod(Invoker.java:719)
at org.testng.internal.Invoker.invokeTestMethods(Invoker.java:989)
at org.testng.internal.TestMethodWorker.invokeTestMethods(TestMethodWorker.java:125)
at org.testng.internal.TestMethodWorker.run(TestMethodWorker.java:109)
at org.testng.TestRunner.privateRun(TestRunner.java:648)
at org.testng.TestRunner.run(TestRunner.java:505)
at org.testng.SuiteRunner.runTest(SuiteRunner.java:455)
at org.testng.SuiteRunner.runSequentially(SuiteRunner.java:450)
at org.testng.SuiteRunner.privateRun(SuiteRunner.java:415)
at org.testng.SuiteRunner.run(SuiteRunner.java:364)
at org.testng.SuiteRunnerWorker.runSuite(SuiteRunnerWorker.java:52)
at org.testng.SuiteRunnerWorker.run(SuiteRunnerWorker.java:84)
at org.testng.TestNG.runSuitesSequentially(TestNG.java:1208)
at org.testng.TestNG.runSuitesLocally(TestNG.java:1137)
at org.testng.TestNG.runSuites(TestNG.java:1049)
at org.testng.TestNG.run(TestNG.java:1017)
at org.apache.maven.surefire.testng.TestNGExecutor.run(TestNGExecutor.java:295)
at org.apache.maven.surefire.testng.TestNGXmlTestSuite.execute(TestNGXmlTestSuite.java:84)
at org.apache.maven.surefire.testng.TestNGProvider.invoke(TestNGProvider.java:90)
at org.apache.maven.surefire.booter.ForkedBooter.invokeProviderInSameClassLoader(ForkedBooter.java:203)
at org.apache.maven.surefire.booter.ForkedBooter.runSuitesInProcess(ForkedBooter.java:155)
at org.apache.maven.surefire.booter.ForkedBooter.main(ForkedBooter.java:103)
]]>
            </full-stacktrace>
          </exception> <!-- java.lang.NullPointerException -->
          <reporter-output>
          </reporter-output>
        </test-method> <!-- searchClientArsNoCaseList -->
        <test-method status="SKIP" signature="verifyInsufficientDocsQcAllocator()[pri:6, instance:com.iBridge.sme.testcases.TC_InitiateSelfCaseSmeExtended_01@4520ebad]" name="verifyInsufficientDocsQcAllocator" duration-ms="0" started-at="2022-06-24T11:49:07Z" depends-on-methods="com.iBridge.sme.testcases.TC_InitiateSelfCaseSmeExtended_01.searchClientArsNoCaseList" finished-at="2022-06-24T11:49:07Z">
          <exception class="java.lang.Throwable">
            <message>
              <![CDATA[Method TC_InitiateSelfCaseSmeExtended_01.verifyInsufficientDocsQcAllocator()[pri:6, instance:com.iBridge.sme.testcases.TC_InitiateSelfCaseSmeExtended_01@4520ebad] depends on not successfully finished methods]]>
            </message>
            <full-stacktrace>
              <![CDATA[java.lang.Throwable: Method TC_InitiateSelfCaseSmeExtended_01.verifyInsufficientDocsQcAllocator()[pri:6, instance:com.iBridge.sme.testcases.TC_InitiateSelfCaseSmeExtended_01@4520ebad] depends on not successfully finished methods
at org.testng.internal.Invoker.invokeTestMethods(Invoker.java:888)
at org.testng.internal.TestMethodWorker.invokeTestMethods(TestMethodWorker.java:125)
at org.testng.internal.TestMethodWorker.run(TestMethodWorker.java:109)
at org.testng.TestRunner.privateRun(TestRunner.java:648)
at org.testng.TestRunner.run(TestRunner.java:505)
at org.testng.SuiteRunner.runTest(SuiteRunner.java:455)
at org.testng.SuiteRunner.runSequentially(SuiteRunner.java:450)
at org.testng.SuiteRunner.privateRun(SuiteRunner.java:415)
at org.testng.SuiteRunner.run(SuiteRunner.java:364)
at org.testng.SuiteRunnerWorker.runSuite(SuiteRunnerWorker.java:52)
at org.testng.SuiteRunnerWorker.run(SuiteRunnerWorker.java:84)
at org.testng.TestNG.runSuitesSequentially(TestNG.java:1208)
at org.testng.TestNG.runSuitesLocally(TestNG.java:1137)
at org.testng.TestNG.runSuites(TestNG.java:1049)
at org.testng.TestNG.run(TestNG.java:1017)
at org.apache.maven.surefire.testng.TestNGExecutor.run(TestNGExecutor.java:295)
at org.apache.maven.surefire.testng.TestNGXmlTestSuite.execute(TestNGXmlTestSuite.java:84)
at org.apache.maven.surefire.testng.TestNGProvider.invoke(TestNGProvider.java:90)
at org.apache.maven.surefire.booter.ForkedBooter.invokeProviderInSameClassLoader(ForkedBooter.java:203)
at org.apache.maven.surefire.booter.ForkedBooter.runSuitesInProcess(ForkedBooter.java:155)
at org.apache.maven.surefire.booter.ForkedBooter.main(ForkedBooter.java:103)
]]>
            </full-stacktrace>
          </exception> <!-- java.lang.Throwable -->
          <reporter-output>
          </reporter-output>
        </test-method> <!-- verifyInsufficientDocsQcAllocator -->
        <test-method status="SKIP" signature="verifyInsufficientDocsQuality()[pri:7, instance:com.iBridge.sme.testcases.TC_InitiateSelfCaseSmeExtended_01@4520ebad]" name="verifyInsufficientDocsQuality" duration-ms="0" started-at="2022-06-24T11:49:07Z" depends-on-methods="com.iBridge.sme.testcases.TC_InitiateSelfCaseSmeExtended_01.verifyInsufficientDocsQcAllocator" finished-at="2022-06-24T11:49:07Z">
          <exception class="java.lang.Throwable">
            <message>
              <![CDATA[Method TC_InitiateSelfCaseSmeExtended_01.verifyInsufficientDocsQuality()[pri:7, instance:com.iBridge.sme.testcases.TC_InitiateSelfCaseSmeExtended_01@4520ebad] depends on not successfully finished methods]]>
            </message>
            <full-stacktrace>
              <![CDATA[java.lang.Throwable: Method TC_InitiateSelfCaseSmeExtended_01.verifyInsufficientDocsQuality()[pri:7, instance:com.iBridge.sme.testcases.TC_InitiateSelfCaseSmeExtended_01@4520ebad] depends on not successfully finished methods
at org.testng.internal.Invoker.invokeTestMethods(Invoker.java:888)
at org.testng.internal.TestMethodWorker.invokeTestMethods(TestMethodWorker.java:125)
at org.testng.internal.TestMethodWorker.run(TestMethodWorker.java:109)
at org.testng.TestRunner.privateRun(TestRunner.java:648)
at org.testng.TestRunner.run(TestRunner.java:505)
at org.testng.SuiteRunner.runTest(SuiteRunner.java:455)
at org.testng.SuiteRunner.runSequentially(SuiteRunner.java:450)
at org.testng.SuiteRunner.privateRun(SuiteRunner.java:415)
at org.testng.SuiteRunner.run(SuiteRunner.java:364)
at org.testng.SuiteRunnerWorker.runSuite(SuiteRunnerWorker.java:52)
at org.testng.SuiteRunnerWorker.run(SuiteRunnerWorker.java:84)
at org.testng.TestNG.runSuitesSequentially(TestNG.java:1208)
at org.testng.TestNG.runSuitesLocally(TestNG.java:1137)
at org.testng.TestNG.runSuites(TestNG.java:1049)
at org.testng.TestNG.run(TestNG.java:1017)
at org.apache.maven.surefire.testng.TestNGExecutor.run(TestNGExecutor.java:295)
at org.apache.maven.surefire.testng.TestNGXmlTestSuite.execute(TestNGXmlTestSuite.java:84)
at org.apache.maven.surefire.testng.TestNGProvider.invoke(TestNGProvider.java:90)
at org.apache.maven.surefire.booter.ForkedBooter.invokeProviderInSameClassLoader(ForkedBooter.java:203)
at org.apache.maven.surefire.booter.ForkedBooter.runSuitesInProcess(ForkedBooter.java:155)
at org.apache.maven.surefire.booter.ForkedBooter.main(ForkedBooter.java:103)
]]>
            </full-stacktrace>
          </exception> <!-- java.lang.Throwable -->
          <reporter-output>
          </reporter-output>
        </test-method> <!-- verifyInsufficientDocsQuality -->
        <test-method status="SKIP" signature="verifyInsufficientAllocator()[pri:8, instance:com.iBridge.sme.testcases.TC_InitiateSelfCaseSmeExtended_01@4520ebad]" name="verifyInsufficientAllocator" duration-ms="0" started-at="2022-06-24T11:49:07Z" depends-on-methods="com.iBridge.sme.testcases.TC_InitiateSelfCaseSmeExtended_01.verifyInsufficientDocsQuality" finished-at="2022-06-24T11:49:07Z">
          <exception class="java.lang.Throwable">
            <message>
              <![CDATA[Method TC_InitiateSelfCaseSmeExtended_01.verifyInsufficientAllocator()[pri:8, instance:com.iBridge.sme.testcases.TC_InitiateSelfCaseSmeExtended_01@4520ebad] depends on not successfully finished methods]]>
            </message>
            <full-stacktrace>
              <![CDATA[java.lang.Throwable: Method TC_InitiateSelfCaseSmeExtended_01.verifyInsufficientAllocator()[pri:8, instance:com.iBridge.sme.testcases.TC_InitiateSelfCaseSmeExtended_01@4520ebad] depends on not successfully finished methods
at org.testng.internal.Invoker.invokeTestMethods(Invoker.java:888)
at org.testng.internal.TestMethodWorker.invokeTestMethods(TestMethodWorker.java:125)
at org.testng.internal.TestMethodWorker.run(TestMethodWorker.java:109)
at org.testng.TestRunner.privateRun(TestRunner.java:648)
at org.testng.TestRunner.run(TestRunner.java:505)
at org.testng.SuiteRunner.runTest(SuiteRunner.java:455)
at org.testng.SuiteRunner.runSequentially(SuiteRunner.java:450)
at org.testng.SuiteRunner.privateRun(SuiteRunner.java:415)
at org.testng.SuiteRunner.run(SuiteRunner.java:364)
at org.testng.SuiteRunnerWorker.runSuite(SuiteRunnerWorker.java:52)
at org.testng.SuiteRunnerWorker.run(SuiteRunnerWorker.java:84)
at org.testng.TestNG.runSuitesSequentially(TestNG.java:1208)
at org.testng.TestNG.runSuitesLocally(TestNG.java:1137)
at org.testng.TestNG.runSuites(TestNG.java:1049)
at org.testng.TestNG.run(TestNG.java:1017)
at org.apache.maven.surefire.testng.TestNGExecutor.run(TestNGExecutor.java:295)
at org.apache.maven.surefire.testng.TestNGXmlTestSuite.execute(TestNGXmlTestSuite.java:84)
at org.apache.maven.surefire.testng.TestNGProvider.invoke(TestNGProvider.java:90)
at org.apache.maven.surefire.booter.ForkedBooter.invokeProviderInSameClassLoader(ForkedBooter.java:203)
at org.apache.maven.surefire.booter.ForkedBooter.runSuitesInProcess(ForkedBooter.java:155)
at org.apache.maven.surefire.booter.ForkedBooter.main(ForkedBooter.java:103)
]]>
            </full-stacktrace>
          </exception> <!-- java.lang.Throwable -->
          <reporter-output>
          </reporter-output>
        </test-method> <!-- verifyInsufficientAllocator -->
      </class> <!-- com.iBridge.sme.testcases.TC_InitiateSelfCaseSmeExtended_01 -->
    </test> <!-- iBridge10 -->
  </suite> <!-- iBridge -->
</testng-results>
