<?xml version="1.0" encoding="UTF-8"?>
<testsuite name="TestSuite" time="243.538" tests="15" errors="0" skipped="9" failures="1">
  <properties>
[...]
</properties>
  <testcase name="initiateViaCandidateCaseSme" classname="com.iBridge.sme.testcases.TC_InitiateViaCandidateSmeExtended_02" time="50.242"/>
  <testcase name="verifyFormNotSubmittedCaseList" classname="com.iBridge.sme.testcases.TC_InitiateViaCandidateSmeExtended_02" time="2.719"/>
  <testcase name="candidateSmeEmailVerification" classname="com.iBridge.sme.testcases.TC_InitiateViaCandidateSmeExtended_02" time="11.434"/>
  <testcase name="candidateSmeAccountLogin" classname="com.iBridge.sme.testcases.TC_InitiateViaCandidateSmeExtended_02" time="76.755"/>
  <testcase name="candidateProfileDetailsFilling" classname="com.iBridge.sme.testcases.TC_InitiateViaCandidateSmeExtended_02" time="90.675"/>
  <testcase name="verifyAuthorizationRelease" classname="com.iBridge.sme.testcases.TC_InitiateViaCandidateSmeExtended_02" time="11.713">
    <failure message="chrome not reachable&#10;  (Session info: chrome=101.0.4951.54)&#10;Build info: version: &apos;3.14.0&apos;, revision: &apos;aacccce0&apos;, time: &apos;2018-08-02T20:19:58.91Z&apos;&#10;System info: host: &apos;ARS-NBT-LAP-068&apos;, ip: &apos;192.168.121.30&apos;, os.name: &apos;Linux&apos;, os.arch: &apos;amd64&apos;, os.version: &apos;5.13.0-44-generic&apos;, java.version: &apos;1.8.0_312&apos;&#10;Driver info: org.openqa.selenium.chrome.ChromeDriver&#10;Capabilities {acceptInsecureCerts: false, browserName: chrome, browserVersion: 101.0.4951.54, chrome: {chromedriverVersion: 101.0.4951.41 (93c720db8323..., userDataDir: /tmp/.com.google.Chrome.gjoDjd}, goog:chromeOptions: {debuggerAddress: localhost:43291}, javascriptEnabled: true, networkConnectionEnabled: false, pageLoadStrategy: normal, platform: LINUX, platformName: LINUX, proxy: Proxy(), setWindowRect: true, strictFileInteractability: false, timeouts: {implicit: 0, pageLoad: 300000, script: 30000}, unhandledPromptBehavior: dismiss and notify, webauthn:extension:credBlob: true, webauthn:extension:largeBlob: true, webauthn:virtualAuthenticators: true}&#10;Session ID: 53f0f7f1d87adfbc3ee4137c57f1f4c8&#10;*** Element info: {Using=xpath, value=//h1[contains(text(),&apos;Thank you for completing your profile&apos;)]}" type="org.openqa.selenium.WebDriverException">org.openqa.selenium.WebDriverException: chrome not reachable
  (Session info: chrome=101.0.4951.54)
Build info: version: '3.14.0', revision: 'aacccce0', time: '2018-08-02T20:19:58.91Z'
System info: host: 'ARS-NBT-LAP-068', ip: '192.168.121.30', os.name: 'Linux', os.arch: 'amd64', os.version: '5.13.0-44-generic', java.version: '1.8.0_312'
Driver info: org.openqa.selenium.chrome.ChromeDriver
Capabilities {acceptInsecureCerts: false, browserName: chrome, browserVersion: 101.0.4951.54, chrome: {chromedriverVersion: 101.0.4951.41 (93c720db8323..., userDataDir: /tmp/.com.google.Chrome.gjoDjd}, goog:chromeOptions: {debuggerAddress: localhost:43291}, javascriptEnabled: true, networkConnectionEnabled: false, pageLoadStrategy: normal, platform: LINUX, platformName: LINUX, proxy: Proxy(), setWindowRect: true, strictFileInteractability: false, timeouts: {implicit: 0, pageLoad: 300000, script: 30000}, unhandledPromptBehavior: dismiss and notify, webauthn:extension:credBlob: true, webauthn:extension:largeBlob: true, webauthn:virtualAuthenticators: true}
Session ID: 53f0f7f1d87adfbc3ee4137c57f1f4c8
*** Element info: {Using=xpath, value=//h1[contains(text(),'Thank you for completing your profile')]}
	at sun.reflect.NativeConstructorAccessorImpl.newInstance0(Native Method)
	at sun.reflect.NativeConstructorAccessorImpl.newInstance(NativeConstructorAccessorImpl.java:62)
	at sun.reflect.DelegatingConstructorAccessorImpl.newInstance(DelegatingConstructorAccessorImpl.java:45)
	at java.lang.reflect.Constructor.newInstance(Constructor.java:423)
	at org.openqa.selenium.remote.http.W3CHttpResponseCodec.createException(W3CHttpResponseCodec.java:187)
	at org.openqa.selenium.remote.http.W3CHttpResponseCodec.decode(W3CHttpResponseCodec.java:122)
	at org.openqa.selenium.remote.http.W3CHttpResponseCodec.decode(W3CHttpResponseCodec.java:49)
	at org.openqa.selenium.remote.HttpCommandExecutor.execute(HttpCommandExecutor.java:158)
	at org.openqa.selenium.remote.service.DriverCommandExecutor.execute(DriverCommandExecutor.java:83)
	at org.openqa.selenium.remote.RemoteWebDriver.execute(RemoteWebDriver.java:548)
	at org.openqa.selenium.remote.RemoteWebDriver.findElement(RemoteWebDriver.java:322)
	at org.openqa.selenium.remote.RemoteWebDriver.findElementByXPath(RemoteWebDriver.java:424)
	at org.openqa.selenium.By$ByXPath.findElement(By.java:353)
	at org.openqa.selenium.remote.RemoteWebDriver.findElement(RemoteWebDriver.java:314)
	at org.openqa.selenium.support.pagefactory.DefaultElementLocator.findElement(DefaultElementLocator.java:69)
	at org.openqa.selenium.support.pagefactory.internal.LocatingElementHandler.invoke(LocatingElementHandler.java:38)
	at com.sun.proxy.$Proxy8.isDisplayed(Unknown Source)
	at org.openqa.selenium.support.ui.ExpectedConditions.elementIfVisible(ExpectedConditions.java:315)
	at org.openqa.selenium.support.ui.ExpectedConditions.access$100(ExpectedConditions.java:44)
	at org.openqa.selenium.support.ui.ExpectedConditions$10.apply(ExpectedConditions.java:301)
	at org.openqa.selenium.support.ui.ExpectedConditions$10.apply(ExpectedConditions.java:298)
	at org.openqa.selenium.support.ui.FluentWait.until(FluentWait.java:260)
	at com.iBridge.sme.pageobject.CandidateSubmitProfileSme.verifyThankYouCompletingProfileMsg(CandidateSubmitProfileSme.java:1166)
	at com.iBridge.sme.testcases.TC_InitiateViaCandidateSmeExtended_02.verifyAuthorizationRelease(TC_InitiateViaCandidateSmeExtended_02.java:222)
</failure>
    <system-out><![CDATA[ INFO [main] (TC_InitiateViaCandidateSmeExtended_02.java:220)- Authorization Signature has completed Successfully!
]]></system-out>
  </testcase>
  <testcase name="verifyInitiateViaCandidateCasePaymentPending" classname="com.iBridge.sme.testcases.TC_InitiateViaCandidateSmeExtended_02" time="0">
    <skipped/>
  </testcase>
  <testcase name="verifyFormSubmittedBucket" classname="com.iBridge.sme.testcases.TC_InitiateViaCandidateSmeExtended_02" time="0">
    <skipped/>
  </testcase>
  <testcase name="verifyPaymentPendingBucket" classname="com.iBridge.sme.testcases.TC_InitiateViaCandidateSmeExtended_02" time="0">
    <skipped/>
  </testcase>
  <testcase name="verifyWorkInProgressBucket" classname="com.iBridge.sme.testcases.TC_InitiateViaCandidateSmeExtended_02" time="0">
    <skipped/>
  </testcase>
  <testcase name="verifyCaseAppearingInTotalCaseSentList" classname="com.iBridge.sme.testcases.TC_InitiateViaCandidateSmeExtended_02" time="0">
    <skipped/>
  </testcase>
  <testcase name="searchClientArsNoCaseList" classname="com.iBridge.sme.testcases.TC_InitiateViaCandidateSmeExtended_02" time="0">
    <skipped/>
  </testcase>
  <testcase name="verifyInsufficientDocsQcAllocator" classname="com.iBridge.sme.testcases.TC_InitiateViaCandidateSmeExtended_02" time="0">
    <skipped/>
  </testcase>
  <testcase name="verifyInsufficientDocsQuality" classname="com.iBridge.sme.testcases.TC_InitiateViaCandidateSmeExtended_02" time="0">
    <skipped/>
  </testcase>
  <testcase name="verifyInsufficientAllocator" classname="com.iBridge.sme.testcases.TC_InitiateViaCandidateSmeExtended_02" time="0">
    <skipped/>
  </testcase>
</testsuite>