<?xml version="1.0" encoding="UTF-8"?>
<testng-results skipped="0" failed="1" ignored="0" total="4" passed="3">
  <reporter-output>
  </reporter-output>
  <suite name="iBridge" duration-ms="148131" started-at="2022-06-06T11:59:31Z" finished-at="2022-06-06T12:01:59Z">
    <groups>
    </groups>
    <test name="iBridge 23" duration-ms="148131" started-at="2022-06-06T11:59:31Z" finished-at="2022-06-06T12:01:59Z">
      <class name="com.signdrive.testcases.SignDrive_ManaulTrigger_Test">
        <test-method status="PASS" signature="setup(java.lang.String)[pri:0, instance:com.signdrive.testcases.SignDrive_ManaulTrigger_Test@79698539]" name="setup" is-config="true" duration-ms="6045" started-at="2022-06-06T11:59:31Z" finished-at="2022-06-06T11:59:37Z">
          <params>
            <param index="0">
              <value>
                <![CDATA[chrome]]>
              </value>
            </param>
          </params>
          <reporter-output>
          </reporter-output>
        </test-method> <!-- setup -->
        <test-method status="PASS" signature="signDriveLogin()[pri:1, instance:com.signdrive.testcases.SignDrive_ManaulTrigger_Test@79698539]" name="signDriveLogin" duration-ms="6698" started-at="2022-06-06T11:59:37Z" finished-at="2022-06-06T11:59:44Z">
          <reporter-output>
          </reporter-output>
        </test-method> <!-- signDriveLogin -->
        <test-method status="PASS" signature="initiateViaCandidate()[pri:2, instance:com.signdrive.testcases.SignDrive_ManaulTrigger_Test@79698539]" name="initiateViaCandidate" duration-ms="59459" started-at="2022-06-06T11:59:44Z" depends-on-methods="com.signdrive.testcases.SignDrive_ManaulTrigger_Test.signDriveLogin" finished-at="2022-06-06T12:00:43Z">
          <reporter-output>
          </reporter-output>
        </test-method> <!-- initiateViaCandidate -->
        <test-method status="PASS" signature="uploadCTCFile()[pri:3, instance:com.signdrive.testcases.SignDrive_ManaulTrigger_Test@79698539]" name="uploadCTCFile" duration-ms="28715" started-at="2022-06-06T12:00:43Z" depends-on-methods="com.signdrive.testcases.SignDrive_ManaulTrigger_Test.initiateViaCandidate" finished-at="2022-06-06T12:01:12Z">
          <reporter-output>
          </reporter-output>
        </test-method> <!-- uploadCTCFile -->
        <test-method status="FAIL" signature="emailVerification()[pri:4, instance:com.signdrive.testcases.SignDrive_ManaulTrigger_Test@79698539]" name="emailVerification" duration-ms="46942" started-at="2022-06-06T12:01:12Z" depends-on-methods="com.signdrive.testcases.SignDrive_ManaulTrigger_Test.uploadCTCFile" finished-at="2022-06-06T12:01:59Z">
          <exception class="java.lang.NullPointerException">
            <full-stacktrace>
              <![CDATA[java.lang.NullPointerException
at sun.reflect.NativeMethodAccessorImpl.invoke0(Native Method)
at sun.reflect.NativeMethodAccessorImpl.invoke(NativeMethodAccessorImpl.java:62)
at sun.reflect.DelegatingMethodAccessorImpl.invoke(DelegatingMethodAccessorImpl.java:43)
at java.lang.reflect.Method.invoke(Method.java:498)
at org.openqa.selenium.support.pagefactory.internal.LocatingElementHandler.invoke(LocatingElementHandler.java:51)
at com.sun.proxy.$Proxy8.isDisplayed(Unknown Source)
at org.openqa.selenium.support.ui.ExpectedConditions.elementIfVisible(ExpectedConditions.java:315)
at org.openqa.selenium.support.ui.ExpectedConditions.access$100(ExpectedConditions.java:44)
at org.openqa.selenium.support.ui.ExpectedConditions$10.apply(ExpectedConditions.java:301)
at org.openqa.selenium.support.ui.ExpectedConditions$10.apply(ExpectedConditions.java:298)
at org.openqa.selenium.support.ui.FluentWait.until(FluentWait.java:260)
at com.signdrive.pageobject.Email_Verification_page.offerLetterSignedByCandidate(Email_Verification_page.java:190)
at com.signdrive.testcases.SignDrive_ManaulTrigger_Test.emailVerification(SignDrive_ManaulTrigger_Test.java:109)
at sun.reflect.NativeMethodAccessorImpl.invoke0(Native Method)
at sun.reflect.NativeMethodAccessorImpl.invoke(NativeMethodAccessorImpl.java:62)
at sun.reflect.DelegatingMethodAccessorImpl.invoke(DelegatingMethodAccessorImpl.java:43)
at java.lang.reflect.Method.invoke(Method.java:498)
at org.testng.internal.MethodInvocationHelper.invokeMethod(MethodInvocationHelper.java:124)
at org.testng.internal.Invoker.invokeMethod(Invoker.java:583)
at org.testng.internal.Invoker.invokeTestMethod(Invoker.java:719)
at org.testng.internal.Invoker.invokeTestMethods(Invoker.java:989)
at org.testng.internal.TestMethodWorker.invokeTestMethods(TestMethodWorker.java:125)
at org.testng.internal.TestMethodWorker.run(TestMethodWorker.java:109)
at org.testng.TestRunner.privateRun(TestRunner.java:648)
at org.testng.TestRunner.run(TestRunner.java:505)
at org.testng.SuiteRunner.runTest(SuiteRunner.java:455)
at org.testng.SuiteRunner.runSequentially(SuiteRunner.java:450)
at org.testng.SuiteRunner.privateRun(SuiteRunner.java:415)
at org.testng.SuiteRunner.run(SuiteRunner.java:364)
at org.testng.SuiteRunnerWorker.runSuite(SuiteRunnerWorker.java:52)
at org.testng.SuiteRunnerWorker.run(SuiteRunnerWorker.java:84)
at org.testng.TestNG.runSuitesSequentially(TestNG.java:1208)
at org.testng.TestNG.runSuitesLocally(TestNG.java:1137)
at org.testng.TestNG.runSuites(TestNG.java:1049)
at org.testng.TestNG.run(TestNG.java:1017)
at org.apache.maven.surefire.testng.TestNGExecutor.run(TestNGExecutor.java:295)
at org.apache.maven.surefire.testng.TestNGXmlTestSuite.execute(TestNGXmlTestSuite.java:84)
at org.apache.maven.surefire.testng.TestNGProvider.invoke(TestNGProvider.java:90)
at org.apache.maven.surefire.booter.ForkedBooter.invokeProviderInSameClassLoader(ForkedBooter.java:203)
at org.apache.maven.surefire.booter.ForkedBooter.runSuitesInProcess(ForkedBooter.java:155)
at org.apache.maven.surefire.booter.ForkedBooter.main(ForkedBooter.java:103)
]]>
            </full-stacktrace>
          </exception> <!-- java.lang.NullPointerException -->
          <reporter-output>
          </reporter-output>
        </test-method> <!-- emailVerification -->
      </class> <!-- com.signdrive.testcases.SignDrive_ManaulTrigger_Test -->
    </test> <!-- iBridge 23 -->
  </suite> <!-- iBridge -->
</testng-results>
