<?xml version="1.0" encoding="UTF-8"?>
<testsuite name="TestSuite" time="298.759" tests="11" errors="0" skipped="6" failures="1">
  <properties>
[...]
</properties>
  <testcase name="signDriveLogin" classname="com.signdrive.testcases.SignDrive_ManaulTrigger_Test" time="5.958"/>
  <testcase name="initiateViaCandidate" classname="com.signdrive.testcases.SignDrive_ManaulTrigger_Test" time="46.543"/>
  <testcase name="uploadCTCFile" classname="com.signdrive.testcases.SignDrive_ManaulTrigger_Test" time="25.627"/>
  <testcase name="emailVerification" classname="com.signdrive.testcases.SignDrive_ManaulTrigger_Test" time="76.104"/>
  <testcase name="verifyOLAcceptedByCandidate" classname="com.signdrive.testcases.SignDrive_ManaulTrigger_Test" time="144.527">
    <failure message="chrome not reachable&#10;  (Session info: chrome=101.0.4951.54)&#10;Build info: version: &apos;3.14.0&apos;, revision: &apos;aacccce0&apos;, time: &apos;2018-08-02T20:19:58.91Z&apos;&#10;System info: host: &apos;ARS-NBT-LAP-068&apos;, ip: &apos;192.168.173.30&apos;, os.name: &apos;Linux&apos;, os.arch: &apos;amd64&apos;, os.version: &apos;5.13.0-44-generic&apos;, java.version: &apos;1.8.0_312&apos;&#10;Driver info: org.openqa.selenium.chrome.ChromeDriver&#10;Capabilities {acceptInsecureCerts: false, browserName: chrome, browserVersion: 101.0.4951.54, chrome: {chromedriverVersion: 101.0.4951.41 (93c720db8323..., userDataDir: /tmp/.com.google.Chrome.vdFZ0Y}, goog:chromeOptions: {debuggerAddress: localhost:36643}, javascriptEnabled: true, networkConnectionEnabled: false, pageLoadStrategy: normal, platform: LINUX, platformName: LINUX, proxy: Proxy(), setWindowRect: true, strictFileInteractability: false, timeouts: {implicit: 0, pageLoad: 300000, script: 30000}, unhandledPromptBehavior: dismiss and notify, webauthn:extension:credBlob: true, webauthn:extension:largeBlob: true, webauthn:virtualAuthenticators: true}&#10;Session ID: 665e00da230fcefc846e01bf9b33f5af&#10;*** Element info: {Using=xpath, value=//*[@action_type=&apos;APPROVE_SD_DOC&apos;]}" type="org.openqa.selenium.WebDriverException">org.openqa.selenium.WebDriverException: chrome not reachable
  (Session info: chrome=101.0.4951.54)
Build info: version: '3.14.0', revision: 'aacccce0', time: '2018-08-02T20:19:58.91Z'
System info: host: 'ARS-NBT-LAP-068', ip: '192.168.173.30', os.name: 'Linux', os.arch: 'amd64', os.version: '5.13.0-44-generic', java.version: '1.8.0_312'
Driver info: org.openqa.selenium.chrome.ChromeDriver
Capabilities {acceptInsecureCerts: false, browserName: chrome, browserVersion: 101.0.4951.54, chrome: {chromedriverVersion: 101.0.4951.41 (93c720db8323..., userDataDir: /tmp/.com.google.Chrome.vdFZ0Y}, goog:chromeOptions: {debuggerAddress: localhost:36643}, javascriptEnabled: true, networkConnectionEnabled: false, pageLoadStrategy: normal, platform: LINUX, platformName: LINUX, proxy: Proxy(), setWindowRect: true, strictFileInteractability: false, timeouts: {implicit: 0, pageLoad: 300000, script: 30000}, unhandledPromptBehavior: dismiss and notify, webauthn:extension:credBlob: true, webauthn:extension:largeBlob: true, webauthn:virtualAuthenticators: true}
Session ID: 665e00da230fcefc846e01bf9b33f5af
*** Element info: {Using=xpath, value=//*[@action_type='APPROVE_SD_DOC']}
	at sun.reflect.NativeConstructorAccessorImpl.newInstance0(Native Method)
	at sun.reflect.NativeConstructorAccessorImpl.newInstance(NativeConstructorAccessorImpl.java:62)
	at sun.reflect.DelegatingConstructorAccessorImpl.newInstance(DelegatingConstructorAccessorImpl.java:45)
	at java.lang.reflect.Constructor.newInstance(Constructor.java:423)
	at org.openqa.selenium.remote.http.W3CHttpResponseCodec.createException(W3CHttpResponseCodec.java:187)
	at org.openqa.selenium.remote.http.W3CHttpResponseCodec.decode(W3CHttpResponseCodec.java:122)
	at org.openqa.selenium.remote.http.W3CHttpResponseCodec.decode(W3CHttpResponseCodec.java:49)
	at org.openqa.selenium.remote.HttpCommandExecutor.execute(HttpCommandExecutor.java:158)
	at org.openqa.selenium.remote.service.DriverCommandExecutor.execute(DriverCommandExecutor.java:83)
	at org.openqa.selenium.remote.RemoteWebDriver.execute(RemoteWebDriver.java:548)
	at org.openqa.selenium.remote.RemoteWebDriver.findElement(RemoteWebDriver.java:322)
	at org.openqa.selenium.remote.RemoteWebDriver.findElementByXPath(RemoteWebDriver.java:424)
	at org.openqa.selenium.By$ByXPath.findElement(By.java:353)
	at org.openqa.selenium.remote.RemoteWebDriver.findElement(RemoteWebDriver.java:314)
	at org.openqa.selenium.support.pagefactory.DefaultElementLocator.findElement(DefaultElementLocator.java:69)
	at org.openqa.selenium.support.pagefactory.internal.LocatingElementHandler.invoke(LocatingElementHandler.java:38)
	at com.sun.proxy.$Proxy8.click(Unknown Source)
	at com.signdrive.pageobject.Initiate_newcase_page.approveOfferLetter(Initiate_newcase_page.java:964)
	at com.signdrive.testcases.SignDrive_ManaulTrigger_Test.verifyOLAcceptedByCandidate(SignDrive_ManaulTrigger_Test.java:130)
</failure>
    <system-out><![CDATA[-------------CRON start value from UI::Cron run-------------
-------------CRON End value from UI::Cron run-------------
 INFO [main] (SignDrive_ManaulTrigger_Test.java:125)- Hit the cron
 INFO [main] (Initiate_newcase_page.java:953)- page is not refersh
 INFO [main] (SignDrive_ManaulTrigger_Test.java:127)- verify pending review
]]></system-out>
  </testcase>
  <testcase name="bgvLogin" classname="com.signdrive.testcases.SignDrive_ManaulTrigger_Test" time="0">
    <skipped/>
  </testcase>
  <testcase name="fillAndSumitForm" classname="com.signdrive.testcases.SignDrive_ManaulTrigger_Test" time="0">
    <skipped/>
  </testcase>
  <testcase name="pendingSignOffBucket" classname="com.signdrive.testcases.SignDrive_ManaulTrigger_Test" time="0">
    <skipped/>
  </testcase>
  <testcase name="verifyInstaform" classname="com.signdrive.testcases.SignDrive_ManaulTrigger_Test" time="0">
    <skipped/>
  </testcase>
  <testcase name="instaform" classname="com.signdrive.testcases.SignDrive_ManaulTrigger_Test" time="0">
    <skipped/>
  </testcase>
  <testcase name="addAdditionalDetail" classname="com.signdrive.testcases.SignDrive_ManaulTrigger_Test" time="0">
    <skipped/>
  </testcase>
</testsuite>