<?xml version="1.0" encoding="UTF-8"?>
<testsuite name="TestSuite" time="319.524" tests="10" errors="0" skipped="6" failures="1">
  <properties>
[...]
</properties>
  <testcase name="initiateCaseIndividuallyExtended" classname="com.iBridge.testcases.TC_InitiateCaseIndividuallyExtended_01" time="55.557"/>
  <testcase name="pendingCaseSubmissionVerification" classname="com.iBridge.testcases.TC_InitiateCaseIndividuallyExtended_01" time="10.08"/>
  <testcase name="candidateEmailVerification" classname="com.iBridge.testcases.TC_InitiateCaseIndividuallyExtended_01" time="9.262"/>
  <testcase name="candidateLoginAccount" classname="com.iBridge.testcases.TC_InitiateCaseIndividuallyExtended_01" time="244.625">
    <failure message="element not interactable&#10;  (Session info: headless chrome=101.0.4951.54)&#10;Build info: version: &apos;3.14.0&apos;, revision: &apos;aacccce0&apos;, time: &apos;2018-08-02T20:19:58.91Z&apos;&#10;System info: host: &apos;ARS-NBT-LAP-068&apos;, ip: &apos;192.168.121.30&apos;, os.name: &apos;Linux&apos;, os.arch: &apos;amd64&apos;, os.version: &apos;5.13.0-51-generic&apos;, java.version: &apos;1.8.0_312&apos;&#10;Driver info: org.openqa.selenium.chrome.ChromeDriver&#10;Capabilities {acceptInsecureCerts: false, browserName: chrome, browserVersion: 101.0.4951.54, chrome: {chromedriverVersion: 101.0.4951.41 (93c720db8323..., userDataDir: /tmp/.com.google.Chrome.flSrBZ}, goog:chromeOptions: {debuggerAddress: localhost:39159}, javascriptEnabled: true, networkConnectionEnabled: false, pageLoadStrategy: normal, platform: LINUX, platformName: LINUX, proxy: Proxy(), setWindowRect: true, strictFileInteractability: false, timeouts: {implicit: 0, pageLoad: 300000, script: 30000}, unhandledPromptBehavior: dismiss and notify, webauthn:extension:credBlob: true, webauthn:extension:largeBlob: true, webauthn:virtualAuthenticators: true}&#10;Session ID: 65b1e0c1df6c8ff96ba677fc15fb1b9d" type="org.openqa.selenium.ElementNotInteractableException">org.openqa.selenium.ElementNotInteractableException: element not interactable
  (Session info: headless chrome=101.0.4951.54)
Build info: version: '3.14.0', revision: 'aacccce0', time: '2018-08-02T20:19:58.91Z'
System info: host: 'ARS-NBT-LAP-068', ip: '192.168.121.30', os.name: 'Linux', os.arch: 'amd64', os.version: '5.13.0-51-generic', java.version: '1.8.0_312'
Driver info: org.openqa.selenium.chrome.ChromeDriver
Capabilities {acceptInsecureCerts: false, browserName: chrome, browserVersion: 101.0.4951.54, chrome: {chromedriverVersion: 101.0.4951.41 (93c720db8323..., userDataDir: /tmp/.com.google.Chrome.flSrBZ}, goog:chromeOptions: {debuggerAddress: localhost:39159}, javascriptEnabled: true, networkConnectionEnabled: false, pageLoadStrategy: normal, platform: LINUX, platformName: LINUX, proxy: Proxy(), setWindowRect: true, strictFileInteractability: false, timeouts: {implicit: 0, pageLoad: 300000, script: 30000}, unhandledPromptBehavior: dismiss and notify, webauthn:extension:credBlob: true, webauthn:extension:largeBlob: true, webauthn:virtualAuthenticators: true}
Session ID: 65b1e0c1df6c8ff96ba677fc15fb1b9d
	at sun.reflect.NativeConstructorAccessorImpl.newInstance0(Native Method)
	at sun.reflect.NativeConstructorAccessorImpl.newInstance(NativeConstructorAccessorImpl.java:62)
	at sun.reflect.DelegatingConstructorAccessorImpl.newInstance(DelegatingConstructorAccessorImpl.java:45)
	at java.lang.reflect.Constructor.newInstance(Constructor.java:423)
	at org.openqa.selenium.remote.http.W3CHttpResponseCodec.createException(W3CHttpResponseCodec.java:187)
	at org.openqa.selenium.remote.http.W3CHttpResponseCodec.decode(W3CHttpResponseCodec.java:122)
	at org.openqa.selenium.remote.http.W3CHttpResponseCodec.decode(W3CHttpResponseCodec.java:49)
	at org.openqa.selenium.remote.HttpCommandExecutor.execute(HttpCommandExecutor.java:158)
	at org.openqa.selenium.remote.service.DriverCommandExecutor.execute(DriverCommandExecutor.java:83)
	at org.openqa.selenium.remote.RemoteWebDriver.execute(RemoteWebDriver.java:548)
	at org.openqa.selenium.remote.RemoteWebElement.execute(RemoteWebElement.java:276)
	at org.openqa.selenium.remote.RemoteWebElement.sendKeys(RemoteWebElement.java:100)
	at sun.reflect.GeneratedMethodAccessor2.invoke(Unknown Source)
	at sun.reflect.DelegatingMethodAccessorImpl.invoke(DelegatingMethodAccessorImpl.java:43)
	at java.lang.reflect.Method.invoke(Method.java:498)
	at org.openqa.selenium.support.pagefactory.internal.LocatingElementHandler.invoke(LocatingElementHandler.java:51)
	at com.sun.proxy.$Proxy8.sendKeys(Unknown Source)
	at com.iBridge.pageobject.InitiateCaseIndividuallyExtended.professionalReference(InitiateCaseIndividuallyExtended.java:349)
	at com.iBridge.testcases.TC_InitiateCaseIndividuallyExtended_01.candidateLoginAccount(TC_InitiateCaseIndividuallyExtended_01.java:208)
</failure>
    <system-out><![CDATA[ INFO [main] (TC_InitiateCaseIndividuallyExtended_01.java:143)- iBridge Url is opened
 INFO [main] (TC_InitiateCaseIndividuallyExtended_01.java:146)- Candidate Login iBridge portal Url is opened
SJZ_8263_9723_77624===2Pj2QINzfa
 INFO [main] (TC_InitiateCaseIndividuallyExtended_01.java:152)- Entered User Id and Password!
 INFO [main] (TC_InitiateCaseIndividuallyExtended_01.java:155)- Step 3 - Candidate Summary Text has Verified successfully!
 INFO [main] (TC_InitiateCaseIndividuallyExtended_01.java:164)- Digital signature successfully!
 INFO [main] (TC_InitiateCaseIndividuallyExtended_01.java:168)- Candidate Profile Details Setup successfully!
 INFO [main] (TC_InitiateCaseIndividuallyExtended_01.java:173)- Candidate National Identity Details Setup successfully!
 INFO [main] (TC_InitiateCaseIndividuallyExtended_01.java:179)- Candidate Address details Setup Successfully!!
 INFO [main] (TC_InitiateCaseIndividuallyExtended_01.java:184)- Candidate Education details Setup successfully!
 INFO [main] (TC_InitiateCaseIndividuallyExtended_01.java:192)- Candidate Current Employment details Setup successfully!
 INFO [main] (TC_InitiateCaseIndividuallyExtended_01.java:201)- Candidate Previous Employment details Setup successfully!
 INFO [main] (TC_InitiateCaseIndividuallyExtended_01.java:205)- Filled Education To Employment Gap and clicked On Submit Button!
]]></system-out>
  </testcase>
  <testcase name="submittedForVerification" classname="com.iBridge.testcases.TC_InitiateCaseIndividuallyExtended_01" time="0">
    <skipped/>
  </testcase>
  <testcase name="submittedCasesTrackerWipCases" classname="com.iBridge.testcases.TC_InitiateCaseIndividuallyExtended_01" time="0">
    <skipped/>
  </testcase>
  <testcase name="searchClientArsNoCaseList" classname="com.iBridge.testcases.TC_InitiateCaseIndividuallyExtended_01" time="0">
    <skipped/>
  </testcase>
  <testcase name="verifyInsufficientDocsQcAllocator" classname="com.iBridge.testcases.TC_InitiateCaseIndividuallyExtended_01" time="0">
    <skipped/>
  </testcase>
  <testcase name="verifyInsufficientDocsQuality" classname="com.iBridge.testcases.TC_InitiateCaseIndividuallyExtended_01" time="0">
    <skipped/>
  </testcase>
  <testcase name="verifyInsufficientAllocator" classname="com.iBridge.testcases.TC_InitiateCaseIndividuallyExtended_01" time="0">
    <skipped/>
  </testcase>
</testsuite>