<?xml version="1.0" encoding="UTF-8"?>
<testng-results skipped="5" failed="1" ignored="0" total="7" passed="1">
  <reporter-output>
  </reporter-output>
  <suite name="iBridge" duration-ms="9074968" started-at="2022-07-08T14:51:42Z" finished-at="2022-07-08T17:22:57Z">
    <groups>
    </groups>
    <test name="iBridge17" duration-ms="9074968" started-at="2022-07-08T14:51:42Z" finished-at="2022-07-08T17:22:57Z">
      <class name="com.iBridge.testcases.TC_PrepaidSubmitCaseIndividuallyExtended_02">
        <test-method status="PASS" signature="setup(java.lang.String)[pri:0, instance:com.iBridge.testcases.TC_PrepaidSubmitCaseIndividuallyExtended_02@3cda1055]" name="setup" is-config="true" duration-ms="5313" started-at="2022-07-08T14:51:42Z" finished-at="2022-07-08T14:51:47Z">
          <params>
            <param index="0">
              <value>
                <![CDATA[chrome]]>
              </value>
            </param>
          </params>
          <reporter-output>
          </reporter-output>
        </test-method> <!-- setup -->
        <test-method status="PASS" signature="verifyEnpAdminLoginAccount()[pri:1, instance:com.iBridge.testcases.TC_PrepaidSubmitCaseIndividuallyExtended_02@3cda1055]" name="verifyEnpAdminLoginAccount" duration-ms="7441" started-at="2022-07-08T14:51:47Z" finished-at="2022-07-08T14:51:55Z">
          <reporter-output>
          </reporter-output>
        </test-method> <!-- verifyEnpAdminLoginAccount -->
        <test-method status="FAIL" signature="verifyPrepaidInitiateSubmitCaseIndividually()[pri:2, instance:com.iBridge.testcases.TC_PrepaidSubmitCaseIndividuallyExtended_02@3cda1055]" name="verifyPrepaidInitiateSubmitCaseIndividually" duration-ms="9061937" started-at="2022-07-08T14:51:55Z" depends-on-methods="com.iBridge.testcases.TC_PrepaidSubmitCaseIndividuallyExtended_02.verifyEnpAdminLoginAccount" finished-at="2022-07-08T17:22:57Z">
          <exception class="java.lang.IllegalArgumentException">
            <message>
              <![CDATA[Must provide a location for a move action.]]>
            </message>
            <full-stacktrace>
              <![CDATA[java.lang.IllegalArgumentException: Must provide a location for a move action.
at org.openqa.selenium.interactions.MoveMouseAction.<init>(MoveMouseAction.java:38)
at org.openqa.selenium.interactions.Actions.moveToElement(Actions.java:387)
at com.iBridge.pageobject.PrepaidSubmitCaseIndividuallyExtended.prepaidCandidateAddress(PrepaidSubmitCaseIndividuallyExtended.java:1213)
at com.iBridge.testcases.TC_PrepaidSubmitCaseIndividuallyExtended_02.verifyPrepaidInitiateSubmitCaseIndividually(TC_PrepaidSubmitCaseIndividuallyExtended_02.java:69)
at sun.reflect.NativeMethodAccessorImpl.invoke0(Native Method)
at sun.reflect.NativeMethodAccessorImpl.invoke(NativeMethodAccessorImpl.java:62)
at sun.reflect.DelegatingMethodAccessorImpl.invoke(DelegatingMethodAccessorImpl.java:43)
at java.lang.reflect.Method.invoke(Method.java:498)
at org.testng.internal.MethodInvocationHelper.invokeMethod(MethodInvocationHelper.java:124)
at org.testng.internal.Invoker.invokeMethod(Invoker.java:583)
at org.testng.internal.Invoker.invokeTestMethod(Invoker.java:719)
at org.testng.internal.Invoker.invokeTestMethods(Invoker.java:989)
at org.testng.internal.TestMethodWorker.invokeTestMethods(TestMethodWorker.java:125)
at org.testng.internal.TestMethodWorker.run(TestMethodWorker.java:109)
at org.testng.TestRunner.privateRun(TestRunner.java:648)
at org.testng.TestRunner.run(TestRunner.java:505)
at org.testng.SuiteRunner.runTest(SuiteRunner.java:455)
at org.testng.SuiteRunner.runSequentially(SuiteRunner.java:450)
at org.testng.SuiteRunner.privateRun(SuiteRunner.java:415)
at org.testng.SuiteRunner.run(SuiteRunner.java:364)
at org.testng.SuiteRunnerWorker.runSuite(SuiteRunnerWorker.java:52)
at org.testng.SuiteRunnerWorker.run(SuiteRunnerWorker.java:84)
at org.testng.TestNG.runSuitesSequentially(TestNG.java:1208)
at org.testng.TestNG.runSuitesLocally(TestNG.java:1137)
at org.testng.TestNG.runSuites(TestNG.java:1049)
at org.testng.TestNG.run(TestNG.java:1017)
at org.apache.maven.surefire.testng.TestNGExecutor.run(TestNGExecutor.java:295)
at org.apache.maven.surefire.testng.TestNGXmlTestSuite.execute(TestNGXmlTestSuite.java:84)
at org.apache.maven.surefire.testng.TestNGProvider.invoke(TestNGProvider.java:90)
at org.apache.maven.surefire.booter.ForkedBooter.invokeProviderInSameClassLoader(ForkedBooter.java:203)
at org.apache.maven.surefire.booter.ForkedBooter.runSuitesInProcess(ForkedBooter.java:155)
at org.apache.maven.surefire.booter.ForkedBooter.main(ForkedBooter.java:103)
]]>
            </full-stacktrace>
          </exception> <!-- java.lang.IllegalArgumentException -->
          <reporter-output>
          </reporter-output>
        </test-method> <!-- verifyPrepaidInitiateSubmitCaseIndividually -->
        <test-method status="SKIP" signature="verifyPrepaidAmountPayableValue()[pri:3, instance:com.iBridge.testcases.TC_PrepaidSubmitCaseIndividuallyExtended_02@3cda1055]" name="verifyPrepaidAmountPayableValue" duration-ms="0" started-at="2022-07-08T17:22:57Z" depends-on-methods="com.iBridge.testcases.TC_PrepaidSubmitCaseIndividuallyExtended_02.verifyPrepaidInitiateSubmitCaseIndividually" finished-at="2022-07-08T17:22:57Z">
          <exception class="java.lang.Throwable">
            <message>
              <![CDATA[Method TC_PrepaidSubmitCaseIndividuallyExtended_02.verifyPrepaidAmountPayableValue()[pri:3, instance:com.iBridge.testcases.TC_PrepaidSubmitCaseIndividuallyExtended_02@3cda1055] depends on not successfully finished methods]]>
            </message>
            <full-stacktrace>
              <![CDATA[java.lang.Throwable: Method TC_PrepaidSubmitCaseIndividuallyExtended_02.verifyPrepaidAmountPayableValue()[pri:3, instance:com.iBridge.testcases.TC_PrepaidSubmitCaseIndividuallyExtended_02@3cda1055] depends on not successfully finished methods
at org.testng.internal.Invoker.invokeTestMethods(Invoker.java:888)
at org.testng.internal.TestMethodWorker.invokeTestMethods(TestMethodWorker.java:125)
at org.testng.internal.TestMethodWorker.run(TestMethodWorker.java:109)
at org.testng.TestRunner.privateRun(TestRunner.java:648)
at org.testng.TestRunner.run(TestRunner.java:505)
at org.testng.SuiteRunner.runTest(SuiteRunner.java:455)
at org.testng.SuiteRunner.runSequentially(SuiteRunner.java:450)
at org.testng.SuiteRunner.privateRun(SuiteRunner.java:415)
at org.testng.SuiteRunner.run(SuiteRunner.java:364)
at org.testng.SuiteRunnerWorker.runSuite(SuiteRunnerWorker.java:52)
at org.testng.SuiteRunnerWorker.run(SuiteRunnerWorker.java:84)
at org.testng.TestNG.runSuitesSequentially(TestNG.java:1208)
at org.testng.TestNG.runSuitesLocally(TestNG.java:1137)
at org.testng.TestNG.runSuites(TestNG.java:1049)
at org.testng.TestNG.run(TestNG.java:1017)
at org.apache.maven.surefire.testng.TestNGExecutor.run(TestNGExecutor.java:295)
at org.apache.maven.surefire.testng.TestNGXmlTestSuite.execute(TestNGXmlTestSuite.java:84)
at org.apache.maven.surefire.testng.TestNGProvider.invoke(TestNGProvider.java:90)
at org.apache.maven.surefire.booter.ForkedBooter.invokeProviderInSameClassLoader(ForkedBooter.java:203)
at org.apache.maven.surefire.booter.ForkedBooter.runSuitesInProcess(ForkedBooter.java:155)
at org.apache.maven.surefire.booter.ForkedBooter.main(ForkedBooter.java:103)
]]>
            </full-stacktrace>
          </exception> <!-- java.lang.Throwable -->
          <reporter-output>
          </reporter-output>
        </test-method> <!-- verifyPrepaidAmountPayableValue -->
        <test-method status="SKIP" signature="verifyPrepaidPaymentPendingCases()[pri:4, instance:com.iBridge.testcases.TC_PrepaidSubmitCaseIndividuallyExtended_02@3cda1055]" name="verifyPrepaidPaymentPendingCases" duration-ms="0" started-at="2022-07-08T17:22:57Z" depends-on-methods="com.iBridge.testcases.TC_PrepaidSubmitCaseIndividuallyExtended_02.verifyPrepaidAmountPayableValue" finished-at="2022-07-08T17:22:57Z">
          <exception class="java.lang.Throwable">
            <message>
              <![CDATA[Method TC_PrepaidSubmitCaseIndividuallyExtended_02.verifyPrepaidPaymentPendingCases()[pri:4, instance:com.iBridge.testcases.TC_PrepaidSubmitCaseIndividuallyExtended_02@3cda1055] depends on not successfully finished methods]]>
            </message>
            <full-stacktrace>
              <![CDATA[java.lang.Throwable: Method TC_PrepaidSubmitCaseIndividuallyExtended_02.verifyPrepaidPaymentPendingCases()[pri:4, instance:com.iBridge.testcases.TC_PrepaidSubmitCaseIndividuallyExtended_02@3cda1055] depends on not successfully finished methods
at org.testng.internal.Invoker.invokeTestMethods(Invoker.java:888)
at org.testng.internal.TestMethodWorker.invokeTestMethods(TestMethodWorker.java:125)
at org.testng.internal.TestMethodWorker.run(TestMethodWorker.java:109)
at org.testng.TestRunner.privateRun(TestRunner.java:648)
at org.testng.TestRunner.run(TestRunner.java:505)
at org.testng.SuiteRunner.runTest(SuiteRunner.java:455)
at org.testng.SuiteRunner.runSequentially(SuiteRunner.java:450)
at org.testng.SuiteRunner.privateRun(SuiteRunner.java:415)
at org.testng.SuiteRunner.run(SuiteRunner.java:364)
at org.testng.SuiteRunnerWorker.runSuite(SuiteRunnerWorker.java:52)
at org.testng.SuiteRunnerWorker.run(SuiteRunnerWorker.java:84)
at org.testng.TestNG.runSuitesSequentially(TestNG.java:1208)
at org.testng.TestNG.runSuitesLocally(TestNG.java:1137)
at org.testng.TestNG.runSuites(TestNG.java:1049)
at org.testng.TestNG.run(TestNG.java:1017)
at org.apache.maven.surefire.testng.TestNGExecutor.run(TestNGExecutor.java:295)
at org.apache.maven.surefire.testng.TestNGXmlTestSuite.execute(TestNGXmlTestSuite.java:84)
at org.apache.maven.surefire.testng.TestNGProvider.invoke(TestNGProvider.java:90)
at org.apache.maven.surefire.booter.ForkedBooter.invokeProviderInSameClassLoader(ForkedBooter.java:203)
at org.apache.maven.surefire.booter.ForkedBooter.runSuitesInProcess(ForkedBooter.java:155)
at org.apache.maven.surefire.booter.ForkedBooter.main(ForkedBooter.java:103)
]]>
            </full-stacktrace>
          </exception> <!-- java.lang.Throwable -->
          <reporter-output>
          </reporter-output>
        </test-method> <!-- verifyPrepaidPaymentPendingCases -->
        <test-method status="SKIP" signature="verifysubmittedForVerificationBucket()[pri:5, instance:com.iBridge.testcases.TC_PrepaidSubmitCaseIndividuallyExtended_02@3cda1055]" name="verifysubmittedForVerificationBucket" duration-ms="0" started-at="2022-07-08T17:22:57Z" depends-on-methods="com.iBridge.testcases.TC_PrepaidSubmitCaseIndividuallyExtended_02.verifyPrepaidPaymentPendingCases" finished-at="2022-07-08T17:22:57Z">
          <exception class="java.lang.Throwable">
            <message>
              <![CDATA[Method TC_PrepaidSubmitCaseIndividuallyExtended_02.verifysubmittedForVerificationBucket()[pri:5, instance:com.iBridge.testcases.TC_PrepaidSubmitCaseIndividuallyExtended_02@3cda1055] depends on not successfully finished methods]]>
            </message>
            <full-stacktrace>
              <![CDATA[java.lang.Throwable: Method TC_PrepaidSubmitCaseIndividuallyExtended_02.verifysubmittedForVerificationBucket()[pri:5, instance:com.iBridge.testcases.TC_PrepaidSubmitCaseIndividuallyExtended_02@3cda1055] depends on not successfully finished methods
at org.testng.internal.Invoker.invokeTestMethods(Invoker.java:888)
at org.testng.internal.TestMethodWorker.invokeTestMethods(TestMethodWorker.java:125)
at org.testng.internal.TestMethodWorker.run(TestMethodWorker.java:109)
at org.testng.TestRunner.privateRun(TestRunner.java:648)
at org.testng.TestRunner.run(TestRunner.java:505)
at org.testng.SuiteRunner.runTest(SuiteRunner.java:455)
at org.testng.SuiteRunner.runSequentially(SuiteRunner.java:450)
at org.testng.SuiteRunner.privateRun(SuiteRunner.java:415)
at org.testng.SuiteRunner.run(SuiteRunner.java:364)
at org.testng.SuiteRunnerWorker.runSuite(SuiteRunnerWorker.java:52)
at org.testng.SuiteRunnerWorker.run(SuiteRunnerWorker.java:84)
at org.testng.TestNG.runSuitesSequentially(TestNG.java:1208)
at org.testng.TestNG.runSuitesLocally(TestNG.java:1137)
at org.testng.TestNG.runSuites(TestNG.java:1049)
at org.testng.TestNG.run(TestNG.java:1017)
at org.apache.maven.surefire.testng.TestNGExecutor.run(TestNGExecutor.java:295)
at org.apache.maven.surefire.testng.TestNGXmlTestSuite.execute(TestNGXmlTestSuite.java:84)
at org.apache.maven.surefire.testng.TestNGProvider.invoke(TestNGProvider.java:90)
at org.apache.maven.surefire.booter.ForkedBooter.invokeProviderInSameClassLoader(ForkedBooter.java:203)
at org.apache.maven.surefire.booter.ForkedBooter.runSuitesInProcess(ForkedBooter.java:155)
at org.apache.maven.surefire.booter.ForkedBooter.main(ForkedBooter.java:103)
]]>
            </full-stacktrace>
          </exception> <!-- java.lang.Throwable -->
          <reporter-output>
          </reporter-output>
        </test-method> <!-- verifysubmittedForVerificationBucket -->
        <test-method status="SKIP" signature="searchClientArsNoCaseList()[pri:7, instance:com.iBridge.testcases.TC_PrepaidSubmitCaseIndividuallyExtended_02@3cda1055]" name="searchClientArsNoCaseList" duration-ms="0" started-at="2022-07-08T17:22:57Z" depends-on-methods="com.iBridge.testcases.TC_PrepaidSubmitCaseIndividuallyExtended_02.submittedCasesTrackerWipCases" finished-at="2022-07-08T17:22:57Z">
          <exception class="java.lang.Throwable">
            <message>
              <![CDATA[Method TC_PrepaidSubmitCaseIndividuallyExtended_02.searchClientArsNoCaseList()[pri:7, instance:com.iBridge.testcases.TC_PrepaidSubmitCaseIndividuallyExtended_02@3cda1055] depends on not successfully finished methods]]>
            </message>
            <full-stacktrace>
              <![CDATA[java.lang.Throwable: Method TC_PrepaidSubmitCaseIndividuallyExtended_02.searchClientArsNoCaseList()[pri:7, instance:com.iBridge.testcases.TC_PrepaidSubmitCaseIndividuallyExtended_02@3cda1055] depends on not successfully finished methods
at org.testng.internal.Invoker.invokeTestMethods(Invoker.java:888)
at org.testng.internal.TestMethodWorker.invokeTestMethods(TestMethodWorker.java:125)
at org.testng.internal.TestMethodWorker.run(TestMethodWorker.java:109)
at org.testng.TestRunner.privateRun(TestRunner.java:648)
at org.testng.TestRunner.run(TestRunner.java:505)
at org.testng.SuiteRunner.runTest(SuiteRunner.java:455)
at org.testng.SuiteRunner.runSequentially(SuiteRunner.java:450)
at org.testng.SuiteRunner.privateRun(SuiteRunner.java:415)
at org.testng.SuiteRunner.run(SuiteRunner.java:364)
at org.testng.SuiteRunnerWorker.runSuite(SuiteRunnerWorker.java:52)
at org.testng.SuiteRunnerWorker.run(SuiteRunnerWorker.java:84)
at org.testng.TestNG.runSuitesSequentially(TestNG.java:1208)
at org.testng.TestNG.runSuitesLocally(TestNG.java:1137)
at org.testng.TestNG.runSuites(TestNG.java:1049)
at org.testng.TestNG.run(TestNG.java:1017)
at org.apache.maven.surefire.testng.TestNGExecutor.run(TestNGExecutor.java:295)
at org.apache.maven.surefire.testng.TestNGXmlTestSuite.execute(TestNGXmlTestSuite.java:84)
at org.apache.maven.surefire.testng.TestNGProvider.invoke(TestNGProvider.java:90)
at org.apache.maven.surefire.booter.ForkedBooter.invokeProviderInSameClassLoader(ForkedBooter.java:203)
at org.apache.maven.surefire.booter.ForkedBooter.runSuitesInProcess(ForkedBooter.java:155)
at org.apache.maven.surefire.booter.ForkedBooter.main(ForkedBooter.java:103)
]]>
            </full-stacktrace>
          </exception> <!-- java.lang.Throwable -->
          <reporter-output>
          </reporter-output>
        </test-method> <!-- searchClientArsNoCaseList -->
        <test-method status="SKIP" signature="submittedCasesTrackerWipCases()[pri:6, instance:com.iBridge.testcases.TC_PrepaidSubmitCaseIndividuallyExtended_02@3cda1055]" name="submittedCasesTrackerWipCases" duration-ms="0" started-at="2022-07-08T17:22:57Z" depends-on-methods="com.iBridge.testcases.TC_PrepaidSubmitCaseIndividuallyExtended_02.verifysubmittedForVerificationBucket" finished-at="2022-07-08T17:22:57Z">
          <exception class="java.lang.Throwable">
            <message>
              <![CDATA[Method TC_PrepaidSubmitCaseIndividuallyExtended_02.submittedCasesTrackerWipCases()[pri:6, instance:com.iBridge.testcases.TC_PrepaidSubmitCaseIndividuallyExtended_02@3cda1055] depends on not successfully finished methods]]>
            </message>
            <full-stacktrace>
              <![CDATA[java.lang.Throwable: Method TC_PrepaidSubmitCaseIndividuallyExtended_02.submittedCasesTrackerWipCases()[pri:6, instance:com.iBridge.testcases.TC_PrepaidSubmitCaseIndividuallyExtended_02@3cda1055] depends on not successfully finished methods
at org.testng.internal.Invoker.invokeTestMethods(Invoker.java:888)
at org.testng.internal.TestMethodWorker.invokeTestMethods(TestMethodWorker.java:125)
at org.testng.internal.TestMethodWorker.run(TestMethodWorker.java:109)
at org.testng.TestRunner.privateRun(TestRunner.java:648)
at org.testng.TestRunner.run(TestRunner.java:505)
at org.testng.SuiteRunner.runTest(SuiteRunner.java:455)
at org.testng.SuiteRunner.runSequentially(SuiteRunner.java:450)
at org.testng.SuiteRunner.privateRun(SuiteRunner.java:415)
at org.testng.SuiteRunner.run(SuiteRunner.java:364)
at org.testng.SuiteRunnerWorker.runSuite(SuiteRunnerWorker.java:52)
at org.testng.SuiteRunnerWorker.run(SuiteRunnerWorker.java:84)
at org.testng.TestNG.runSuitesSequentially(TestNG.java:1208)
at org.testng.TestNG.runSuitesLocally(TestNG.java:1137)
at org.testng.TestNG.runSuites(TestNG.java:1049)
at org.testng.TestNG.run(TestNG.java:1017)
at org.apache.maven.surefire.testng.TestNGExecutor.run(TestNGExecutor.java:295)
at org.apache.maven.surefire.testng.TestNGXmlTestSuite.execute(TestNGXmlTestSuite.java:84)
at org.apache.maven.surefire.testng.TestNGProvider.invoke(TestNGProvider.java:90)
at org.apache.maven.surefire.booter.ForkedBooter.invokeProviderInSameClassLoader(ForkedBooter.java:203)
at org.apache.maven.surefire.booter.ForkedBooter.runSuitesInProcess(ForkedBooter.java:155)
at org.apache.maven.surefire.booter.ForkedBooter.main(ForkedBooter.java:103)
]]>
            </full-stacktrace>
          </exception> <!-- java.lang.Throwable -->
          <reporter-output>
          </reporter-output>
        </test-method> <!-- submittedCasesTrackerWipCases -->
      </class> <!-- com.iBridge.testcases.TC_PrepaidSubmitCaseIndividuallyExtended_02 -->
    </test> <!-- iBridge17 -->
  </suite> <!-- iBridge -->
</testng-results>
