<?xml version="1.0" encoding="UTF-8"?>
<testsuite name="TestSuite" time="96.069" tests="7" errors="0" skipped="5" failures="1">
  <properties>
[...]
</properties>
  <testcase name="verifyEnpAdminLoginAccount" classname="com.iBridge.testcases.TC_PrepaidSubmitCaseIndividuallyExtended_02" time="6.287"/>
  <testcase name="verifyPrepaidInitiateSubmitCaseIndividually" classname="com.iBridge.testcases.TC_PrepaidSubmitCaseIndividuallyExtended_02" time="89.782">
    <failure message="element click intercepted: Element &lt;button type=&quot;submit&quot; name=&quot;continue&quot; value=&quot;Continue&quot; class=&quot;new-continue-btn pull-right&quot; id=&quot;profileSubmitForm&quot;&gt;...&lt;/button&gt; is not clickable at point (866, 537). Other element would receive the click: &lt;div class=&quot;loader_div&quot; style=&quot;&quot;&gt;...&lt;/div&gt;&#10;  (Session info: chrome=101.0.4951.54)&#10;Build info: version: &apos;3.14.0&apos;, revision: &apos;aacccce0&apos;, time: &apos;2018-08-02T20:19:58.91Z&apos;&#10;System info: host: &apos;ARS-NBT-LAP-068&apos;, ip: &apos;192.168.223.30&apos;, os.name: &apos;Linux&apos;, os.arch: &apos;amd64&apos;, os.version: &apos;5.13.0-51-generic&apos;, java.version: &apos;1.8.0_312&apos;&#10;Driver info: org.openqa.selenium.chrome.ChromeDriver&#10;Capabilities {acceptInsecureCerts: false, browserName: chrome, browserVersion: 101.0.4951.54, chrome: {chromedriverVersion: 101.0.4951.41 (93c720db8323..., userDataDir: /tmp/.com.google.Chrome.zU09kD}, goog:chromeOptions: {debuggerAddress: localhost:42143}, javascriptEnabled: true, networkConnectionEnabled: false, pageLoadStrategy: normal, platform: LINUX, platformName: LINUX, proxy: Proxy(), setWindowRect: true, strictFileInteractability: false, timeouts: {implicit: 0, pageLoad: 300000, script: 30000}, unhandledPromptBehavior: dismiss and notify, webauthn:extension:credBlob: true, webauthn:extension:largeBlob: true, webauthn:virtualAuthenticators: true}&#10;Session ID: 94d82f15b69aab8e99f5496605b40f6d" type="org.openqa.selenium.ElementClickInterceptedException"><![CDATA[org.openqa.selenium.ElementClickInterceptedException: element click intercepted: Element <button type="submit" name="continue" value="Continue" class="new-continue-btn pull-right" id="profileSubmitForm">...</button> is not clickable at point (866, 537). Other element would receive the click: <div class="loader_div" style="">...</div>
  (Session info: chrome=101.0.4951.54)
Build info: version: '3.14.0', revision: 'aacccce0', time: '2018-08-02T20:19:58.91Z'
System info: host: 'ARS-NBT-LAP-068', ip: '192.168.223.30', os.name: 'Linux', os.arch: 'amd64', os.version: '5.13.0-51-generic', java.version: '1.8.0_312'
Driver info: org.openqa.selenium.chrome.ChromeDriver
Capabilities {acceptInsecureCerts: false, browserName: chrome, browserVersion: 101.0.4951.54, chrome: {chromedriverVersion: 101.0.4951.41 (93c720db8323..., userDataDir: /tmp/.com.google.Chrome.zU09kD}, goog:chromeOptions: {debuggerAddress: localhost:42143}, javascriptEnabled: true, networkConnectionEnabled: false, pageLoadStrategy: normal, platform: LINUX, platformName: LINUX, proxy: Proxy(), setWindowRect: true, strictFileInteractability: false, timeouts: {implicit: 0, pageLoad: 300000, script: 30000}, unhandledPromptBehavior: dismiss and notify, webauthn:extension:credBlob: true, webauthn:extension:largeBlob: true, webauthn:virtualAuthenticators: true}
Session ID: 94d82f15b69aab8e99f5496605b40f6d
	at sun.reflect.NativeConstructorAccessorImpl.newInstance0(Native Method)
	at sun.reflect.NativeConstructorAccessorImpl.newInstance(NativeConstructorAccessorImpl.java:62)
	at sun.reflect.DelegatingConstructorAccessorImpl.newInstance(DelegatingConstructorAccessorImpl.java:45)
	at java.lang.reflect.Constructor.newInstance(Constructor.java:423)
	at org.openqa.selenium.remote.http.W3CHttpResponseCodec.createException(W3CHttpResponseCodec.java:187)
	at org.openqa.selenium.remote.http.W3CHttpResponseCodec.decode(W3CHttpResponseCodec.java:122)
	at org.openqa.selenium.remote.http.W3CHttpResponseCodec.decode(W3CHttpResponseCodec.java:49)
	at org.openqa.selenium.remote.HttpCommandExecutor.execute(HttpCommandExecutor.java:158)
	at org.openqa.selenium.remote.service.DriverCommandExecutor.execute(DriverCommandExecutor.java:83)
	at org.openqa.selenium.remote.RemoteWebDriver.execute(RemoteWebDriver.java:548)
	at org.openqa.selenium.remote.RemoteWebElement.execute(RemoteWebElement.java:276)
	at org.openqa.selenium.remote.RemoteWebElement.click(RemoteWebElement.java:83)
	at sun.reflect.NativeMethodAccessorImpl.invoke0(Native Method)
	at sun.reflect.NativeMethodAccessorImpl.invoke(NativeMethodAccessorImpl.java:62)
	at sun.reflect.DelegatingMethodAccessorImpl.invoke(DelegatingMethodAccessorImpl.java:43)
	at java.lang.reflect.Method.invoke(Method.java:498)
	at org.openqa.selenium.support.pagefactory.internal.LocatingElementHandler.invoke(LocatingElementHandler.java:51)
	at com.sun.proxy.$Proxy8.click(Unknown Source)
	at com.iBridge.pageobject.PrepaidSubmitCaseIndividuallyExtended.prepaidCandidateAddress(PrepaidSubmitCaseIndividuallyExtended.java:1339)
	at com.iBridge.testcases.TC_PrepaidSubmitCaseIndividuallyExtended_02.verifyPrepaidInitiateSubmitCaseIndividually(TC_PrepaidSubmitCaseIndividuallyExtended_02.java:69)
]]></failure>
    <system-out><![CDATA[ INFO [main] (TC_PrepaidSubmitCaseIndividuallyExtended_02.java:50)- Initial submit case individually has successfully!
 INFO [main] (TC_PrepaidSubmitCaseIndividuallyExtended_02.java:52)- Upload Individual's Authorization Successfully!
 INFO [main] (TC_PrepaidSubmitCaseIndividuallyExtended_02.java:64)- Candidate Information Setup Successfully!
















Work In Progress
Insuffficient Cases
On Hold Cases
Completed Cases

Pending Initiation
Pending Submission
Pending Payment
Submitted for Verification
Withdrawn



























































































































Back to Top









Please Complete previous tabs first.









































































































































































































































































































































The case you entered will be discarded
Irrespective of matching record(s), new case will be initiated in selected package
 INFO [main] (TC_PrepaidSubmitCaseIndividuallyExtended_02.java:66)- Candidate Additional Information Setup Successfully!


user-id
case-user-id
comp-id


ars-filter
name-filter
email-filter

mobile-no-filter
dob-filter




















filter-initiation-date-from
filter-initiation-date-to
filter-due-complete-date-from
filter-due-complete-date-to
filter-submission-date-from
filter-submission-date-to


first-name
middle-name
last-name
email-address
profile-dob

mobile-no

alternate-mobile-no
father-name
parental_consent_file
is-candidate-duplicate
is-ignore-duplicate
id
is_cv_enable
caseflexfielddata-1
caseflexfielddata-2
caseflexfielddata-3
caseflexfielddata-4
caseflexfielddata-5
caseflexfielddata-6













cc_email_address
CASE_FLEX_FIELD1
CASE_FLEX_FIELD2
CASE_FLEX_FIELD3
CASE_FLEX_FIELD4
CASE_FLEX_FIELD5
CASE_FLEX_FIELD6









_method
_csrfToken
user_id
case_user_id
comp_id
_method
_csrfToken
ars_number
name
email

mobile_no
date_of_birth
severity



















initiation_date_from
initiation_date_to
due_complete_date_from
due_complete_date_to
submission_date_from
submission_date_to
_method
_csrfToken
first_name
middle_name
last_name
email_address
date_of_birth

mobile_no

alternate_mobile_no
father_name
parental_consent_file
is_candidate_duplicate
is_ignore_duplicate
id
is_cv_enable
CaseFlexFieldData[1]
CaseFlexFieldData[2]
CaseFlexFieldData[3]
CaseFlexFieldData[4]
CaseFlexFieldData[5]
CaseFlexFieldData[6]
_method
_csrfToken
action_name
selected_ids
action_taken_from

_method
_csrfToken
case_id
up_docs[]
_method
_csrfToken
case_id
cc_email_address
CaseFlexFieldData[1]
CaseFlexFieldData[2]
CaseFlexFieldData[3]
CaseFlexFieldData[4]
CaseFlexFieldData[5]
CaseFlexFieldData[6]
_method
_csrfToken
case_id
_method
_csrfToken
action_name
selected_ids
action_taken_from



user-id
case-user-id
comp-id


ars-filter
name-filter
email-filter

mobile-no-filter
dob-filter




















filter-initiation-date-from
filter-initiation-date-to
filter-due-complete-date-from
filter-due-complete-date-to
filter-submission-date-from
filter-submission-date-to


first-name
middle-name
last-name
email-address
profile-dob

mobile-no

alternate-mobile-no
father-name
parental_consent_file
is-candidate-duplicate
is-ignore-duplicate
id
is_cv_enable
caseflexfielddata-1
caseflexfielddata-2
caseflexfielddata-3
caseflexfielddata-4
caseflexfielddata-5
caseflexfielddata-6













cc_email_address
CASE_FLEX_FIELD1
CASE_FLEX_FIELD2
CASE_FLEX_FIELD3
CASE_FLEX_FIELD4
CASE_FLEX_FIELD5
CASE_FLEX_FIELD6










Submit








continue
]]></system-out>
  </testcase>
  <testcase name="verifyPrepaidAmountPayableValue" classname="com.iBridge.testcases.TC_PrepaidSubmitCaseIndividuallyExtended_02" time="0">
    <skipped/>
  </testcase>
  <testcase name="verifyPrepaidPaymentPendingCases" classname="com.iBridge.testcases.TC_PrepaidSubmitCaseIndividuallyExtended_02" time="0">
    <skipped/>
  </testcase>
  <testcase name="verifysubmittedForVerificationBucket" classname="com.iBridge.testcases.TC_PrepaidSubmitCaseIndividuallyExtended_02" time="0">
    <skipped/>
  </testcase>
  <testcase name="submittedCasesTrackerWipCases" classname="com.iBridge.testcases.TC_PrepaidSubmitCaseIndividuallyExtended_02" time="0">
    <skipped/>
  </testcase>
  <testcase name="searchClientArsNoCaseList" classname="com.iBridge.testcases.TC_PrepaidSubmitCaseIndividuallyExtended_02" time="0">
    <skipped/>
  </testcase>
</testsuite>